\BOOKMARK [0][-]{chapter.1}{\376\377\000M\000e\000d\000i\000d\000a\000s}{}% 1
\BOOKMARK [1][-]{section.1.1}{\376\377\000I\000n\000t\000r\000o\000d\000u\000c\000c\000i\000\363\000n}{chapter.1}% 2
\BOOKMARK [1][-]{section.1.2}{\376\377\000I\000d\000e\000a\000\040\000v\000a\000g\000a\000\040\000d\000e\000\040\000l\000a\000\040\000m\000e\000d\000i\000d\000a\000\040\000y\000\040\000d\000e\000\040\000l\000a\000\040\000i\000n\000t\000e\000g\000r\000a\000l\000\040\000d\000e\000\040\000L\000e\000b\000e\000s\000g\000u\000e}{chapter.1}% 3
\BOOKMARK [1][-]{section.1.3}{\376\377\000\301\000l\000g\000e\000b\000r\000a\000s\000\040\000y\000\040\000-\000\341\000l\000g\000b\000e\000r\000a\000s}{chapter.1}% 4
\BOOKMARK [1][-]{section.1.4}{\376\377\000L\000a\000\040\000-\000\341\000l\000g\000e\000b\000r\000a\000\040\000d\000e\000\040\000B\000o\000r\000e\000l\000\040\000d\000e\000\040\000R\000\040\000y\000\040\000d\000e\000\040\000R\000n}{chapter.1}% 5
\BOOKMARK [1][-]{section.1.5}{\376\377\000M\000e\000d\000i\000d\000a\000s}{chapter.1}% 6
\BOOKMARK [2][-]{subsection.1.5.1}{\376\377\000M\000e\000d\000i\000d\000a\000s\000\040\000f\000i\000n\000i\000t\000a\000m\000e\000n\000t\000e\000\040\000a\000d\000i\000t\000i\000v\000a\000s}{section.1.5}% 7
\BOOKMARK [2][-]{subsection.1.5.2}{\376\377\000M\000e\000d\000i\000d\000a\000s\000\040\000\050\000o\000\040\000m\000e\000d\000i\000d\000a\000s\000\040\000n\000u\000m\000e\000r\000a\000b\000l\000e\000m\000e\000n\000t\000e\000\040\000a\000d\000i\000t\000i\000v\000a\000s\000\051}{section.1.5}% 8
\BOOKMARK [1][-]{section.1.6}{\376\377\000I\000n\000t\000r\000o\000d\000u\000c\000c\000i\000\363\000n\000\040\000a\000\040\000l\000a\000\040\000m\000e\000d\000i\000d\000a\000\040\000d\000e\000\040\000L\000e\000b\000e\000s\000g\000u\000e}{chapter.1}% 9
\BOOKMARK [2][-]{subsection.1.6.1}{\376\377\000P\000r\000e\000l\000i\000m\000i\000n\000a\000r\000e\000s}{section.1.6}% 10
\BOOKMARK [2][-]{subsection.1.6.2}{\376\377\000L\000a\000\040\000m\000e\000d\000i\000d\000a\000\040\000e\000x\000t\000e\000r\000i\000o\000r\000\040\000d\000e\000\040\000L\000e\000b\000e\000s\000g\000u\000e}{section.1.6}% 11
\BOOKMARK [2][-]{subsection.1.6.3}{\376\377\000L\000a\000\040\000m\000e\000d\000i\000d\000a\000\040\000d\000e\000\040\000L\000e\000b\000e\000s\000g\000u\000e}{section.1.6}% 12
\BOOKMARK [2][-]{subsection.1.6.4}{\376\377\000E\000l\000\040\000c\000o\000n\000j\000u\000n\000t\000o\000\040\000d\000e\000\040\000C\000a\000n\000t\000o\000r}{section.1.6}% 13
\BOOKMARK [2][-]{subsection.1.6.5}{\376\377\000C\000o\000m\000p\000l\000e\000t\000a\000c\000i\000\363\000n\000\040\000d\000e\000\040\000\050\000R\000n\000,\000\040\000B\000R\000n\000,\000\040\000m\000\051}{section.1.6}% 14
\BOOKMARK [0][-]{chapter.2}{\376\377\000F\000u\000n\000c\000i\000o\000n\000e\000s\000\040\000m\000e\000d\000i\000b\000l\000e\000s}{}% 15
\BOOKMARK [1][-]{section.2.1}{\376\377\000F\000u\000n\000c\000i\000o\000n\000e\000s\000\040\000m\000e\000d\000i\000b\000l\000e\000s}{chapter.2}% 16
\BOOKMARK [2][-]{subsection.2.1.1}{\376\377\000E\000l\000\040\000c\000a\000s\000o\000\040\000d\000e\000\040\000R\000n}{section.2.1}% 17
\BOOKMARK [1][-]{section.2.2}{\376\377\000O\000p\000e\000r\000a\000c\000i\000o\000n\000e\000s\000\040\000c\000o\000n\000\040\000f\000u\000n\000c\000i\000o\000n\000e\000s\000\040\000m\000e\000d\000i\000b\000l\000e\000s}{chapter.2}% 18
\BOOKMARK [1][-]{section.2.3}{\376\377\000C\000o\000n\000j\000u\000n\000t\000o\000s\000\040\000m\000e\000d\000i\000b\000l\000e\000s\000\040\000d\000e\000t\000e\000r\000m\000i\000n\000a\000d\000o\000s\000\040\000p\000o\000r\000\040\000f\000u\000n\000c\000i\000o\000n\000e\000s\000\040\000m\000e\000d\000i\000b\000l\000e\000s}{chapter.2}% 19
\BOOKMARK [1][-]{section.2.4}{\376\377\000L\000\355\000m\000i\000t\000e\000\040\000d\000e\000\040\000s\000u\000c\000e\000s\000i\000o\000n\000e\000s\000\040\000d\000e\000\040\000f\000u\000n\000c\000i\000o\000n\000e\000s\000\040\000m\000e\000d\000i\000b\000l\000e\000s}{chapter.2}% 20
\BOOKMARK [1][-]{section.2.5}{\376\377\000F\000u\000n\000c\000i\000o\000n\000e\000s\000\040\000m\000e\000d\000i\000b\000l\000e\000s\000\040\000c\000o\000n\000\040\000v\000a\000l\000o\000r\000e\000s\000\040\000e\000n\000\040\000[\000-\000,\000\040\000+\000]}{chapter.2}% 21
\BOOKMARK [2][-]{subsection.2.5.1}{\376\377\000R\000\040\000=\000\040\000[\000-\000,\000+\000]\000:\000\040\000o\000r\000d\000e\000n\000\040\000y\000\040\000o\000p\000e\000r\000a\000c\000i\000o\000n\000e\000s}{section.2.5}% 22
\BOOKMARK [2][-]{subsection.2.5.2}{\376\377\000L\000\355\000m\000i\000t\000e\000s\000\040\000e\000n\000\040\000R}{section.2.5}% 23
\BOOKMARK [2][-]{subsection.2.5.3}{\376\377\000T\000o\000p\000o\000l\000o\000g\000\355\000a\000\040\000y\000\040\000-\000\341\000l\000g\000e\000b\000r\000a\000\040\000d\000e\000\040\000B\000o\000r\000e\000l\000\040\000e\000n\000\040\000R}{section.2.5}% 24
\BOOKMARK [2][-]{subsection.2.5.4}{\376\377\000F\000u\000n\000c\000i\000o\000n\000e\000s\000\040\000m\000e\000d\000i\000b\000l\000e\000s\000\040\000c\000o\000n\000\040\000v\000a\000l\000o\000r\000e\000s\000\040\000e\000n\000\040\000R}{section.2.5}% 25
\BOOKMARK [2][-]{subsection.2.5.5}{\376\377\000E\000l\000\040\000c\000a\000s\000o\000\040\000d\000e\000\040\000R\000n}{section.2.5}% 26
\BOOKMARK [2][-]{subsection.2.5.6}{\376\377\000C\000o\000n\000j\000u\000n\000t\000o\000s\000\040\000m\000e\000d\000i\000b\000l\000e\000s\000\040\000d\000e\000t\000e\000r\000m\000i\000n\000a\000d\000o\000s\000\040\000p\000o\000r\000\040\000f\000u\000n\000c\000i\000o\000n\000e\000s\000\040\000m\000e\000d\000i\000b\000l\000e\000s}{section.2.5}% 27
\BOOKMARK [2][-]{subsection.2.5.7}{\376\377\000O\000p\000e\000r\000a\000c\000i\000o\000n\000e\000s\000\040\000c\000o\000n\000\040\000f\000u\000n\000c\000i\000o\000n\000e\000s\000\040\000m\000e\000d\000i\000b\000l\000e\000s}{section.2.5}% 28
\BOOKMARK [1][-]{section.2.6}{\376\377\000S\000u\000p\000r\000e\000m\000o\000\040\000e\000\040\000\355\000n\000f\000i\000m\000o\000\040\000d\000e\000\040\000s\000u\000c\000e\000s\000i\000o\000n\000e\000s\000\040\000d\000e\000\040\000f\000u\000n\000c\000i\000o\000n\000e\000s\000\040\000m\000e\000d\000i\000b\000l\000e\000s}{chapter.2}% 29
\BOOKMARK [2][-]{subsection.2.6.1}{\376\377\000L\000\355\000m\000i\000t\000e\000s\000\040\000i\000n\000f\000e\000r\000i\000o\000r\000\040\000y\000\040\000s\000u\000p\000e\000r\000i\000o\000r}{section.2.6}% 30
\BOOKMARK [1][-]{section.2.7}{\376\377\000F\000u\000n\000c\000i\000o\000n\000e\000s\000\040\000s\000i\000m\000p\000l\000e\000s}{chapter.2}% 31
\BOOKMARK [1][-]{section.2.8}{\376\377\000E\000l\000\040\000p\000a\000p\000e\000l\000\040\000d\000e\000\040\000l\000o\000s\000\040\000c\000o\000n\000j\000u\000n\000t\000o\000s\000\040\000d\000e\000\040\000m\000e\000d\000i\000d\000a\000\040\0000}{chapter.2}% 32
\BOOKMARK [0][-]{chapter.3}{\376\377\000I\000n\000t\000e\000g\000r\000a\000c\000i\000\363\000n\000\040\000d\000e\000\040\000f\000u\000n\000c\000i\000o\000n\000e\000s\000\040\000m\000e\000d\000i\000b\000l\000e\000s}{}% 33
\BOOKMARK [1][-]{section.3.1}{\376\377\000I\000n\000t\000e\000g\000r\000a\000c\000i\000\363\000n\000\040\000d\000e\000\040\000f\000u\000n\000c\000i\000o\000n\000e\000s\000\040\000s\000i\000m\000p\000l\000e\000s\000,\000\040\000m\000e\000d\000i\000b\000l\000e\000s\000\040\000y\000\040\000n\000o\000\040\000n\000e\000g\000a\000t\000i\000v\000a\000s}{chapter.3}% 34
\BOOKMARK [2][-]{subsection.3.1.1}{\376\377\000L\000a\000\040\000i\000n\000t\000e\000g\000r\000a\000l\000\040\000s\000o\000b\000r\000e\000\040\000e\000l\000\040\000c\000o\000n\000j\000u\000n\000t\000o\000\040\000c\000o\000m\000p\000l\000e\000t\000o\000\040\000X}{section.3.1}% 35
\BOOKMARK [2][-]{subsection.3.1.2}{\376\377\000I\000n\000t\000e\000g\000r\000a\000l\000\040\000s\000o\000b\000r\000e\000\040\000u\000n\000\040\000c\000o\000n\000j\000u\000n\000t\000o}{section.3.1}% 36
\BOOKMARK [1][-]{section.3.2}{\376\377\000I\000n\000t\000e\000g\000r\000a\000c\000i\000\363\000n\000\040\000d\000e\000\040\000f\000u\000n\000c\000i\000o\000n\000e\000s\000\040\000m\000e\000d\000i\000b\000l\000e\000s\000\040\000n\000o\000\040\000n\000e\000g\000a\000t\000i\000v\000a\000s}{chapter.3}% 37
\BOOKMARK [2][-]{subsection.3.2.1}{\376\377\000L\000a\000\040\000i\000n\000t\000e\000g\000r\000a\000l\000\040\000s\000o\000b\000r\000e\000\040\000s\000u\000b\000c\000o\000n\000j\000u\000n\000t\000o\000s\000\040\000m\000e\000d\000i\000b\000l\000e\000s}{section.3.2}% 38
\BOOKMARK [2][-]{subsection.3.2.2}{\376\377\000I\000n\000t\000e\000g\000r\000a\000l\000\040\000d\000e\000\040\000u\000n\000a\000\040\000f\000u\000n\000c\000i\000\363\000n\000\040\000m\000e\000d\000i\000b\000l\000e\000\040\000n\000o\000\040\000n\000e\000g\000a\000t\000i\000v\000a\000\040\000d\000e\000f\000i\000n\000i\000d\000a\000\040\000s\000o\000b\000r\000e\000\040\000u\000n\000\040\000s\000u\000b\000c\000o\000n\000j\000u\000n\000t\000o}{section.3.2}% 39
\BOOKMARK [2][-]{subsection.3.2.3}{\376\377\000T\000r\000a\000n\000s\000f\000o\000r\000m\000a\000c\000i\000o\000n\000e\000s\000\040\000q\000u\000e\000\040\000c\000o\000n\000s\000e\000r\000v\000a\000n\000\040\000l\000a\000\040\000m\000e\000d\000i\000d\000a}{section.3.2}% 40
\BOOKMARK [2][-]{subsection.3.2.4}{\376\377\000L\000a\000\040\000i\000n\000t\000e\000r\000g\000a\000l\000\040\000e\000n\000\040\000e\000s\000p\000a\000c\000i\000o\000s\000\040\000d\000e\000\040\000m\000e\000d\000i\000d\000a\000\040\000c\000o\000n\000\040\000d\000e\000n\000s\000i\000d\000a\000d}{section.3.2}% 41
\BOOKMARK [1][-]{section.3.3}{\376\377\000I\000n\000t\000e\000g\000r\000a\000c\000i\000\363\000n\000\040\000d\000e\000\040\000f\000u\000n\000c\000i\000o\000n\000e\000s\000\040\000m\000e\000d\000i\000b\000l\000e\000s\000\040\000r\000e\000a\000l\000e\000s}{chapter.3}% 42
\BOOKMARK [2][-]{subsection.3.3.1}{\376\377\000L\000a\000\040\000i\000n\000t\000e\000g\000r\000a\000l\000\040\000d\000e\000\040\000u\000n\000a\000\040\000f\000u\000n\000c\000i\000\363\000n\000\040\000m\000e\000d\000i\000b\000l\000e\000\040\000c\000o\000n\000\040\000v\000a\000l\000o\000r\000e\000s\000\040\000e\000n\000\040\000R}{section.3.3}% 43
\BOOKMARK [2][-]{subsection.3.3.2}{\376\377\000E\000l\000\040\000e\000s\000p\000a\000c\000i\000o\000\040\000v\000e\000c\000t\000o\000r\000i\000a\000l\000\040\000d\000e\000\040\000l\000a\000s\000\040\000f\000u\000n\000c\000i\000o\000n\000e\000s\000\040\000i\000n\000t\000e\000g\000r\000a\000b\000l\000e\000s}{section.3.3}% 44
\BOOKMARK [2][-]{subsection.3.3.3}{\376\377\000E\000l\000\040\000t\000e\000o\000r\000e\000m\000a\000\040\000d\000e\000\040\000l\000a\000\040\000c\000o\000n\000v\000e\000r\000g\000e\000n\000c\000i\000a\000\040\000d\000o\000m\000i\000n\000a\000d\000a}{section.3.3}% 45
\BOOKMARK [1][-]{section.3.4}{\376\377\000L\000a\000\040\000i\000n\000t\000e\000g\000r\000a\000l\000\040\000d\000e\000\040\000R\000i\000e\000m\000a\000n\000n\000\040\000y\000\040\000s\000u\000\040\000r\000e\000l\000a\000c\000i\000\363\000n\000\040\000c\000o\000n\000\040\000l\000a\000\040\000i\000n\000t\000e\000g\000r\000a\000l\000\040\000d\000e\000\040\000L\000e\000b\000e\000s\000g\000u\000e}{chapter.3}% 46
\BOOKMARK [1][-]{section.3.5}{\376\377\000T\000r\000a\000n\000s\000f\000o\000r\000m\000a\000c\000i\000o\000n\000e\000s\000\040\000q\000u\000e\000\040\000c\000o\000n\000s\000e\000r\000v\000a\000n\000\040\000l\000a\000\040\000m\000e\000d\000i\000d\000a\000\040\000\050\000s\000e\000g\000u\000n\000d\000a\000\040\000p\000a\000r\000t\000e\000\051}{chapter.3}% 47
\BOOKMARK [1][-]{section.3.6}{\376\377\000L\000a\000\040\000i\000n\000t\000e\000g\000r\000a\000l\000\040\000e\000n\000\040\000e\000s\000p\000a\000c\000i\000o\000s\000\040\000d\000e\000\040\000m\000e\000d\000i\000d\000a\000\040\000c\000o\000n\000\040\000d\000e\000n\000s\000i\000d\000a\000d\000\040\000\050\000s\000e\000g\000u\000n\000d\000a\000\040\000p\000a\000r\000t\000e\000\051}{chapter.3}% 48
\BOOKMARK [1][-]{section.3.7}{\376\377\000D\000e\000r\000i\000v\000a\000c\000i\000\363\000n\000\040\000b\000a\000j\000o\000\040\000e\000l\000\040\000s\000i\000g\000n\000o\000\040\000i\000n\000t\000e\000g\000r\000a\000l}{chapter.3}% 49
\BOOKMARK [1][-]{section.3.8}{\376\377\000I\000n\000t\000e\000g\000r\000a\000c\000i\000\363\000n\000\040\000d\000e\000\040\000f\000u\000n\000c\000i\000o\000n\000e\000s\000\040\000m\000e\000d\000i\000b\000l\000e\000s\000\040\000c\000o\000m\000p\000l\000e\000j\000a\000s}{chapter.3}% 50
\BOOKMARK [0][-]{chapter.4}{\376\377\000C\000o\000n\000s\000t\000r\000u\000c\000c\000i\000\363\000n\000\040\000d\000e\000\040\000m\000e\000d\000i\000d\000a\000s}{}% 51
\BOOKMARK [1][-]{section.4.1}{\376\377\000M\000e\000d\000i\000d\000a\000s\000\040\000e\000x\000t\000e\000r\000i\000o\000r\000e\000s}{chapter.4}% 52
\BOOKMARK [2][-]{subsection.4.1.1}{\376\377\000C\000o\000n\000s\000t\000r\000u\000c\000c\000i\000\363\000n\000\040\000d\000e\000\040\000m\000e\000d\000i\000d\000a\000s\000\040\000e\000x\000t\000e\000r\000i\000o\000r\000e\000s}{section.4.1}% 53
\BOOKMARK [2][-]{subsection.4.1.2}{\376\377\000C\000o\000n\000s\000t\000r\000u\000c\000c\000i\000\363\000n\000\040\000d\000e\000\040\000m\000e\000d\000i\000d\000a\000s\000:\000\040\000e\000l\000\040\000t\000e\000o\000r\000e\000m\000a\000\040\000d\000e\000\040\000C\000a\000r\000a\000t\000h\000\351\000o\000d\000o\000r\000y}{section.4.1}% 54
\BOOKMARK [1][-]{section.4.2}{\376\377\000L\000a\000\040\000m\000e\000d\000i\000d\000a\000\040\000d\000e\000\040\000L\000e\000b\000e\000s\000g\000u\000e}{chapter.4}% 55
\BOOKMARK [1][-]{section.4.3}{\376\377\000C\000o\000n\000j\000u\000n\000t\000o\000s\000\040\000m\000e\000d\000i\000b\000l\000e\000s\000\040\000L\000e\000b\000e\000s\000g\000u\000e\000\040\000y\000\040\000l\000a\000\040\000m\000e\000d\000i\000d\000a\000\040\000d\000e\000\040\000L\000e\000b\000e\000s\000g\000u\000e\000:\000\040\000c\000a\000r\000a\000c\000t\000e\000r\000i\000z\000a\000c\000i\000o\000n\000e\000s}{chapter.4}% 56
\BOOKMARK [1][-]{section.4.4}{\376\377\000C\000u\000b\000o\000s\000\040\000d\000i\000\341\000d\000i\000c\000o\000s\000\040\000y\000\040\000c\000o\000n\000j\000u\000n\000t\000o\000s\000\040\000a\000b\000i\000e\000r\000t\000o\000s}{chapter.4}% 57
\BOOKMARK [1][-]{section.4.5}{\376\377\000F\000u\000n\000c\000i\000o\000n\000e\000s\000\040\000s\000i\000m\000p\000l\000e\000s\000\040\000e\000n\000\040\000R\000n}{chapter.4}% 58
\BOOKMARK [1][-]{section.4.6}{\376\377\000R\000e\000l\000a\000c\000i\000\363\000n\000\040\000e\000n\000t\000r\000e\000\040\000l\000a\000s\000\040\000m\000e\000d\000i\000d\000a\000s\000\040\000d\000e\000\040\000L\000e\000b\000e\000s\000g\000u\000e}{chapter.4}% 59
\BOOKMARK [1][-]{section.4.7}{\376\377\000L\000a\000\040\000m\000e\000d\000i\000d\000a\000\040\000d\000e\000\040\000L\000e\000b\000e\000s\000g\000u\000e\000-\000S\000t\000i\000e\000l\000t\000j\000e\000s\000\040\000e\000n\000\040\000R}{chapter.4}% 60
\BOOKMARK [2][-]{subsection.4.7.1}{\376\377\000L\000a\000\040\000i\000n\000t\000e\000g\000r\000a\000l\000\040\000a\000s\000o\000c\000i\000a\000d\000a\000\040\000a\000\040\000m\000e\000d\000i\000d\000a\000s\000\040\000d\000e\000\040\000L\000e\000b\000e\000s\000g\000u\000e\000-\000S\000t\000i\000e\000l\000t\000j\000e\000s}{section.4.7}% 61
\BOOKMARK [0][-]{chapter.5}{\376\377\000M\000e\000d\000i\000d\000a\000\040\000e\000\040\000i\000n\000t\000e\000g\000r\000a\000c\000i\000\363\000n\000\040\000e\000n\000\040\000e\000s\000p\000a\000c\000i\000o\000s\000\040\000p\000r\000o\000d\000u\000c\000t\000o}{}% 62
\BOOKMARK [1][-]{section.5.1}{\376\377\000L\000a\000\040\000m\000e\000d\000i\000d\000a\000\040\000p\000r\000o\000d\000u\000c\000t\000o}{chapter.5}% 63
\BOOKMARK [2][-]{subsection.5.1.1}{\376\377\000L\000a\000\040\000-\000\341\000l\000g\000e\000b\000r\000a\000\040\000p\000r\000o\000d\000u\000c\000t\000o}{section.5.1}% 64
\BOOKMARK [2][-]{subsection.5.1.2}{\376\377\000D\000e\000f\000i\000n\000i\000c\000i\000\363\000n\000\040\000d\000e\000\040\000l\000a\000\040\000m\000e\000d\000i\000d\000a\000\040\000p\000r\000o\000d\000u\000c\000t\000o}{section.5.1}% 65
\BOOKMARK [1][-]{section.5.2}{\376\377\000E\000l\000\040\000P\000r\000i\000n\000c\000i\000p\000i\000o\000\040\000d\000e\000\040\000C\000a\000v\000a\000l\000i\000e\000r\000i}{chapter.5}% 66
\BOOKMARK [1][-]{section.5.3}{\376\377\000L\000o\000s\000\040\000T\000e\000o\000r\000e\000m\000a\000s\000\040\000d\000e\000\040\000T\000o\000n\000e\000l\000l\000i\000\040\000y\000\040\000F\000u\000b\000i\000n\000i}{chapter.5}% 67
\BOOKMARK [2][-]{subsection.5.3.1}{\376\377\000S\000e\000c\000c\000i\000o\000n\000e\000s\000\040\000d\000e\000\040\000a\000p\000l\000i\000c\000a\000c\000i\000o\000n\000e\000s}{section.5.3}% 68
\BOOKMARK [2][-]{subsection.5.3.2}{\376\377\000E\000l\000\040\000T\000e\000o\000r\000e\000m\000a\000\040\000d\000e\000\040\000T\000o\000n\000e\000l\000l\000i}{section.5.3}% 69
\BOOKMARK [2][-]{subsection.5.3.3}{\376\377\000E\000l\000\040\000T\000e\000o\000r\000e\000m\000a\000\040\000d\000e\000\040\000F\000u\000b\000i\000n\000i}{section.5.3}% 70
\BOOKMARK [2][-]{subsection.5.3.4}{\376\377\000L\000o\000s\000\040\000t\000e\000o\000r\000e\000m\000a\000s\000\040\000d\000e\000\040\000T\000o\000n\000e\000l\000l\000i\000\040\000y\000\040\000F\000u\000b\000i\000n\000i\000\040\000p\000a\000r\000a\000\040\000f\000u\000n\000c\000i\000o\000n\000e\000s\000\040\000m\000e\000d\000i\000b\000l\000e\000s\000\040\000B\000o\000r\000e\000l}{section.5.3}% 71
\BOOKMARK [2][-]{subsection.5.3.5}{\376\377\000L\000o\000s\000\040\000t\000e\000o\000r\000e\000m\000a\000s\000\040\000d\000e\000\040\000T\000o\000n\000e\000l\000l\000i\000\040\000y\000\040\000F\000u\000b\000i\000n\000i\000\040\000e\000n\000\040\000e\000s\000p\000a\000c\000i\000o\000s\000\040\000e\000u\000c\000l\000\355\000d\000e\000o\000s}{section.5.3}% 72
\BOOKMARK [0][-]{chapter.6}{\376\377\000E\000l\000\040\000T\000e\000o\000r\000e\000m\000a\000\040\000d\000e\000l\000\040\000C\000a\000m\000b\000i\000o\000\040\000d\000e\000\040\000V\000a\000r\000i\000a\000b\000l\000e\000s}{}% 73
\BOOKMARK [1][-]{section.6.1}{\376\377\000E\000l\000\040\000T\000e\000o\000r\000e\000m\000a\000\040\000d\000e\000l\000\040\000C\000a\000m\000b\000i\000o\000\040\000d\000e\000\040\000V\000a\000r\000i\000a\000b\000l\000e\000s}{chapter.6}% 74
\BOOKMARK [1][-]{section.6.2}{\376\377\000C\000a\000m\000b\000i\000o\000\040\000d\000e\000\040\000v\000a\000r\000i\000a\000b\000l\000e\000s\000\040\000a\000f\000\355\000n}{chapter.6}% 75
\BOOKMARK [1][-]{section.6.3}{\376\377\000C\000o\000o\000r\000d\000e\000n\000a\000d\000a\000s\000\040\000e\000s\000f\000\351\000r\000i\000c\000a\000s}{chapter.6}% 76
\BOOKMARK [2][-]{subsection.6.3.1}{\376\377\000C\000o\000o\000r\000d\000e\000n\000a\000d\000a\000s\000\040\000p\000o\000l\000a\000r\000e\000s\000\040\000e\000n\000\040\000R\0002}{section.6.3}% 77
\BOOKMARK [2][-]{subsection.6.3.2}{\376\377\000C\000o\000o\000r\000d\000e\000n\000a\000d\000a\000s\000\040\000e\000s\000f\000\351\000r\000i\000c\000a\000s\000\040\000e\000n\000\040\000R\0003}{section.6.3}% 78
\BOOKMARK [2][-]{subsection.6.3.3}{\376\377\000C\000o\000o\000r\000d\000e\000n\000a\000d\000a\000s\000\040\000e\000s\000f\000\351\000r\000i\000c\000a\000s\000\040\000e\000n\000\040\000R\000n\000,\000\040\000n\000\040\0003}{section.6.3}% 79
\BOOKMARK [2][-]{subsection.6.3.4}{\376\377\000L\000a\000\040\000f\000\363\000r\000m\000u\000l\000a\000\040\000d\000e\000l\000\040\000c\000a\000m\000b\000i\000o\000\040\000d\000e\000\040\000v\000a\000r\000i\000a\000b\000l\000e\000s\000\040\000s\000i\000m\000p\000l\000i\000f\000i\000c\000a\000d\000a}{section.6.3}% 80
\BOOKMARK [2][-]{subsection.6.3.5}{\376\377\000C\000\341\000l\000c\000u\000l\000o\000\040\000d\000e\000\040\000l\000a\000\040\000m\000e\000d\000i\000d\000a\000\040\000d\000e\000\040\000l\000a\000\040\000b\000o\000l\000a\000\040\000u\000n\000i\000d\000a\000d}{section.6.3}% 81
