\BOOKMARK [0][-]{chapter.1}{\376\377\000I\000n\000t\000r\000o\000d\000u\000c\000c\000i\000\363\000n}{}% 1
\BOOKMARK [0][-]{chapter.2}{\376\377\000V\000a\000r\000i\000a\000b\000l\000e\000s\000\040\000a\000l\000e\000a\000t\000o\000r\000i\000a\000s}{}% 2
\BOOKMARK [1][-]{section.2.1}{\376\377\000V\000a\000r\000i\000a\000b\000l\000e\000\040\000a\000l\000e\000a\000t\000o\000r\000i\000a\000.\000\040\000F\000u\000n\000c\000i\000\363\000n\000\040\000i\000n\000d\000i\000c\000a\000d\000o\000r\000a\000.\000\040\000V\000a\000r\000i\000a\000b\000l\000e\000s\000\040\000a\000l\000e\000a\000t\000o\000r\000i\000a\000s\000\040\000s\000i\000m\000p\000l\000e\000s}{chapter.2}% 3
\BOOKMARK [1][-]{section.2.2}{\376\377\000P\000r\000o\000p\000i\000e\000d\000a\000d\000e\000s\000\040\000y\000\040\000o\000p\000e\000r\000a\000c\000i\000o\000n\000e\000s\000\040\000a\000l\000g\000e\000b\000r\000a\000i\000c\000a\000s\000\040\000c\000o\000n\000\040\000v\000a\000r\000i\000a\000b\000l\000e\000s\000\040\000a\000l\000e\000a\000t\000o\000r\000i\000a\000s}{chapter.2}% 4
\BOOKMARK [1][-]{section.2.3}{\376\377\000P\000r\000o\000b\000a\000b\000i\000l\000i\000d\000a\000d\000\040\000i\000n\000d\000u\000c\000i\000d\000a\000\040\000e\000n\000\040\000R\000\040\000p\000o\000r\000\040\000u\000n\000a\000\040\000v\000a\000r\000i\000a\000b\000l\000e\000\040\000a\000l\000e\000a\000t\000o\000r\000i\000a}{chapter.2}% 5
\BOOKMARK [0][-]{chapter.3}{\376\377\000F\000u\000n\000c\000i\000\363\000n\000\040\000d\000e\000\040\000d\000i\000s\000t\000r\000i\000b\000u\000c\000i\000\363\000n\000\040\000d\000e\000\040\000p\000r\000o\000b\000a\000b\000i\000l\000i\000d\000a\000d}{}% 6
\BOOKMARK [1][-]{section.3.1}{\376\377\000F\000u\000n\000c\000i\000\363\000n\000\040\000d\000e\000\040\000d\000i\000s\000t\000r\000i\000b\000u\000c\000i\000\363\000n\000\040\000a\000s\000o\000c\000i\000a\000d\000a\000\040\000a\000\040\000u\000n\000a\000\040\000m\000e\000d\000i\000d\000a\000\040\000d\000e\000\040\000p\000r\000o\000b\000a\000b\000i\000l\000i\000d\000a\000d}{chapter.3}% 7
\BOOKMARK [1][-]{section.3.2}{\376\377\000A\000l\000e\000a\000t\000o\000r\000i\000z\000a\000c\000i\000\363\000n\000\040\000d\000e\000\040\000l\000a\000\040\000r\000e\000c\000t\000a\000\040\000r\000e\000a\000l}{chapter.3}% 8
\BOOKMARK [0][-]{chapter.4}{\376\377\000C\000l\000a\000s\000i\000f\000i\000c\000a\000c\000i\000\363\000n\000\040\000d\000e\000\040\000v\000a\000r\000i\000a\000b\000l\000e\000s\000\040\000a\000l\000e\000a\000t\000o\000r\000i\000a\000s}{}% 9
\BOOKMARK [1][-]{section.4.1}{\376\377\000V\000a\000r\000i\000a\000b\000l\000e\000s\000\040\000a\000l\000e\000a\000t\000o\000r\000i\000a\000s\000\040\000d\000i\000s\000c\000r\000e\000t\000a\000s}{chapter.4}% 10
\BOOKMARK [1][-]{section.4.2}{\376\377\000V\000a\000r\000i\000a\000b\000l\000e\000s\000\040\000a\000l\000e\000a\000t\000o\000r\000i\000a\000s\000\040\000a\000b\000s\000o\000l\000u\000t\000a\000m\000e\000n\000t\000e\000\040\000c\000o\000n\000t\000i\000n\000u\000a\000s}{chapter.4}% 11
\BOOKMARK [1][-]{section.4.3}{\376\377\000D\000i\000s\000t\000r\000i\000b\000u\000c\000i\000o\000n\000e\000s\000\040\000m\000i\000x\000t\000a\000s}{chapter.4}% 12
\BOOKMARK [0][-]{chapter.5}{\376\377\000C\000a\000m\000b\000i\000o\000\040\000d\000e\000\040\000v\000a\000r\000i\000a\000b\000l\000e}{}% 13
\BOOKMARK [1][-]{section.5.1}{\376\377\000C\000a\000m\000b\000i\000o\000\040\000d\000e\000\040\000v\000a\000r\000i\000a\000b\000l\000e\000\040\000\050\000v\000a\000r\000i\000a\000b\000l\000e\000\040\000d\000i\000s\000c\000r\000e\000t\000a\000\051}{chapter.5}% 14
\BOOKMARK [1][-]{section.5.2}{\376\377\000C\000a\000m\000b\000i\000o\000\040\000d\000e\000\040\000v\000a\000r\000i\000a\000b\000l\000e\000\040\000\050\000v\000a\000r\000i\000a\000b\000l\000e\000\040\000a\000b\000s\000o\000l\000u\000t\000a\000m\000e\000n\000t\000e\000\040\000c\000o\000n\000t\000i\000n\000u\000a\000\051}{chapter.5}% 15
\BOOKMARK [2][-]{subsection.5.2.1}{\376\377\000V\000a\000r\000i\000a\000b\000l\000e\000\040\000a\000l\000e\000a\000t\000o\000r\000i\000a\000\040\000a\000b\000s\000o\000l\000u\000t\000a\000m\000e\000n\000t\000e\000\040\000c\000o\000n\000t\000i\000n\000u\000a\000\040\000a\000\040\000v\000a\000r\000i\000a\000b\000l\000e\000\040\000a\000l\000e\000a\000t\000o\000r\000i\000a\000\040\000d\000i\000s\000c\000r\000e\000t\000a}{section.5.2}% 16
\BOOKMARK [2][-]{subsection.5.2.2}{\376\377\000V\000a\000r\000i\000a\000b\000l\000e\000\040\000a\000l\000e\000a\000t\000o\000r\000i\000a\000\040\000a\000b\000s\000o\000l\000u\000t\000a\000m\000e\000n\000t\000e\000\040\000c\000o\000n\000t\000i\000n\000u\000a\000\040\000a\000\040\000v\000a\000r\000i\000a\000b\000l\000e\000\040\000a\000l\000e\000a\000t\000o\000r\000i\000a\000\040\000a\000b\000s\000o\000l\000u\000t\000a\000m\000e\000n\000t\000e\000\040\000c\000o\000n\000t\000i\000n\000u\000a}{section.5.2}% 17
\BOOKMARK [2][-]{subsection.5.2.3}{\376\377\000V\000a\000r\000i\000a\000b\000l\000e\000\040\000a\000l\000e\000a\000t\000o\000r\000i\000a\000\040\000a\000b\000s\000o\000l\000u\000t\000a\000m\000e\000n\000t\000e\000\040\000c\000o\000n\000t\000i\000n\000u\000a\000\040\000a\000\040\000v\000a\000r\000i\000a\000b\000l\000e\000\040\000a\000l\000e\000a\000t\000o\000r\000i\000a\000\040\000m\000i\000x\000t\000a}{section.5.2}% 18
\BOOKMARK [1][-]{section.5.3}{\376\377\000V\000a\000r\000i\000a\000b\000l\000e\000s\000\040\000a\000l\000e\000a\000t\000o\000r\000i\000a\000s\000\040\000t\000r\000u\000n\000c\000a\000d\000a\000s}{chapter.5}% 19
\BOOKMARK [0][-]{chapter.6}{\376\377\000E\000s\000p\000e\000r\000a\000n\000z\000a\000\040\000m\000a\000t\000e\000m\000\341\000t\000i\000c\000a}{}% 20
\BOOKMARK [1][-]{section.6.1}{\376\377\000E\000s\000p\000e\000r\000a\000n\000z\000a\000\040\000o\000\040\000v\000a\000l\000o\000r\000\040\000e\000s\000p\000e\000r\000a\000d\000o}{chapter.6}% 21
\BOOKMARK [1][-]{section.6.2}{\376\377\000M\000o\000m\000e\000n\000t\000o\000s\000\040\000d\000e\000\040\000u\000n\000a\000\040\000v\000a\000r\000i\000a\000b\000l\000e\000\040\000o\000\040\000d\000e\000\040\000s\000u\000\040\000d\000i\000s\000t\000r\000i\000b\000u\000c\000i\000\363\000n}{chapter.6}% 22
\BOOKMARK [1][-]{section.6.3}{\376\377\000O\000t\000r\000a\000s\000\040\000f\000u\000n\000c\000i\000o\000n\000e\000s}{chapter.6}% 23
\BOOKMARK [1][-]{section.6.4}{\376\377\000E\000l\000\040\000p\000r\000o\000b\000l\000e\000m\000a\000\040\000d\000e\000\040\000l\000a\000\040\000e\000x\000i\000s\000t\000e\000n\000c\000i\000a\000\040\000d\000e\000\040\000m\000o\000m\000e\000n\000t\000o\000s}{chapter.6}% 24
\BOOKMARK [0][-]{chapter.7}{\376\377\000C\000a\000r\000a\000c\000t\000e\000r\000\355\000s\000t\000i\000c\000a\000s\000\040\000n\000u\000m\000\351\000r\000i\000c\000a\000s\000\040\000d\000e\000\040\000u\000n\000a\000\040\000d\000i\000s\000t\000r\000i\000b\000u\000c\000i\000\363\000n}{}% 25
\BOOKMARK [1][-]{section.7.1}{\376\377\000M\000e\000d\000i\000d\000a\000s\000\040\000d\000e\000\040\000p\000o\000s\000i\000c\000i\000\363\000n}{chapter.7}% 26
\BOOKMARK [1][-]{section.7.2}{\376\377\000M\000e\000d\000i\000d\000a\000s\000\040\000d\000e\000\040\000d\000i\000s\000p\000e\000r\000s\000i\000\363\000n}{chapter.7}% 27
\BOOKMARK [1][-]{section.7.3}{\376\377\000M\000e\000d\000i\000d\000a\000s\000\040\000d\000e\000\040\000a\000s\000i\000m\000e\000t\000r\000\355\000a}{chapter.7}% 28
\BOOKMARK [1][-]{section.7.4}{\376\377\000C\000o\000e\000f\000i\000c\000i\000e\000n\000t\000e\000s\000\040\000d\000e\000\040\000a\000p\000u\000n\000t\000a\000l\000a\000m\000i\000e\000n\000t\000o}{chapter.7}% 29
\BOOKMARK [0][-]{chapter.8}{\376\377\000D\000i\000s\000t\000r\000i\000b\000u\000c\000i\000o\000n\000e\000s\000\040\000d\000i\000s\000c\000r\000e\000t\000a\000s\000\040\000m\000\341\000s\000\040\000u\000s\000u\000a\000l\000e\000s}{}% 30
\BOOKMARK [1][-]{section.8.1}{\376\377\000D\000i\000s\000t\000r\000i\000b\000u\000c\000i\000\363\000n\000\040\000d\000e\000g\000e\000n\000e\000r\000a\000d\000a}{chapter.8}% 31
\BOOKMARK [1][-]{section.8.2}{\376\377\000D\000i\000s\000t\000r\000i\000b\000u\000c\000i\000\363\000n\000\040\000d\000e\000\040\000B\000e\000r\000n\000o\000u\000l\000l\000i}{chapter.8}% 32
\BOOKMARK [1][-]{section.8.3}{\376\377\000D\000i\000s\000t\000r\000i\000b\000u\000c\000i\000\363\000n\000\040\000B\000i\000n\000o\000m\000i\000a\000l}{chapter.8}% 33
\BOOKMARK [1][-]{section.8.4}{\376\377\000D\000i\000s\000t\000r\000i\000b\000u\000c\000i\000\363\000n\000\040\000G\000e\000o\000m\000\351\000t\000r\000i\000c\000a}{chapter.8}% 34
\BOOKMARK [1][-]{section.8.5}{\376\377\000D\000i\000s\000t\000r\000i\000b\000u\000c\000i\000\363\000n\000\040\000B\000i\000n\000o\000m\000i\000a\000l\000\040\000N\000e\000g\000a\000t\000i\000v\000a}{chapter.8}% 35
\BOOKMARK [1][-]{section.8.6}{\376\377\000D\000i\000s\000t\000r\000i\000b\000u\000c\000i\000\363\000n\000\040\000d\000e\000\040\000P\000o\000i\000s\000s\000o\000n}{chapter.8}% 36
\BOOKMARK [1][-]{section.8.7}{\376\377\000D\000i\000s\000t\000r\000i\000b\000u\000c\000i\000\363\000n\000\040\000H\000i\000p\000e\000r\000g\000e\000o\000m\000\351\000t\000r\000i\000c\000a}{chapter.8}% 37
\BOOKMARK [0][-]{chapter.9}{\376\377\000D\000i\000s\000t\000r\000i\000b\000u\000c\000i\000o\000n\000e\000s\000\040\000c\000o\000n\000t\000i\000n\000u\000a\000s\000\040\000m\000\341\000s\000\040\000u\000s\000u\000a\000l\000e\000s}{}% 38
\BOOKMARK [1][-]{section.9.1}{\376\377\000D\000i\000s\000t\000r\000i\000b\000u\000c\000i\000\363\000n\000\040\000U\000n\000i\000f\000o\000r\000m\000e}{chapter.9}% 39
\BOOKMARK [1][-]{section.9.2}{\376\377\000D\000i\000s\000t\000r\000i\000b\000u\000c\000i\000\363\000n\000\040\000N\000o\000r\000m\000a\000l}{chapter.9}% 40
\BOOKMARK [1][-]{section.9.3}{\376\377\000D\000i\000s\000t\000r\000i\000b\000u\000c\000i\000\363\000n\000\040\000E\000x\000p\000o\000n\000e\000n\000c\000i\000a\000l}{chapter.9}% 41
\BOOKMARK [1][-]{section.9.4}{\376\377\000D\000i\000s\000t\000r\000i\000b\000u\000c\000i\000\363\000n\000\040\000G\000a\000m\000m\000a}{chapter.9}% 42
\BOOKMARK [2][-]{subsection.9.4.1}{\376\377\000D\000i\000s\000t\000r\000i\000b\000u\000c\000i\000\363\000n\000\040\000C\000h\000i\000-\000C\000u\000a\000d\000r\000a\000d\000a}{section.9.4}% 43
\BOOKMARK [1][-]{section.9.5}{\376\377\000D\000i\000s\000t\000r\000i\000b\000u\000c\000i\000\363\000n\000\040\000d\000e\000\040\000E\000r\000l\000a\000n\000g}{chapter.9}% 44
\BOOKMARK [1][-]{section.9.6}{\376\377\000D\000i\000s\000t\000r\000i\000b\000u\000c\000i\000\363\000n\000\040\000B\000e\000t\000a}{chapter.9}% 45
\BOOKMARK [1][-]{section.9.7}{\376\377\000A\000p\000r\000o\000x\000i\000m\000a\000c\000i\000\363\000n\000\040\000d\000e\000\040\000d\000i\000s\000t\000r\000i\000b\000u\000c\000i\000o\000n\000e\000s}{chapter.9}% 46
\BOOKMARK [2][-]{subsection.9.7.1}{\376\377\000T\000e\000o\000r\000e\000m\000a\000s\000\040\000d\000e\000\040\000c\000a\000r\000a\000c\000t\000e\000r\000i\000z\000a\000c\000i\000\363\000n\000\040\000d\000e\000\040\000l\000a\000\040\000c\000o\000n\000v\000e\000r\000g\000e\000n\000c\000i\000a\000\040\000e\000n\000\040\000l\000e\000y\000\040\000p\000a\000r\000a\000\040\000v\000a\000r\000i\000a\000b\000l\000e\000s\000\040\000a\000l\000e\000a\000t\000o\000r\000i\000a\000s\000\040\000d\000i\000s\000c\000r\000e\000t\000a\000s}{section.9.7}% 47
\BOOKMARK [2][-]{subsection.9.7.2}{\376\377\000A\000p\000r\000o\000x\000i\000m\000a\000c\000i\000\363\000n\000\040\000d\000e\000\040\000u\000n\000a\000\040\000d\000i\000s\000t\000r\000i\000b\000u\000c\000i\000\363\000n\000\040\000B\000i\000n\000o\000m\000i\000a\000l\000\040\000p\000o\000r\000\040\000u\000n\000a\000\040\000d\000i\000s\000t\000r\000i\000b\000u\000c\000i\000\363\000n\000\040\000d\000e\000\040\000P\000o\000i\000s\000s\000o\000n}{section.9.7}% 48
\BOOKMARK [2][-]{subsection.9.7.3}{\376\377\000T\000e\000o\000r\000e\000m\000a\000s\000\040\000d\000e\000\040\000c\000a\000r\000a\000c\000t\000e\000r\000i\000z\000a\000c\000i\000\363\000n\000\040\000d\000e\000\040\000l\000a\000\040\000c\000o\000n\000v\000e\000r\000g\000e\000n\000c\000i\000a\000\040\000e\000n\000\040\000l\000e\000y\000\040\000p\000a\000r\000a\000\040\000v\000a\000r\000i\000a\000b\000l\000e\000s\000\040\000a\000l\000e\000a\000t\000o\000r\000i\000a\000s\000\040\000a\000b\000s\000o\000l\000u\000t\000a\000m\000e\000n\000t\000e\000\040\000c\000o\000n\000t\000i\000n\000u\000a\000s}{section.9.7}% 49
\BOOKMARK [2][-]{subsection.9.7.4}{\376\377\000T\000e\000o\000r\000e\000m\000a\000\040\000c\000e\000n\000t\000r\000a\000l\000\040\000d\000e\000l\000\040\000l\000\355\000m\000i\000t\000e}{section.9.7}% 50
\BOOKMARK [0][-]{chapter.10}{\376\377\000V\000e\000c\000t\000o\000r\000e\000s\000\040\000a\000l\000e\000a\000t\000o\000r\000i\000o\000s}{}% 51
\BOOKMARK [1][-]{section.10.1}{\376\377\000V\000e\000c\000t\000o\000r\000e\000s\000\040\000a\000l\000e\000a\000t\000o\000r\000i\000o\000s}{chapter.10}% 52
\BOOKMARK [1][-]{section.10.2}{\376\377\000D\000i\000s\000t\000r\000i\000b\000u\000c\000i\000\363\000n\000\040\000d\000e\000\040\000p\000r\000o\000b\000a\000b\000i\000l\000i\000d\000a\000d\000\040\000d\000e\000\040\000u\000n\000\040\000v\000e\000c\000t\000o\000r\000\040\000a\000l\000e\000a\000t\000o\000r\000i\000o}{chapter.10}% 53
\BOOKMARK [1][-]{section.10.3}{\376\377\000F\000u\000n\000c\000i\000\363\000n\000\040\000d\000e\000\040\000d\000i\000s\000t\000r\000i\000b\000u\000c\000\363\000n\000\040\000c\000o\000n\000j\000u\000n\000t\000a}{chapter.10}% 54
\BOOKMARK [2][-]{subsection.10.3.1}{\376\377\000V\000e\000c\000t\000o\000r\000e\000s\000\040\000b\000i\000d\000i\000m\000e\000n\000s\000i\000o\000n\000a\000l\000e\000s}{section.10.3}% 55
\BOOKMARK [2][-]{subsection.10.3.2}{\376\377\000C\000\341\000l\000c\000u\000l\000o\000\040\000d\000e\000\040\000p\000r\000o\000b\000a\000b\000i\000l\000i\000d\000a\000d\000\040\000d\000e\000\040\000c\000o\000n\000j\000u\000n\000t\000o\000s\000\040\000d\000e\000\040\000R\0002\000\040\000a\000\040\000p\000a\000r\000t\000i\000r\000\040\000d\000e\000\040\000l\000a\000\040\000f\000u\000n\000c\000i\000\363\000n\000\040\000d\000e\000\040\000d\000i\000s\000t\000r\000i\000b\000u\000c\000i\000\363\000n\000\040\000c\000o\000n\000j\000u\000n\000t\000a}{section.10.3}% 56
\BOOKMARK [1][-]{section.10.4}{\376\377\000V\000e\000c\000t\000o\000r\000e\000s\000\040\000a\000l\000e\000a\000t\000o\000r\000i\000o\000s\000\040\000d\000i\000s\000c\000r\000e\000t\000o\000s}{chapter.10}% 57
\BOOKMARK [1][-]{section.10.5}{\376\377\000V\000e\000c\000t\000o\000r\000e\000s\000\040\000a\000l\000e\000a\000t\000o\000r\000i\000o\000s\000\040\000a\000b\000s\000o\000l\000u\000t\000a\000m\000e\000n\000t\000e\000\040\000c\000o\000n\000t\000i\000n\000u\000o\000s}{chapter.10}% 58
\BOOKMARK [1][-]{section.10.6}{\376\377\000D\000i\000s\000t\000r\000i\000b\000u\000c\000i\000o\000n\000e\000s\000\040\000m\000a\000r\000g\000i\000n\000a\000l\000e\000s}{chapter.10}% 59
\BOOKMARK [2][-]{subsection.10.6.1}{\376\377\000C\000a\000s\000o\000\040\000d\000i\000s\000c\000r\000e\000t\000o}{section.10.6}% 60
\BOOKMARK [2][-]{subsection.10.6.2}{\376\377\000C\000a\000s\000o\000\040\000c\000o\000n\000t\000i\000n\000u\000o}{section.10.6}% 61
\BOOKMARK [1][-]{section.10.7}{\376\377\000D\000i\000s\000t\000r\000i\000b\000u\000c\000i\000o\000n\000e\000s\000\040\000c\000o\000n\000d\000i\000c\000i\000o\000n\000a\000d\000a\000s}{chapter.10}% 62
\BOOKMARK [2][-]{subsection.10.7.1}{\376\377\000C\000a\000s\000o\000\040\000d\000i\000s\000c\000r\000e\000t\000o}{section.10.7}% 63
\BOOKMARK [2][-]{subsection.10.7.2}{\376\377\000C\000a\000s\000o\000\040\000c\000o\000n\000t\000i\000n\000u\000o}{section.10.7}% 64
\BOOKMARK [1][-]{section.10.8}{\376\377\000I\000n\000d\000e\000p\000e\000n\000d\000e\000n\000c\000i\000a\000\040\000d\000e\000\040\000v\000a\000r\000i\000a\000b\000l\000e\000s\000\040\000a\000l\000e\000a\000t\000o\000r\000i\000a\000s\000\040\000c\000o\000n\000t\000i\000n\000u\000a\000s}{chapter.10}% 65
\BOOKMARK [1][-]{section.10.9}{\376\377\000C\000a\000m\000b\000i\000o\000\040\000d\000e\000\040\000v\000a\000r\000i\000a\000b\000l\000e}{chapter.10}% 66
\BOOKMARK [1][-]{section.10.10}{\376\377\000M\000o\000m\000e\000n\000t\000o\000s\000\040\000c\000o\000n\000j\000u\000n\000t\000o\000s\000\040\000d\000e\000\040\000u\000n\000\040\000v\000e\000c\000t\000o\000r\000\040\000\050\000X\000,\000Y\000\051}{chapter.10}% 67
\BOOKMARK [1][-]{section.10.11}{\376\377\000D\000i\000s\000t\000r\000i\000b\000u\000c\000i\000\363\000n\000\040\000d\000e\000l\000\040\000m\000\341\000x\000i\000m\000o\000\040\000y\000\040\000d\000e\000l\000\040\000m\000\355\000n\000i\000m\000o}{chapter.10}% 68
