This is pdfTeX, Version 3.141592653-2.6-1.40.25 (MiKTeX 24.1) (preloaded format=pdflatex 2024.4.22)  8 SEP 2024 10:58
entering extended mode
 restricted \write18 enabled.
 file:line:error style messages enabled.
 %&-line parsing enabled.
**"c:/Users/jorge/OneDrive/Escritorio/GitHub/Matematicas LaTeX/Probabilidad/apu
ntes.tex"

(c:/Users/jorge/OneDrive/Escritorio/GitHub/Matematicas LaTeX/Probabilidad/apunt
es.tex
LaTeX2e <2023-11-01> patch level 1
L3 programming layer <2024-01-04>
(C:\Users\jorge\AppData\Local\Programs\MiKTeX\tex/latex/base\book.cls
Document Class: book 2023/05/17 v1.4n Standard LaTeX document class
(C:\Users\jorge\AppData\Local\Programs\MiKTeX\tex/latex/base\bk10.clo
File: bk10.clo 2023/05/17 v1.4n Standard LaTeX file (size option)
)
\c@part=\count187
\c@chapter=\count188
\c@section=\count189
\c@subsection=\count190
\c@subsubsection=\count191
\c@paragraph=\count192
\c@subparagraph=\count193
\c@figure=\count194
\c@table=\count195
\abovecaptionskip=\skip48
\belowcaptionskip=\skip49
\bibindent=\dimen140
)
(C:\Users\jorge\AppData\Local\Programs\MiKTeX\tex/latex/base\inputenc.sty
Package: inputenc 2021/02/14 v1.3d Input encoding file
\inpenc@prehook=\toks17
\inpenc@posthook=\toks18
)
(C:\Users\jorge\AppData\Local\Programs\MiKTeX\tex/latex/amsmath\amsmath.sty
Package: amsmath 2023/05/13 v2.17o AMS math features
\@mathmargin=\skip50

For additional information on amsmath, use the `?' option.
(C:\Users\jorge\AppData\Local\Programs\MiKTeX\tex/latex/amsmath\amstext.sty
Package: amstext 2021/08/26 v2.01 AMS text

(C:\Users\jorge\AppData\Local\Programs\MiKTeX\tex/latex/amsmath\amsgen.sty
File: amsgen.sty 1999/11/30 v2.0 generic functions
\@emptytoks=\toks19
\ex@=\dimen141
))
(C:\Users\jorge\AppData\Local\Programs\MiKTeX\tex/latex/amsmath\amsbsy.sty
Package: amsbsy 1999/11/29 v1.2d Bold Symbols
\pmbraise@=\dimen142
)
(C:\Users\jorge\AppData\Local\Programs\MiKTeX\tex/latex/amsmath\amsopn.sty
Package: amsopn 2022/04/08 v2.04 operator names
)
\inf@bad=\count196
LaTeX Info: Redefining \frac on input line 234.
\uproot@=\count197
\leftroot@=\count198
LaTeX Info: Redefining \overline on input line 399.
LaTeX Info: Redefining \colon on input line 410.
\classnum@=\count199
\DOTSCASE@=\count266
LaTeX Info: Redefining \ldots on input line 496.
LaTeX Info: Redefining \dots on input line 499.
LaTeX Info: Redefining \cdots on input line 620.
\Mathstrutbox@=\box51
\strutbox@=\box52
LaTeX Info: Redefining \big on input line 722.
LaTeX Info: Redefining \Big on input line 723.
LaTeX Info: Redefining \bigg on input line 724.
LaTeX Info: Redefining \Bigg on input line 725.
\big@size=\dimen143
LaTeX Font Info:    Redeclaring font encoding OML on input line 743.
LaTeX Font Info:    Redeclaring font encoding OMS on input line 744.
\macc@depth=\count267
LaTeX Info: Redefining \bmod on input line 905.
LaTeX Info: Redefining \pmod on input line 910.
LaTeX Info: Redefining \smash on input line 940.
LaTeX Info: Redefining \relbar on input line 970.
LaTeX Info: Redefining \Relbar on input line 971.
\c@MaxMatrixCols=\count268
\dotsspace@=\muskip16
\c@parentequation=\count269
\dspbrk@lvl=\count270
\tag@help=\toks20
\row@=\count271
\column@=\count272
\maxfields@=\count273
\andhelp@=\toks21
\eqnshift@=\dimen144
\alignsep@=\dimen145
\tagshift@=\dimen146
\tagwidth@=\dimen147
\totwidth@=\dimen148
\lineht@=\dimen149
\@envbody=\toks22
\multlinegap=\skip51
\multlinetaggap=\skip52
\mathdisplay@stack=\toks23
LaTeX Info: Redefining \[ on input line 2953.
LaTeX Info: Redefining \] on input line 2954.
)
(C:\Users\jorge\AppData\Local\Programs\MiKTeX\tex/latex/amsfonts\amsfonts.sty
Package: amsfonts 2013/01/14 v3.01 Basic AMSFonts support
\symAMSa=\mathgroup4
\symAMSb=\mathgroup5
LaTeX Font Info:    Redeclaring math symbol \hbar on input line 98.
LaTeX Font Info:    Overwriting math alphabet `\mathfrak' in version `bold'
(Font)                  U/euf/m/n --> U/euf/b/n on input line 106.
)
(C:\Users\jorge\AppData\Local\Programs\MiKTeX\tex/latex/amsfonts\euscript.sty
Package: euscript 2009/06/22 v3.00 Euler Script fonts
LaTeX Font Info:    Overwriting math alphabet `\EuScript' in version `bold'
(Font)                  U/eus/m/n --> U/eus/b/n on input line 33.
)
(C:\Users\jorge\AppData\Local\Programs\MiKTeX\tex/generic/babel\babel.sty
Package: babel 2024/01/07 v24.1 The Babel package
\babel@savecnt=\count274
\U@D=\dimen150
\l@unhyphenated=\language79

(C:\Users\jorge\AppData\Local\Programs\MiKTeX\tex/generic/babel\txtbabel.def)
\bbl@readstream=\read2
\bbl@dirlevel=\count275

*************************************
* Local config file bblopts.cfg used
*
(C:\Users\jorge\AppData\Local\Programs\MiKTeX\tex/latex/arabi\bblopts.cfg
File: bblopts.cfg 2005/09/08 v0.1 add Arabic and Farsi to "declared" options of
 babel
)
(C:\Users\jorge\AppData\Local\Programs\MiKTeX\tex/latex/babel-spanish\spanish.l
df
Language: spanish.ldf 2021/05/27 v5.0q Spanish support from the babel system
\es@quottoks=\toks24
\es@quotdepth=\count276
Package babel Info: Making " an active character on input line 570.
Package babel Info: Making . an active character on input line 675.
Package babel Info: Making < an active character on input line 722.
Package babel Info: Making > an active character on input line 722.
))
(C:\Users\jorge\AppData\Local\Programs\MiKTeX\tex/generic/babel/locale/es\babel
-spanish.tex
Package babel Info: Importing font and identification data for spanish
(babel)             from babel-es.ini. Reported on input line 11.
)
(C:\Users\jorge\AppData\Local\Programs\MiKTeX\tex/latex/jknappen\mathrsfs.sty
Package: mathrsfs 1996/01/01 Math RSFS package v1.0 (jk)
\symrsfs=\mathgroup6
)
(C:\Users\jorge\AppData\Local\Programs\MiKTeX\tex/latex/fancyhdr\fancyhdr.sty
Package: fancyhdr 2024/07/23 v4.3.1 Extensive control of page headers and foote
rs
\f@nch@headwidth=\skip53
\f@nch@O@elh=\skip54
\f@nch@O@erh=\skip55
\f@nch@O@olh=\skip56
\f@nch@O@orh=\skip57
\f@nch@O@elf=\skip58
\f@nch@O@erf=\skip59
\f@nch@O@olf=\skip60
\f@nch@O@orf=\skip61
)
(C:\Users\jorge\AppData\Local\Programs\MiKTeX\tex/latex/graphics\graphicx.sty
Package: graphicx 2021/09/16 v1.2d Enhanced LaTeX Graphics (DPC,SPQR)

(C:\Users\jorge\AppData\Local\Programs\MiKTeX\tex/latex/graphics\keyval.sty
Package: keyval 2022/05/29 v1.15 key=value parser (DPC)
\KV@toks@=\toks25
)
(C:\Users\jorge\AppData\Local\Programs\MiKTeX\tex/latex/graphics\graphics.sty
Package: graphics 2022/03/10 v1.4e Standard LaTeX Graphics (DPC,SPQR)

(C:\Users\jorge\AppData\Local\Programs\MiKTeX\tex/latex/graphics\trig.sty
Package: trig 2021/08/11 v1.11 sin cos tan (DPC)
)
(C:\Users\jorge\AppData\Local\Programs\MiKTeX\tex/latex/graphics-cfg\graphics.c
fg
File: graphics.cfg 2016/06/04 v1.11 sample graphics configuration
)
Package graphics Info: Driver file: pdftex.def on input line 107.

(C:\Users\jorge\AppData\Local\Programs\MiKTeX\tex/latex/graphics-def\pdftex.def
File: pdftex.def 2022/09/22 v1.2b Graphics/color driver for pdftex
))
\Gin@req@height=\dimen151
\Gin@req@width=\dimen152
) (C:\Users\jorge\AppData\Local\Programs\MiKTeX\tex/latex/caption\caption.sty
Package: caption 2023/08/05 v3.6o Customizing captions (AR)
(C:\Users\jorge\AppData\Local\Programs\MiKTeX\tex/latex/caption\caption3.sty
Package: caption3 2023/07/31 v2.4d caption3 kernel (AR)
\caption@tempdima=\dimen153
\captionmargin=\dimen154
\caption@leftmargin=\dimen155
\caption@rightmargin=\dimen156
\caption@width=\dimen157
\caption@indent=\dimen158
\caption@parindent=\dimen159
\caption@hangindent=\dimen160
Package caption Info: Standard document class detected.
)
\c@caption@flags=\count277
\c@continuedfloat=\count278
)
(C:\Users\jorge\AppData\Local\Programs\MiKTeX\tex/latex/caption\subcaption.sty
Package: subcaption 2023/07/28 v1.6b Sub-captions (AR)
Package caption Info: New subtype `subfigure' on input line 238.
\c@subfigure=\count279
Package caption Info: New subtype `subtable' on input line 238.
\c@subtable=\count280
) (C:\Users\jorge\AppData\Local\Programs\MiKTeX\tex/latex/amsfonts\amssymb.sty
Package: amssymb 2013/01/14 v3.01 AMS font symbols
)
(C:\Users\jorge\AppData\Local\Programs\MiKTeX\tex/latex/vmargin\vmargin.sty
Package: vmargin 2004/07/15 V2.5 set document margins (VK)

Package: vmargin 2004/07/15 V2.5 set document margins (VK)
\PaperWidth=\dimen161
\PaperHeight=\dimen162
) (C:\Users\jorge\AppData\Local\Programs\MiKTeX\tex/latex/hyperref\hyperref.sty
Package: hyperref 2023-11-26 v7.01g Hypertext links for LaTeX
(C:\Users\jorge\AppData\Local\Programs\MiKTeX\tex/generic/iftex\iftex.sty
Package: iftex 2022/02/03 v1.0f TeX engine tests
)
(C:\Users\jorge\AppData\Local\Programs\MiKTeX\tex/generic/infwarerr\infwarerr.s
ty
Package: infwarerr 2019/12/03 v1.5 Providing info/warning/error messages (HO)
)
(C:\Users\jorge\AppData\Local\Programs\MiKTeX\tex/latex/kvsetkeys\kvsetkeys.sty
Package: kvsetkeys 2022-10-05 v1.19 Key value parser (HO)
)
(C:\Users\jorge\AppData\Local\Programs\MiKTeX\tex/generic/kvdefinekeys\kvdefine
keys.sty
Package: kvdefinekeys 2019-12-19 v1.6 Define keys (HO)
)
(C:\Users\jorge\AppData\Local\Programs\MiKTeX\tex/generic/pdfescape\pdfescape.s
ty
Package: pdfescape 2019/12/09 v1.15 Implements pdfTeX's escape features (HO)

(C:\Users\jorge\AppData\Local\Programs\MiKTeX\tex/generic/ltxcmds\ltxcmds.sty
Package: ltxcmds 2023-12-04 v1.26 LaTeX kernel commands for general use (HO)
)
(C:\Users\jorge\AppData\Local\Programs\MiKTeX\tex/generic/pdftexcmds\pdftexcmds
.sty
Package: pdftexcmds 2020-06-27 v0.33 Utility functions of pdfTeX for LuaTeX (HO
)
Package pdftexcmds Info: \pdf@primitive is available.
Package pdftexcmds Info: \pdf@ifprimitive is available.
Package pdftexcmds Info: \pdfdraftmode found.
))
(C:\Users\jorge\AppData\Local\Programs\MiKTeX\tex/latex/hycolor\hycolor.sty
Package: hycolor 2020-01-27 v1.10 Color options for hyperref/bookmark (HO)
)
(C:\Users\jorge\AppData\Local\Programs\MiKTeX\tex/latex/letltxmacro\letltxmacro
.sty
Package: letltxmacro 2019/12/03 v1.6 Let assignment for LaTeX macros (HO)
)
(C:\Users\jorge\AppData\Local\Programs\MiKTeX\tex/latex/auxhook\auxhook.sty
Package: auxhook 2019-12-17 v1.6 Hooks for auxiliary files (HO)
)
(C:\Users\jorge\AppData\Local\Programs\MiKTeX\tex/latex/hyperref\nameref.sty
Package: nameref 2023-11-26 v2.56 Cross-referencing by name of section

(C:\Users\jorge\AppData\Local\Programs\MiKTeX\tex/latex/refcount\refcount.sty
Package: refcount 2019/12/15 v3.6 Data extraction from label references (HO)
)
(C:\Users\jorge\AppData\Local\Programs\MiKTeX\tex/generic/gettitlestring\gettit
lestring.sty
Package: gettitlestring 2019/12/15 v1.6 Cleanup title references (HO)

(C:\Users\jorge\AppData\Local\Programs\MiKTeX\tex/latex/kvoptions\kvoptions.sty
Package: kvoptions 2022-06-15 v3.15 Key value format for package options (HO)
))
\c@section@level=\count281
)
(C:\Users\jorge\AppData\Local\Programs\MiKTeX\tex/latex/etoolbox\etoolbox.sty
Package: etoolbox 2020/10/05 v2.5k e-TeX tools for LaTeX (JAW)
\etb@tempcnta=\count282
)
\@linkdim=\dimen163
\Hy@linkcounter=\count283
\Hy@pagecounter=\count284

(C:\Users\jorge\AppData\Local\Programs\MiKTeX\tex/latex/hyperref\pd1enc.def
File: pd1enc.def 2023-11-26 v7.01g Hyperref: PDFDocEncoding definition (HO)
Now handling font encoding PD1 ...
... no UTF-8 mapping file for font encoding PD1
)
(C:\Users\jorge\AppData\Local\Programs\MiKTeX\tex/generic/intcalc\intcalc.sty
Package: intcalc 2019/12/15 v1.3 Expandable calculations with integers (HO)
)
\Hy@SavedSpaceFactor=\count285

(C:\Users\jorge\AppData\Local\Programs\MiKTeX\tex/latex/hyperref\puenc.def
File: puenc.def 2023-11-26 v7.01g Hyperref: PDF Unicode definition (HO)
Now handling font encoding PU ...
... no UTF-8 mapping file for font encoding PU
)
Package hyperref Info: Hyper figures OFF on input line 4181.
Package hyperref Info: Link nesting OFF on input line 4186.
Package hyperref Info: Hyper index ON on input line 4189.
Package hyperref Info: Plain pages OFF on input line 4196.
Package hyperref Info: Backreferencing OFF on input line 4201.
Package hyperref Info: Implicit mode ON; LaTeX internals redefined.
Package hyperref Info: Bookmarks ON on input line 4448.
\c@Hy@tempcnt=\count286

(C:\Users\jorge\AppData\Local\Programs\MiKTeX\tex/latex/url\url.sty
\Urlmuskip=\muskip17
Package: url 2013/09/16  ver 3.4  Verb mode for urls, etc.
)
LaTeX Info: Redefining \url on input line 4786.
\XeTeXLinkMargin=\dimen164

(C:\Users\jorge\AppData\Local\Programs\MiKTeX\tex/generic/bitset\bitset.sty
Package: bitset 2019/12/09 v1.3 Handle bit-vector datatype (HO)

(C:\Users\jorge\AppData\Local\Programs\MiKTeX\tex/generic/bigintcalc\bigintcalc
.sty
Package: bigintcalc 2019/12/15 v1.5 Expandable calculations on big integers (HO
)
))
\Fld@menulength=\count287
\Field@Width=\dimen165
\Fld@charsize=\dimen166
Package hyperref Info: Hyper figures OFF on input line 6065.
Package hyperref Info: Link nesting OFF on input line 6070.
Package hyperref Info: Hyper index ON on input line 6073.
Package hyperref Info: backreferencing OFF on input line 6080.
Package hyperref Info: Link coloring OFF on input line 6085.
Package hyperref Info: Link coloring with OCG OFF on input line 6090.
Package hyperref Info: PDF/A mode OFF on input line 6095.

(C:\Users\jorge\AppData\Local\Programs\MiKTeX\tex/latex/base\atbegshi-ltx.sty
Package: atbegshi-ltx 2021/01/10 v1.0c Emulation of the original atbegshi
package with kernel methods
)
\Hy@abspage=\count288
\c@Item=\count289
\c@Hfootnote=\count290
)
Package hyperref Info: Driver (autodetected): hpdftex.
(C:\Users\jorge\AppData\Local\Programs\MiKTeX\tex/latex/hyperref\hpdftex.def
File: hpdftex.def 2023-11-26 v7.01g Hyperref driver for pdfTeX

(C:\Users\jorge\AppData\Local\Programs\MiKTeX\tex/latex/base\atveryend-ltx.sty
Package: atveryend-ltx 2020/08/19 v1.0a Emulation of the original atveryend pac
kage
with kernel methods
)
\Fld@listcount=\count291
\c@bookmark@seq@number=\count292

(C:\Users\jorge\AppData\Local\Programs\MiKTeX\tex/latex/rerunfilecheck\rerunfil
echeck.sty
Package: rerunfilecheck 2022-07-10 v1.10 Rerun checks for auxiliary files (HO)

(C:\Users\jorge\AppData\Local\Programs\MiKTeX\tex/generic/uniquecounter\uniquec
ounter.sty
Package: uniquecounter 2019/12/15 v1.4 Provide unlimited unique counter (HO)
)
Package uniquecounter Info: New unique counter `rerunfilecheck' on input line 2
85.
)
\Hy@SectionHShift=\skip62
)
(C:\Users\jorge\AppData\Local\Programs\MiKTeX\tex/latex/amscls\amsthm.sty
Package: amsthm 2020/05/29 v2.20.6
\thm@style=\toks26
\thm@bodyfont=\toks27
\thm@headfont=\toks28
\thm@notefont=\toks29
\thm@headpunct=\toks30
\thm@preskip=\skip63
\thm@postskip=\skip64
\thm@headsep=\skip65
\dth@everypar=\toks31
)
(C:\Users\jorge\AppData\Local\Programs\MiKTeX\tex/latex/mdframed\mdframed.sty
Package: mdframed 2013/07/01 1.9b: mdframed

(C:\Users\jorge\AppData\Local\Programs\MiKTeX\tex/latex/l3packages/xparse\xpars
e.sty
(C:\Users\jorge\AppData\Local\Programs\MiKTeX\tex/latex/l3kernel\expl3.sty
Package: expl3 2024-01-04 L3 programming layer (loader) 

(C:\Users\jorge\AppData\Local\Programs\MiKTeX\tex/latex/l3backend\l3backend-pdf
tex.def
File: l3backend-pdftex.def 2024-01-04 L3 backend support: PDF output (pdfTeX)
\l__color_backend_stack_int=\count293
\l__pdf_internal_box=\box53
))
Package: xparse 2023-10-10 L3 Experimental document command parser
)
(C:\Users\jorge\AppData\Local\Programs\MiKTeX\tex/latex/zref\zref-abspage.sty
Package: zref-abspage 2023-09-14 v2.35 Module abspage for zref (HO)

(C:\Users\jorge\AppData\Local\Programs\MiKTeX\tex/latex/zref\zref-base.sty
Package: zref-base 2023-09-14 v2.35 Module base for zref (HO)

(C:\Users\jorge\AppData\Local\Programs\MiKTeX\tex/generic/etexcmds\etexcmds.sty
Package: etexcmds 2019/12/15 v1.7 Avoid name clashes with e-TeX commands (HO)
)
Package zref Info: New property list: main on input line 767.
Package zref Info: New property: default on input line 768.
Package zref Info: New property: page on input line 769.
)
\c@abspage=\count294
Package zref Info: New property: abspage on input line 67.
)
(C:\Users\jorge\AppData\Local\Programs\MiKTeX\tex/latex/needspace\needspace.sty
Package: needspace 2010/09/12 v1.3d reserve vertical space
) (C:\Users\jorge\AppData\Local\Programs\MiKTeX\tex/latex/graphics\color.sty
Package: color 2022/01/06 v1.3d Standard LaTeX Color (DPC)

(C:\Users\jorge\AppData\Local\Programs\MiKTeX\tex/latex/graphics-cfg\color.cfg
File: color.cfg 2016/01/02 v1.6 sample color configuration
)
Package color Info: Driver file: pdftex.def on input line 149.
(C:\Users\jorge\AppData\Local\Programs\MiKTeX\tex/latex/graphics\mathcolor.ltx)
)
\mdf@templength=\skip66
\c@mdf@globalstyle@cnt=\count295
\mdf@skipabove@length=\skip67
\mdf@skipbelow@length=\skip68
\mdf@leftmargin@length=\skip69
\mdf@rightmargin@length=\skip70
\mdf@innerleftmargin@length=\skip71
\mdf@innerrightmargin@length=\skip72
\mdf@innertopmargin@length=\skip73
\mdf@innerbottommargin@length=\skip74
\mdf@splittopskip@length=\skip75
\mdf@splitbottomskip@length=\skip76
\mdf@outermargin@length=\skip77
\mdf@innermargin@length=\skip78
\mdf@linewidth@length=\skip79
\mdf@innerlinewidth@length=\skip80
\mdf@middlelinewidth@length=\skip81
\mdf@outerlinewidth@length=\skip82
\mdf@roundcorner@length=\skip83
\mdf@footenotedistance@length=\skip84
\mdf@userdefinedwidth@length=\skip85
\mdf@needspace@length=\skip86
\mdf@frametitleaboveskip@length=\skip87
\mdf@frametitlebelowskip@length=\skip88
\mdf@frametitlerulewidth@length=\skip89
\mdf@frametitleleftmargin@length=\skip90
\mdf@frametitlerightmargin@length=\skip91
\mdf@shadowsize@length=\skip92
\mdf@extratopheight@length=\skip93
\mdf@subtitleabovelinewidth@length=\skip94
\mdf@subtitlebelowlinewidth@length=\skip95
\mdf@subtitleaboveskip@length=\skip96
\mdf@subtitlebelowskip@length=\skip97
\mdf@subtitleinneraboveskip@length=\skip98
\mdf@subtitleinnerbelowskip@length=\skip99
\mdf@subsubtitleabovelinewidth@length=\skip100
\mdf@subsubtitlebelowlinewidth@length=\skip101
\mdf@subsubtitleaboveskip@length=\skip102
\mdf@subsubtitlebelowskip@length=\skip103
\mdf@subsubtitleinneraboveskip@length=\skip104
\mdf@subsubtitleinnerbelowskip@length=\skip105

(C:\Users\jorge\AppData\Local\Programs\MiKTeX\tex/latex/mdframed\md-frame-0.mdf
File: md-frame-0.mdf 2013/07/01\ 1.9b: md-frame-0
)
\mdf@frametitlebox=\box54
\mdf@footnotebox=\box55
\mdf@splitbox@one=\box56
\mdf@splitbox@two=\box57
\mdf@splitbox@save=\box58
\mdfsplitboxwidth=\skip106
\mdfsplitboxtotalwidth=\skip107
\mdfsplitboxheight=\skip108
\mdfsplitboxdepth=\skip109
\mdfsplitboxtotalheight=\skip110
\mdfframetitleboxwidth=\skip111
\mdfframetitleboxtotalwidth=\skip112
\mdfframetitleboxheight=\skip113
\mdfframetitleboxdepth=\skip114
\mdfframetitleboxtotalheight=\skip115
\mdffootnoteboxwidth=\skip116
\mdffootnoteboxtotalwidth=\skip117
\mdffootnoteboxheight=\skip118
\mdffootnoteboxdepth=\skip119
\mdffootnoteboxtotalheight=\skip120
\mdftotallinewidth=\skip121
\mdfboundingboxwidth=\skip122
\mdfboundingboxtotalwidth=\skip123
\mdfboundingboxheight=\skip124
\mdfboundingboxdepth=\skip125
\mdfboundingboxtotalheight=\skip126
\mdf@freevspace@length=\skip127
\mdf@horizontalwidthofbox@length=\skip128
\mdf@verticalmarginwhole@length=\skip129
\mdf@horizontalspaceofbox=\skip130
\mdfsubtitleheight=\skip131
\mdfsubsubtitleheight=\skip132
\c@mdfcountframes=\count296

****** mdframed patching \endmdf@trivlist

****** -- success******

\mdf@envdepth=\count297
\c@mdf@env@i=\count298
\c@mdf@env@ii=\count299
\c@mdf@zref@counter=\count300
Package zref Info: New property: mdf@pagevalue on input line 895.
) (C:\Users\jorge\AppData\Local\Programs\MiKTeX\tex/latex/xcolor\xcolor.sty
Package: xcolor 2023/11/15 v3.01 LaTeX color extensions (UK)

(C:\Users\jorge\AppData\Local\Programs\MiKTeX\tex/latex/graphics-cfg\color.cfg
File: color.cfg 2016/01/02 v1.6 sample color configuration
)
Package xcolor Info: Driver file: pdftex.def on input line 274.
LaTeX Info: Redefining \color on input line 758.
(C:\Users\jorge\AppData\Local\Programs\MiKTeX\tex/latex/graphics\mathcolor.ltx)
Package xcolor Info: Model `cmy' substituted by `cmy0' on input line 1350.
Package xcolor Info: Model `hsb' substituted by `rgb' on input line 1354.
Package xcolor Info: Model `RGB' extended on input line 1366.
Package xcolor Info: Model `HTML' substituted by `rgb' on input line 1368.
Package xcolor Info: Model `Hsb' substituted by `hsb' on input line 1369.
Package xcolor Info: Model `tHsb' substituted by `hsb' on input line 1370.
Package xcolor Info: Model `HSB' substituted by `hsb' on input line 1371.
Package xcolor Info: Model `Gray' substituted by `gray' on input line 1372.
Package xcolor Info: Model `wave' substituted by `hsb' on input line 1373.
)
\c@teo=\count301

No file apuntes.aux.
\openout1 = `apuntes.aux'.

LaTeX Font Info:    Checking defaults for OML/cmm/m/it on input line 52.
LaTeX Font Info:    ... okay on input line 52.
LaTeX Font Info:    Checking defaults for OMS/cmsy/m/n on input line 52.
LaTeX Font Info:    ... okay on input line 52.
LaTeX Font Info:    Checking defaults for OT1/cmr/m/n on input line 52.
LaTeX Font Info:    ... okay on input line 52.
LaTeX Font Info:    Checking defaults for T1/cmr/m/n on input line 52.
LaTeX Font Info:    ... okay on input line 52.
LaTeX Font Info:    Checking defaults for TS1/cmr/m/n on input line 52.
LaTeX Font Info:    ... okay on input line 52.
LaTeX Font Info:    Checking defaults for OMX/cmex/m/n on input line 52.
LaTeX Font Info:    ... okay on input line 52.
LaTeX Font Info:    Checking defaults for U/cmr/m/n on input line 52.
LaTeX Font Info:    ... okay on input line 52.
LaTeX Font Info:    Checking defaults for PD1/pdf/m/n on input line 52.
LaTeX Font Info:    ... okay on input line 52.
LaTeX Font Info:    Checking defaults for PU/pdf/m/n on input line 52.
LaTeX Font Info:    ... okay on input line 52.
LaTeX Info: Redefining \. on input line 52.
LaTeX Info: Redefining \% on input line 52.

(C:\Users\jorge\AppData\Local\Programs\MiKTeX\tex/context/base/mkii\supp-pdf.mk
ii
[Loading MPS to PDF converter (version 2006.09.02).]
\scratchcounter=\count302
\scratchdimen=\dimen167
\scratchbox=\box59
\nofMPsegments=\count303
\nofMParguments=\count304
\everyMPshowfont=\toks32
\MPscratchCnt=\count305
\MPscratchDim=\dimen168
\MPnumerator=\count306
\makeMPintoPDFobject=\count307
\everyMPtoPDFconversion=\toks33
)
(C:\Users\jorge\AppData\Local\Programs\MiKTeX\tex/latex/epstopdf-pkg\epstopdf-b
ase.sty
Package: epstopdf-base 2020-01-24 v2.11 Base part for package epstopdf
Package epstopdf-base Info: Redefining graphics rule for `.eps' on input line 4
85.

(C:\Users\jorge\AppData\Local\Programs\MiKTeX\tex/latex/00miktex\epstopdf-sys.c
fg
File: epstopdf-sys.cfg 2021/03/18 v2.0 Configuration of epstopdf for MiKTeX
))
Package caption Info: Begin \AtBeginDocument code.
Package caption Info: hyperref package is loaded.
Package caption Info: End \AtBeginDocument code.
Package hyperref Info: Link coloring OFF on input line 52.
\@outlinefile=\write3
\openout3 = `apuntes.out'.

\openout2 = `indice.aux'.

 (indice.tex [1




{C:/Users/jorge/AppData/Local/MiKTeX/fonts/map/pdftex/pdftex.map}]
<insta.png, id=11, 185.94469pt x 130.23656pt>
File: insta.png Graphic file (type png)
<use insta.png>
Package pdftex.def Info: insta.png  used on input line 17.
(pdftex.def)             Requested size: 19.23363pt x 13.46956pt.
 [2

 <./insta.png>]
No file apuntes.toc.
\tf@toc=\write4
\openout4 = `apuntes.toc'.

) [3]
LaTeX Info: Redefining \. on input line 58.
LaTeX Info: Redefining \% on input line 58.


Package fancyhdr Warning: \headheight is too small (12.0pt): 
(fancyhdr)                Make it at least 13.07225pt, for example:
(fancyhdr)                \setlength{\headheight}{13.07225pt}.
(fancyhdr)                You might also make \topmargin smaller to compensate:

(fancyhdr)                \addtolength{\topmargin}{-1.07225pt}.

File: insta.png Graphic file (type png)
<use insta.png>
Package pdftex.def Info: insta.png  used on input line 58.
(pdftex.def)             Requested size: 19.23363pt x 13.46956pt.
[4



]
\openout2 = `capitulo1.aux'.

 (capitulo1.tex
Cap\'{\i }tulo 1.
Package mdframed Info: mdframed works in twoside mode on input line 3.
Package mdframed Info: mdframed detected package amsthm 
 changed the theorem header of amsthm
(mdframed)              on input line 3.
LaTeX Font Info:    Trying to load font information for U+msa on input line 4.
(C:\Users\jorge\AppData\Local\Programs\MiKTeX\tex/latex/amsfonts\umsa.fd
File: umsa.fd 2013/01/14 v3.01 AMS symbols A
)
LaTeX Font Info:    Trying to load font information for U+msb on input line 4.

(C:\Users\jorge\AppData\Local\Programs\MiKTeX\tex/latex/amsfonts\umsb.fd
File: umsb.fd 2013/01/14 v3.01 AMS symbols B
)
LaTeX Font Info:    Trying to load font information for U+rsfs on input line 4.


(C:\Users\jorge\AppData\Local\Programs\MiKTeX\tex/latex/jknappen\ursfs.fd
File: ursfs.fd 1998/03/24 rsfs font definition file (jk)
)

LaTeX Warning: Reference `mdf@pagelabel-1' on page 1 undefined on input line 16
.

Package mdframed Info: mdframed works in twoside mode on input line 18.
Package mdframed Info: mdframed detected package amsthm 
 changed the theorem header of amsthm
(mdframed)              on input line 18.

LaTeX Warning: Reference `mdf@pagelabel-2' on page 1 undefined on input line 20
.

Package mdframed Info: mdframed works in twoside mode on input line 22.
Package mdframed Info: mdframed detected package amsthm 
 changed the theorem header of amsthm
(mdframed)              on input line 22.
Package mdframed Info: Box was splittet wrong
 starting loop to iterate the splitting point
(mdframed)              on input line 43.

LaTeX Warning: Reference `mdf@pagelabel-3' on page 1 undefined on input line 43
.

[1


]

LaTeX Warning: Reference `mdf@pagelabel-4' on page 2 undefined on input line 43
.

Package mdframed Info: mdframed works in twoside mode on input line 45.
Package mdframed Info: mdframed detected package amsthm 
 changed the theorem header of amsthm
(mdframed)              on input line 45.

LaTeX Warning: Reference `mdf@pagelabel-5' on page 2 undefined on input line 62
.

Package mdframed Info: mdframed works in twoside mode on input line 64.
Package mdframed Info: mdframed detected package amsthm 
 changed the theorem header of amsthm
(mdframed)              on input line 64.

LaTeX Warning: Reference `mdf@pagelabel-6' on page 2 undefined on input line 75
.

Package mdframed Info: mdframed works in twoside mode on input line 77.
Package mdframed Info: mdframed detected package amsthm 
 changed the theorem header of amsthm
(mdframed)              on input line 77.

Underfull \hbox (badness 10000) in paragraph at lines 78--82

 []


LaTeX Warning: Reference `mdf@pagelabel-7' on page 2 undefined on input line 85
.

Package mdframed Info: mdframed works in twoside mode on input line 91.
Package mdframed Info: mdframed detected package amsthm 
 changed the theorem header of amsthm
(mdframed)              on input line 91.

Package mdframed Warning: You got a bad break
(mdframed)                because the last box will be empty
(mdframed)                you have to change it manually
(mdframed)                by changing the text, the space
(mdframed)                or something else on input line 95.

Package mdframed Info: You first box width is to small
 mdframed fixed it
(mdframed)              on input line 95.
LaTeX Info: Redefining \. on input line 95.
LaTeX Info: Redefining \% on input line 95.

Package fancyhdr Warning: \headheight is too small (12.0pt): 
(fancyhdr)                Make it at least 13.07225pt, for example:
(fancyhdr)                \setlength{\headheight}{13.07225pt}.
(fancyhdr)                You might also make \topmargin smaller to compensate:

(fancyhdr)                \addtolength{\topmargin}{-1.07225pt}.

File: insta.png Graphic file (type png)
<use insta.png>
Package pdftex.def Info: insta.png  used on input line 95.
(pdftex.def)             Requested size: 19.23363pt x 13.46956pt.
[2]

LaTeX Warning: Reference `mdf@pagelabel-8' on page 3 undefined on input line 95
.

Package mdframed Info: mdframed works in twoside mode on input line 97.
Package mdframed Info: mdframed detected package amsthm 
 changed the theorem header of amsthm
(mdframed)              on input line 97.

LaTeX Warning: Reference `mdf@pagelabel-9' on page 3 undefined on input line 10
6.

Package mdframed Info: mdframed works in twoside mode on input line 108.
Package mdframed Info: mdframed detected package amsthm 
 changed the theorem header of amsthm
(mdframed)              on input line 108.

LaTeX Warning: Reference `mdf@pagelabel-10' on page 3 undefined on input line 1
14.

)
File: insta.png Graphic file (type png)
<use insta.png>
Package pdftex.def Info: insta.png  used on input line 59.
(pdftex.def)             Requested size: 19.23363pt x 13.46956pt.
 [3]
\openout2 = `capitulo2.aux'.

 (capitulo2.tex
LaTeX Info: Redefining \. on input line 1.
LaTeX Info: Redefining \% on input line 1.


Package fancyhdr Warning: \headheight is too small (12.0pt): 
(fancyhdr)                Make it at least 13.07225pt, for example:
(fancyhdr)                \setlength{\headheight}{13.07225pt}.
(fancyhdr)                You might also make \topmargin smaller to compensate:

(fancyhdr)                \addtolength{\topmargin}{-1.07225pt}.

File: insta.png Graphic file (type png)
<use insta.png>
Package pdftex.def Info: insta.png  used on input line 1.
(pdftex.def)             Requested size: 19.23363pt x 13.46956pt.
[4




]
Cap\'{\i }tulo 2.
Package mdframed Info: mdframed works in twoside mode on input line 5.
Package mdframed Info: mdframed detected package amsthm 
 changed the theorem header of amsthm
(mdframed)              on input line 5.

LaTeX Warning: Reference `mdf@pagelabel-11' on page 5 undefined on input line 7
.

Package mdframed Info: mdframed works in twoside mode on input line 9.
Package mdframed Info: mdframed detected package amsthm 
 changed the theorem header of amsthm
(mdframed)              on input line 9.

LaTeX Warning: Reference `mdf@pagelabel-12' on page 5 undefined on input line 1
1.

Package mdframed Info: mdframed works in twoside mode on input line 17.
Package mdframed Info: mdframed detected package amsthm 
 changed the theorem header of amsthm
(mdframed)              on input line 17.

LaTeX Warning: Reference `mdf@pagelabel-13' on page 5 undefined on input line 2
7.

Package mdframed Info: mdframed works in twoside mode on input line 29.
Package mdframed Info: mdframed detected package amsthm 
 changed the theorem header of amsthm
(mdframed)              on input line 29.

Overfull \hbox (22.2437pt too wide) in paragraph at lines 39--41
\OT1/cmr/m/n/10 es una va-ria-ble alea-to-ria y se de-no-mi-na va-ria-ble alea-
to-ria sim-ple. N^^Sote-se que $\OML/cmm/m/it/10 X\OT1/cmr/m/n/10 (\OML/cmm/m/i
t/10 !\OT1/cmr/m/n/10 ) = [][] []$. 
 []


LaTeX Warning: Reference `mdf@pagelabel-14' on page 5 undefined on input line 4
1.


Overfull \hbox (8.92801pt too wide) in paragraph at lines 43--43
[]\OT1/cmr/bx/n/14.4 Propiedades y ope-ra-cio-nes al-ge-brai-cas con va-ria-ble
s alea-
 []

Package mdframed Info: mdframed works in twoside mode on input line 45.
Package mdframed Info: mdframed detected package amsthm 
 changed the theorem header of amsthm
(mdframed)              on input line 45.
Package mdframed Info: Not enough space on this page on input line 52.
[5]
Package mdframed Info: Not enough space on this page on input line 52.


LaTeX Warning: Reference `mdf@pagelabel-15' on page 6 undefined on input line 5
2.


Underfull \hbox (badness 10000) in paragraph at lines 60--65

 []


Underfull \hbox (badness 10000) in paragraph at lines 67--72

 []

Package mdframed Info: mdframed works in twoside mode on input line 77.
Package mdframed Info: mdframed detected package amsthm 
 changed the theorem header of amsthm
(mdframed)              on input line 77.

LaTeX Warning: Reference `mdf@pagelabel-16' on page 6 undefined on input line 8
6.

Package mdframed Info: mdframed works in twoside mode on input line 88.
Package mdframed Info: mdframed detected package amsthm 
 changed the theorem header of amsthm
(mdframed)              on input line 88.

LaTeX Warning: Reference `mdf@pagelabel-17' on page 6 undefined on input line 9
0.


Package hyperref Warning: Token not allowed in a PDF string (Unicode):
(hyperref)                removing `math shift' on input line 103.


Package hyperref Warning: Token not allowed in a PDF string (Unicode):
(hyperref)                removing `math shift' on input line 103.

LaTeX Info: Redefining \. on input line 104.
LaTeX Info: Redefining \% on input line 104.

Package fancyhdr Warning: \headheight is too small (12.0pt): 
(fancyhdr)                Make it at least 13.07225pt, for example:
(fancyhdr)                \setlength{\headheight}{13.07225pt}.
(fancyhdr)                You might also make \topmargin smaller to compensate:

(fancyhdr)                \addtolength{\topmargin}{-1.07225pt}.

File: insta.png Graphic file (type png)
<use insta.png>
Package pdftex.def Info: insta.png  used on input line 104.
(pdftex.def)             Requested size: 19.23363pt x 13.46956pt.
[6]
Package mdframed Info: mdframed works in twoside mode on input line 104.
Package mdframed Info: mdframed detected package amsthm 
 changed the theorem header of amsthm
(mdframed)              on input line 104.


LaTeX Warning: Reference `mdf@pagelabel-18' on page 7 undefined on input line 1
10.

)
LaTeX Info: Redefining \. on input line 60.
LaTeX Info: Redefining \% on input line 60.
File: insta.png Graphic file (type png)
<use insta.png>
Package pdftex.def Info: insta.png  used on input line 60.
(pdftex.def)             Requested size: 19.23363pt x 13.46956pt.
 [7]
\openout2 = `capitulo3.aux'.

 (capitulo3.tex
LaTeX Info: Redefining \. on input line 1.
LaTeX Info: Redefining \% on input line 1.


Package fancyhdr Warning: \headheight is too small (12.0pt): 
(fancyhdr)                Make it at least 13.07225pt, for example:
(fancyhdr)                \setlength{\headheight}{13.07225pt}.
(fancyhdr)                You might also make \topmargin smaller to compensate:

(fancyhdr)                \addtolength{\topmargin}{-1.07225pt}.

File: insta.png Graphic file (type png)
<use insta.png>
Package pdftex.def Info: insta.png  used on input line 1.
(pdftex.def)             Requested size: 19.23363pt x 13.46956pt.
[8




]
Cap\'{\i }tulo 3.
Package mdframed Info: mdframed works in twoside mode on input line 5.
Package mdframed Info: mdframed detected package amsthm 
 changed the theorem header of amsthm
(mdframed)              on input line 5.

LaTeX Warning: Reference `mdf@pagelabel-19' on page 9 undefined on input line 1
8.

Package mdframed Info: mdframed works in twoside mode on input line 20.
Package mdframed Info: mdframed detected package amsthm 
 changed the theorem header of amsthm
(mdframed)              on input line 20.

LaTeX Warning: Reference `mdf@pagelabel-20' on page 9 undefined on input line 2
2.


Underfull \hbox (badness 10000) in paragraph at lines 33--38

 []

[9]
Package mdframed Info: mdframed works in twoside mode on input line 63.
Package mdframed Info: mdframed detected package amsthm 
 changed the theorem header of amsthm
(mdframed)              on input line 63.


LaTeX Warning: Reference `mdf@pagelabel-21' on page 10 undefined on input line 
76.

Package mdframed Info: mdframed works in twoside mode on input line 78.
Package mdframed Info: mdframed detected package amsthm 
 changed the theorem header of amsthm
(mdframed)              on input line 78.

LaTeX Warning: Reference `mdf@pagelabel-22' on page 10 undefined on input line 
80.

Package mdframed Info: mdframed works in twoside mode on input line 97.
Package mdframed Info: mdframed detected package amsthm 
 changed the theorem header of amsthm
(mdframed)              on input line 97.
capitulo3.tex:102: Undefined control sequence.
l.102 en la que $F_d,F_c: \mathb
                                {R} \longrightarrow [0,1]$ verifican
The control sequence at the end of the top line
of your error message was never \def'ed. If you have
misspelled it (e.g., `\hobx'), type `I' and the correct
spelling (e.g., `I\hbox'). Otherwise just continue,
and I'll forget about whatever was undefined.

capitulo3.tex:105: Undefined control sequence.
l.105 ...ua por la derecha para todo $x \in \mathb
                                                  {R}$ y varía a saltos.
The control sequence at the end of the top line
of your error message was never \def'ed. If you have
misspelled it (e.g., `\hobx'), type `I' and the correct
spelling (e.g., `I\hbox'). Otherwise just continue,
and I'll forget about whatever was undefined.

Package mdframed Info: Not enough space on this page on input line 118.
LaTeX Info: Redefining \. on input line 118.
LaTeX Info: Redefining \% on input line 118.

Package fancyhdr Warning: \headheight is too small (12.0pt): 
(fancyhdr)                Make it at least 13.07225pt, for example:
(fancyhdr)                \setlength{\headheight}{13.07225pt}.
(fancyhdr)                You might also make \topmargin smaller to compensate:

(fancyhdr)                \addtolength{\topmargin}{-1.07225pt}.

File: insta.png Graphic file (type png)
<use insta.png>
Package pdftex.def Info: insta.png  used on input line 118.
(pdftex.def)             Requested size: 19.23363pt x 13.46956pt.
[10]
Package mdframed Info: Not enough space on this page on input line 118.


LaTeX Warning: Reference `mdf@pagelabel-23' on page 11 undefined on input line 
118.

)
LaTeX Info: Redefining \. on input line 61.
LaTeX Info: Redefining \% on input line 61.


Package fancyhdr Warning: \headheight is too small (12.0pt): 
(fancyhdr)                Make it at least 13.07225pt, for example:
(fancyhdr)                \setlength{\headheight}{13.07225pt}.
(fancyhdr)                You might also make \topmargin smaller to compensate:

(fancyhdr)                \addtolength{\topmargin}{-1.07225pt}.

File: insta.png Graphic file (type png)
<use insta.png>
Package pdftex.def Info: insta.png  used on input line 61.
(pdftex.def)             Requested size: 19.23363pt x 13.46956pt.
[11]
\openout2 = `capitulo4.aux'.

 (capitulo4.tex
LaTeX Info: Redefining \. on input line 1.
LaTeX Info: Redefining \% on input line 1.


Package fancyhdr Warning: \headheight is too small (12.0pt): 
(fancyhdr)                Make it at least 13.07225pt, for example:
(fancyhdr)                \setlength{\headheight}{13.07225pt}.
(fancyhdr)                You might also make \topmargin smaller to compensate:

(fancyhdr)                \addtolength{\topmargin}{-1.07225pt}.

File: insta.png Graphic file (type png)
<use insta.png>
Package pdftex.def Info: insta.png  used on input line 1.
(pdftex.def)             Requested size: 19.23363pt x 13.46956pt.
[12




]
Cap\'{\i }tulo 4.
Package mdframed Info: mdframed works in twoside mode on input line 4.
Package mdframed Info: mdframed detected package amsthm 
 changed the theorem header of amsthm
(mdframed)              on input line 4.

LaTeX Warning: Reference `mdf@pagelabel-24' on page 13 undefined on input line 
18.

Package mdframed Info: mdframed works in twoside mode on input line 41.
Package mdframed Info: mdframed detected package amsthm 
 changed the theorem header of amsthm
(mdframed)              on input line 41.
Package mdframed Info: Not enough space on this page on input line 47.
[13]
Package mdframed Info: Not enough space on this page on input line 47.


LaTeX Warning: Reference `mdf@pagelabel-25' on page 14 undefined on input line 
47.

Package mdframed Info: mdframed works in twoside mode on input line 49.
Package mdframed Info: mdframed detected package amsthm 
 changed the theorem header of amsthm
(mdframed)              on input line 49.

LaTeX Warning: Reference `mdf@pagelabel-26' on page 14 undefined on input line 
54.

capitulo4.tex:62: Undefined control sequence.
l.62     \item[(4)] $P_X(B) = \int_{B}{f(x) \dx
                                               }$ para todo $B \in \mathbb{B...
The control sequence at the end of the top line
of your error message was never \def'ed. If you have
misspelled it (e.g., `\hobx'), type `I' and the correct
spelling (e.g., `I\hbox'). Otherwise just continue,
and I'll forget about whatever was undefined.

Package mdframed Info: mdframed works in twoside mode on input line 70.
Package mdframed Info: mdframed detected package amsthm 
 changed the theorem header of amsthm
(mdframed)              on input line 70.

LaTeX Warning: Reference `mdf@pagelabel-27' on page 14 undefined on input line 
72.

)
LaTeX Info: Redefining \. on input line 62.
LaTeX Info: Redefining \% on input line 62.


Package fancyhdr Warning: \headheight is too small (12.0pt): 
(fancyhdr)                Make it at least 13.07225pt, for example:
(fancyhdr)                \setlength{\headheight}{13.07225pt}.
(fancyhdr)                You might also make \topmargin smaller to compensate:

(fancyhdr)                \addtolength{\topmargin}{-1.07225pt}.

File: insta.png Graphic file (type png)
<use insta.png>
Package pdftex.def Info: insta.png  used on input line 62.
(pdftex.def)             Requested size: 19.23363pt x 13.46956pt.
[14]
\openout2 = `capitulo5.aux'.

 (capitulo5.tex
Cap\'{\i }tulo 5.
Package mdframed Info: mdframed works in twoside mode on input line 5.
Package mdframed Info: mdframed detected package amsthm 
 changed the theorem header of amsthm
(mdframed)              on input line 5.

LaTeX Warning: Reference `mdf@pagelabel-28' on page 15 undefined on input line 
10.

Package mdframed Info: mdframed works in twoside mode on input line 15.
Package mdframed Info: mdframed detected package amsthm 
 changed the theorem header of amsthm
(mdframed)              on input line 15.

LaTeX Warning: Reference `mdf@pagelabel-29' on page 15 undefined on input line 
20.

Package mdframed Info: mdframed works in twoside mode on input line 24.
Package mdframed Info: mdframed detected package amsthm 
 changed the theorem header of amsthm
(mdframed)              on input line 24.

LaTeX Warning: Reference `mdf@pagelabel-30' on page 15 undefined on input line 
29.


Underfull \hbox (badness 10000) in paragraph at lines 32--36

 []

[15




]
Underfull \hbox (badness 10000) in paragraph at lines 48--53

 []

Package mdframed Info: mdframed works in twoside mode on input line 55.
Package mdframed Info: mdframed detected package amsthm 
 changed the theorem header of amsthm
(mdframed)              on input line 55.

LaTeX Warning: Reference `mdf@pagelabel-31' on page 16 undefined on input line 
60.

Package mdframed Info: mdframed works in twoside mode on input line 64.
Package mdframed Info: mdframed detected package amsthm 
 changed the theorem header of amsthm
(mdframed)              on input line 64.

LaTeX Warning: Reference `mdf@pagelabel-32' on page 16 undefined on input line 
66.

Package mdframed Info: mdframed works in twoside mode on input line 70.
Package mdframed Info: mdframed detected package amsthm 
 changed the theorem header of amsthm
(mdframed)              on input line 70.

LaTeX Warning: Reference `mdf@pagelabel-33' on page 16 undefined on input line 
72.

Package mdframed Info: mdframed works in twoside mode on input line 81.
Package mdframed Info: mdframed detected package amsthm 
 changed the theorem header of amsthm
(mdframed)              on input line 81.
Package mdframed Info: Not enough space on this page on input line 110.
LaTeX Info: Redefining \. on input line 110.
LaTeX Info: Redefining \% on input line 110.

Package fancyhdr Warning: \headheight is too small (12.0pt): 
(fancyhdr)                Make it at least 13.07225pt, for example:
(fancyhdr)                \setlength{\headheight}{13.07225pt}.
(fancyhdr)                You might also make \topmargin smaller to compensate:

(fancyhdr)                \addtolength{\topmargin}{-1.07225pt}.

File: insta.png Graphic file (type png)
<use insta.png>
Package pdftex.def Info: insta.png  used on input line 110.
(pdftex.def)             Requested size: 19.23363pt x 13.46956pt.
[16]
Package mdframed Info: Not enough space on this page on input line 110.


LaTeX Warning: Reference `mdf@pagelabel-34' on page 17 undefined on input line 
110.

)
LaTeX Info: Redefining \. on input line 63.
LaTeX Info: Redefining \% on input line 63.
File: insta.png Graphic file (type png)
<use insta.png>
Package pdftex.def Info: insta.png  used on input line 63.
(pdftex.def)             Requested size: 19.23363pt x 13.46956pt.
 [17]
\openout2 = `capitulo6.aux'.

 (capitulo6.tex
LaTeX Info: Redefining \. on input line 1.
LaTeX Info: Redefining \% on input line 1.


Package fancyhdr Warning: \headheight is too small (12.0pt): 
(fancyhdr)                Make it at least 13.07225pt, for example:
(fancyhdr)                \setlength{\headheight}{13.07225pt}.
(fancyhdr)                You might also make \topmargin smaller to compensate:

(fancyhdr)                \addtolength{\topmargin}{-1.07225pt}.

File: insta.png Graphic file (type png)
<use insta.png>
Package pdftex.def Info: insta.png  used on input line 1.
(pdftex.def)             Requested size: 19.23363pt x 13.46956pt.
[18




]
Cap\'{\i }tulo 6.
Package mdframed Info: mdframed works in twoside mode on input line 5.
Package mdframed Info: mdframed detected package amsthm 
 changed the theorem header of amsthm
(mdframed)              on input line 5.

LaTeX Warning: Reference `mdf@pagelabel-35' on page 19 undefined on input line 
17.

Package mdframed Info: mdframed works in twoside mode on input line 19.
Package mdframed Info: mdframed detected package amsthm 
 changed the theorem header of amsthm
(mdframed)              on input line 19.

Overfull \hbox (17.54993pt too wide) detected at line 29
[]
 []


LaTeX Warning: Reference `mdf@pagelabel-36' on page 19 undefined on input line 
31.

Package mdframed Info: mdframed works in twoside mode on input line 33.
Package mdframed Info: mdframed detected package amsthm 
 changed the theorem header of amsthm
(mdframed)              on input line 33.

LaTeX Warning: Reference `mdf@pagelabel-37' on page 19 undefined on input line 
40.

[19]
Package mdframed Info: mdframed works in twoside mode on input line 44.
Package mdframed Info: mdframed detected package amsthm 
 changed the theorem header of amsthm
(mdframed)              on input line 44.


LaTeX Warning: Reference `mdf@pagelabel-38' on page 20 undefined on input line 
49.

Package mdframed Info: mdframed works in twoside mode on input line 51.
Package mdframed Info: mdframed detected package amsthm 
 changed the theorem header of amsthm
(mdframed)              on input line 51.

LaTeX Warning: Reference `mdf@pagelabel-39' on page 20 undefined on input line 
60.

Package mdframed Info: mdframed works in twoside mode on input line 62.
Package mdframed Info: mdframed detected package amsthm 
 changed the theorem header of amsthm
(mdframed)              on input line 62.

LaTeX Warning: Reference `mdf@pagelabel-40' on page 20 undefined on input line 
72.

Package mdframed Info: mdframed works in twoside mode on input line 74.
Package mdframed Info: mdframed detected package amsthm 
 changed the theorem header of amsthm
(mdframed)              on input line 74.

LaTeX Warning: Reference `mdf@pagelabel-41' on page 20 undefined on input line 
79.

Package mdframed Info: mdframed works in twoside mode on input line 81.
Package mdframed Info: mdframed detected package amsthm 
 changed the theorem header of amsthm
(mdframed)              on input line 81.

LaTeX Warning: Reference `mdf@pagelabel-42' on page 20 undefined on input line 
89.

Package mdframed Info: mdframed works in twoside mode on input line 93.
Package mdframed Info: mdframed detected package amsthm 
 changed the theorem header of amsthm
(mdframed)              on input line 93.

LaTeX Warning: Reference `mdf@pagelabel-43' on page 20 undefined on input line 
99.

LaTeX Info: Redefining \. on input line 99.
LaTeX Info: Redefining \% on input line 99.

Package fancyhdr Warning: \headheight is too small (12.0pt): 
(fancyhdr)                Make it at least 13.07225pt, for example:
(fancyhdr)                \setlength{\headheight}{13.07225pt}.
(fancyhdr)                You might also make \topmargin smaller to compensate:

(fancyhdr)                \addtolength{\topmargin}{-1.07225pt}.

File: insta.png Graphic file (type png)
<use insta.png>
Package pdftex.def Info: insta.png  used on input line 99.
(pdftex.def)             Requested size: 19.23363pt x 13.46956pt.
[20]

LaTeX Warning: Reference `mdf@pagelabel-44' on page 21 undefined on input line 
99.

Package mdframed Info: mdframed works in twoside mode on input line 105.
Package mdframed Info: mdframed detected package amsthm 
 changed the theorem header of amsthm
(mdframed)              on input line 105.

LaTeX Warning: Reference `mdf@pagelabel-45' on page 21 undefined on input line 
111.

Package mdframed Info: mdframed works in twoside mode on input line 113.
Package mdframed Info: mdframed detected package amsthm 
 changed the theorem header of amsthm
(mdframed)              on input line 113.

LaTeX Warning: Reference `mdf@pagelabel-46' on page 21 undefined on input line 
119.

Package mdframed Info: mdframed works in twoside mode on input line 128.
Package mdframed Info: mdframed detected package amsthm 
 changed the theorem header of amsthm
(mdframed)              on input line 128.

LaTeX Warning: Reference `mdf@pagelabel-47' on page 21 undefined on input line 
130.

Package mdframed Info: mdframed works in twoside mode on input line 132.
Package mdframed Info: mdframed detected package amsthm 
 changed the theorem header of amsthm
(mdframed)              on input line 132.

LaTeX Warning: Reference `mdf@pagelabel-48' on page 21 undefined on input line 
142.

Package mdframed Info: mdframed works in twoside mode on input line 144.
Package mdframed Info: mdframed detected package amsthm 
 changed the theorem header of amsthm
(mdframed)              on input line 144.
Package mdframed Info: Not enough space on this page on input line 149.
LaTeX Info: Redefining \. on input line 149.
LaTeX Info: Redefining \% on input line 149.
File: insta.png Graphic file (type png)
<use insta.png>
Package pdftex.def Info: insta.png  used on input line 149.
(pdftex.def)             Requested size: 19.23363pt x 13.46956pt.
[21]
Package mdframed Info: Not enough space on this page on input line 149.


LaTeX Warning: Reference `mdf@pagelabel-49' on page 22 undefined on input line 
149.

Package mdframed Info: mdframed works in twoside mode on input line 153.
Package mdframed Info: mdframed detected package amsthm 
 changed the theorem header of amsthm
(mdframed)              on input line 153.

LaTeX Warning: Reference `mdf@pagelabel-50' on page 22 undefined on input line 
155.

Package mdframed Info: mdframed works in twoside mode on input line 167.
Package mdframed Info: mdframed detected package amsthm 
 changed the theorem header of amsthm
(mdframed)              on input line 167.

LaTeX Warning: Reference `mdf@pagelabel-51' on page 22 undefined on input line 
179.

Package mdframed Info: mdframed works in twoside mode on input line 181.
Package mdframed Info: mdframed detected package amsthm 
 changed the theorem header of amsthm
(mdframed)              on input line 181.

LaTeX Warning: Reference `mdf@pagelabel-52' on page 22 undefined on input line 
183.

Package mdframed Info: mdframed works in twoside mode on input line 185.
Package mdframed Info: mdframed detected package amsthm 
 changed the theorem header of amsthm
(mdframed)              on input line 185.

LaTeX Warning: Reference `mdf@pagelabel-53' on page 22 undefined on input line 
190.

Package mdframed Info: mdframed works in twoside mode on input line 192.
Package mdframed Info: mdframed detected package amsthm 
 changed the theorem header of amsthm
(mdframed)              on input line 192.

LaTeX Warning: Reference `mdf@pagelabel-54' on page 22 undefined on input line 
198.

LaTeX Info: Redefining \. on input line 198.
LaTeX Info: Redefining \% on input line 198.

Package fancyhdr Warning: \headheight is too small (12.0pt): 
(fancyhdr)                Make it at least 13.07225pt, for example:
(fancyhdr)                \setlength{\headheight}{13.07225pt}.
(fancyhdr)                You might also make \topmargin smaller to compensate:

(fancyhdr)                \addtolength{\topmargin}{-1.07225pt}.

File: insta.png Graphic file (type png)
<use insta.png>
Package pdftex.def Info: insta.png  used on input line 198.
(pdftex.def)             Requested size: 19.23363pt x 13.46956pt.
[22]

LaTeX Warning: Reference `mdf@pagelabel-55' on page 23 undefined on input line 
198.

Package mdframed Info: mdframed works in twoside mode on input line 200.
Package mdframed Info: mdframed detected package amsthm 
 changed the theorem header of amsthm
(mdframed)              on input line 200.

LaTeX Warning: Reference `mdf@pagelabel-56' on page 23 undefined on input line 
209.

Package mdframed Info: mdframed works in twoside mode on input line 211.
Package mdframed Info: mdframed detected package amsthm 
 changed the theorem header of amsthm
(mdframed)              on input line 211.

LaTeX Warning: Reference `mdf@pagelabel-57' on page 23 undefined on input line 
216.

)
LaTeX Info: Redefining \. on input line 64.
LaTeX Info: Redefining \% on input line 64.
File: insta.png Graphic file (type png)
<use insta.png>
Package pdftex.def Info: insta.png  used on input line 64.
(pdftex.def)             Requested size: 19.23363pt x 13.46956pt.
 [23]
\openout2 = `capitulo7.aux'.

 (capitulo7.tex
LaTeX Info: Redefining \. on input line 1.
LaTeX Info: Redefining \% on input line 1.


Package fancyhdr Warning: \headheight is too small (12.0pt): 
(fancyhdr)                Make it at least 13.07225pt, for example:
(fancyhdr)                \setlength{\headheight}{13.07225pt}.
(fancyhdr)                You might also make \topmargin smaller to compensate:

(fancyhdr)                \addtolength{\topmargin}{-1.07225pt}.

File: insta.png Graphic file (type png)
<use insta.png>
Package pdftex.def Info: insta.png  used on input line 1.
(pdftex.def)             Requested size: 19.23363pt x 13.46956pt.
[24




]
Cap\'{\i }tulo 7.
Package mdframed Info: mdframed works in twoside mode on input line 5.
Package mdframed Info: mdframed detected package amsthm 
 changed the theorem header of amsthm
(mdframed)              on input line 5.

LaTeX Warning: Reference `mdf@pagelabel-58' on page 25 undefined on input line 
10.

Package mdframed Info: mdframed works in twoside mode on input line 12.
Package mdframed Info: mdframed detected package amsthm 
 changed the theorem header of amsthm
(mdframed)              on input line 12.

LaTeX Warning: Reference `mdf@pagelabel-59' on page 25 undefined on input line 
21.

Package mdframed Info: mdframed works in twoside mode on input line 23.
Package mdframed Info: mdframed detected package amsthm 
 changed the theorem header of amsthm
(mdframed)              on input line 23.

LaTeX Warning: Reference `mdf@pagelabel-60' on page 25 undefined on input line 
25.

[25]
Package mdframed Info: mdframed works in twoside mode on input line 49.
Package mdframed Info: mdframed detected package amsthm 
 changed the theorem header of amsthm
(mdframed)              on input line 49.


LaTeX Warning: Reference `mdf@pagelabel-61' on page 26 undefined on input line 
58.

Package mdframed Info: mdframed works in twoside mode on input line 60.
Package mdframed Info: mdframed detected package amsthm 
 changed the theorem header of amsthm
(mdframed)              on input line 60.

LaTeX Warning: Reference `mdf@pagelabel-62' on page 26 undefined on input line 
62.

Package mdframed Info: mdframed works in twoside mode on input line 64.
Package mdframed Info: mdframed detected package amsthm 
 changed the theorem header of amsthm
(mdframed)              on input line 64.

LaTeX Warning: Reference `mdf@pagelabel-63' on page 26 undefined on input line 
69.

Package mdframed Info: mdframed works in twoside mode on input line 71.
Package mdframed Info: mdframed detected package amsthm 
 changed the theorem header of amsthm
(mdframed)              on input line 71.

LaTeX Warning: Reference `mdf@pagelabel-64' on page 26 undefined on input line 
73.

Package mdframed Info: mdframed works in twoside mode on input line 77.
Package mdframed Info: mdframed detected package amsthm 
 changed the theorem header of amsthm
(mdframed)              on input line 77.

LaTeX Warning: Reference `mdf@pagelabel-65' on page 26 undefined on input line 
83.

Package mdframed Info: mdframed works in twoside mode on input line 89.
Package mdframed Info: mdframed detected package amsthm 
 changed the theorem header of amsthm
(mdframed)              on input line 89.

LaTeX Warning: Reference `mdf@pagelabel-66' on page 26 undefined on input line 
94.

LaTeX Info: Redefining \. on input line 103.
LaTeX Info: Redefining \% on input line 103.

Package fancyhdr Warning: \headheight is too small (12.0pt): 
(fancyhdr)                Make it at least 13.07225pt, for example:
(fancyhdr)                \setlength{\headheight}{13.07225pt}.
(fancyhdr)                You might also make \topmargin smaller to compensate:

(fancyhdr)                \addtolength{\topmargin}{-1.07225pt}.

File: insta.png Graphic file (type png)
<use insta.png>
Package pdftex.def Info: insta.png  used on input line 103.
(pdftex.def)             Requested size: 19.23363pt x 13.46956pt.
[26]
Package mdframed Info: mdframed works in twoside mode on input line 105.
Package mdframed Info: mdframed detected package amsthm 
 changed the theorem header of amsthm
(mdframed)              on input line 105.


LaTeX Warning: Reference `mdf@pagelabel-67' on page 27 undefined on input line 
107.

Package mdframed Info: mdframed works in twoside mode on input line 117.
Package mdframed Info: mdframed detected package amsthm 
 changed the theorem header of amsthm
(mdframed)              on input line 117.

LaTeX Warning: Reference `mdf@pagelabel-68' on page 27 undefined on input line 
123.

Package mdframed Info: mdframed works in twoside mode on input line 127.
Package mdframed Info: mdframed detected package amsthm 
 changed the theorem header of amsthm
(mdframed)              on input line 127.

LaTeX Warning: Reference `mdf@pagelabel-69' on page 27 undefined on input line 
129.

Package mdframed Info: mdframed works in twoside mode on input line 131.
Package mdframed Info: mdframed detected package amsthm 
 changed the theorem header of amsthm
(mdframed)              on input line 131.

LaTeX Warning: Reference `mdf@pagelabel-70' on page 27 undefined on input line 
133.

Package mdframed Info: mdframed works in twoside mode on input line 144.
Package mdframed Info: mdframed detected package amsthm 
 changed the theorem header of amsthm
(mdframed)              on input line 144.

Package mdframed Warning: You got a bad break
(mdframed)                because the last box will be empty
(mdframed)                you have to change it manually
(mdframed)                by changing the text, the space
(mdframed)                or something else on input line 153.

Package mdframed Info: You first box width is to small
 mdframed fixed it
(mdframed)              on input line 153.

LaTeX Warning: Reference `mdf@pagelabel-71' on page 27 undefined on input line 
153.

LaTeX Info: Redefining \. on input line 153.
LaTeX Info: Redefining \% on input line 153.

Package fancyhdr Warning: \headheight is too small (12.0pt): 
(fancyhdr)                Make it at least 13.07225pt, for example:
(fancyhdr)                \setlength{\headheight}{13.07225pt}.
(fancyhdr)                You might also make \topmargin smaller to compensate:

(fancyhdr)                \addtolength{\topmargin}{-1.07225pt}.

File: insta.png Graphic file (type png)
<use insta.png>
Package pdftex.def Info: insta.png  used on input line 153.
(pdftex.def)             Requested size: 19.23363pt x 13.46956pt.
[27]

Package mdframed Warning: You got a bad break
(mdframed)                because the last split box is empty
(mdframed)                You have to change the settings on input line 153.


LaTeX Warning: Reference `mdf@pagelabel-72' on page 28 undefined on input line 
153.

<coeficiente de asimetria.jpg, id=265, 402.75468pt x 153.57375pt>
File: coeficiente de asimetria.jpg Graphic file (type jpg)
<use coeficiente de asimetria.jpg>
Package pdftex.def Info: coeficiente de asimetria.jpg  used on input line 157.
(pdftex.def)             Requested size: 299.20076pt x 114.08801pt.
File: coeficiente de asimetria.jpg Graphic file (type jpg)
<use coeficiente de asimetria.jpg>
Package pdftex.def Info: coeficiente de asimetria.jpg  used on input line 157.
(pdftex.def)             Requested size: 299.20076pt x 114.08801pt.
Package mdframed Info: mdframed works in twoside mode on input line 161.
Package mdframed Info: mdframed detected package amsthm 
 changed the theorem header of amsthm
(mdframed)              on input line 161.

LaTeX Warning: Reference `mdf@pagelabel-73' on page 28 undefined on input line 
165.

)
LaTeX Info: Redefining \. on input line 65.
LaTeX Info: Redefining \% on input line 65.


Package fancyhdr Warning: \headheight is too small (12.0pt): 
(fancyhdr)                Make it at least 13.07225pt, for example:
(fancyhdr)                \setlength{\headheight}{13.07225pt}.
(fancyhdr)                You might also make \topmargin smaller to compensate:

(fancyhdr)                \addtolength{\topmargin}{-1.07225pt}.

File: insta.png Graphic file (type png)
<use insta.png>
Package pdftex.def Info: insta.png  used on input line 65.
(pdftex.def)             Requested size: 19.23363pt x 13.46956pt.
[28 <./coeficiente de asimetria.jpg>]
\openout2 = `capitulo8.aux'.

 (capitulo8.tex
Cap\'{\i }tulo 8.
Package mdframed Info: mdframed works in twoside mode on input line 6.
Package mdframed Info: mdframed detected package amsthm 
 changed the theorem header of amsthm
(mdframed)              on input line 6.

LaTeX Warning: Reference `mdf@pagelabel-74' on page 29 undefined on input line 
15.

Package mdframed Info: mdframed works in twoside mode on input line 36.
Package mdframed Info: mdframed detected package amsthm 
 changed the theorem header of amsthm
(mdframed)              on input line 36.

LaTeX Warning: Reference `mdf@pagelabel-75' on page 29 undefined on input line 
42.

Package mdframed Info: mdframed works in twoside mode on input line 54.
Package mdframed Info: mdframed detected package amsthm 
 changed the theorem header of amsthm
(mdframed)              on input line 54.
Package mdframed Info: Not enough space on this page on input line 59.
[29




]
Package mdframed Info: Not enough space on this page on input line 59.


LaTeX Warning: Reference `mdf@pagelabel-76' on page 30 undefined on input line 
59.

Package mdframed Info: mdframed works in twoside mode on input line 86.
Package mdframed Info: mdframed detected package amsthm 
 changed the theorem header of amsthm
(mdframed)              on input line 86.

LaTeX Warning: Reference `mdf@pagelabel-77' on page 30 undefined on input line 
92.

Package mdframed Info: mdframed works in twoside mode on input line 106.
Package mdframed Info: mdframed detected package amsthm 
 changed the theorem header of amsthm
(mdframed)              on input line 106.

LaTeX Warning: Command \' invalid in math mode on input line 107.

capitulo8.tex:107: Please use \mathaccent for accents in math mode.
\add@accent ... \let \ignorespaces \relax \accent 
                                                  #1 #2\egroup \ifmmode \els...
l.107 ...realizar pruebas independientes con $P(é
                                                  xito = p)$. Entonces $X \s...
I'm changing \accent to \mathaccent here; wish me luck.
(Accents are not the same in formulas as they are in text.)

Package mdframed Info: Not enough space on this page on input line 112.
LaTeX Info: Redefining \. on input line 112.
LaTeX Info: Redefining \% on input line 112.

Package fancyhdr Warning: \headheight is too small (12.0pt): 
(fancyhdr)                Make it at least 13.07225pt, for example:
(fancyhdr)                \setlength{\headheight}{13.07225pt}.
(fancyhdr)                You might also make \topmargin smaller to compensate:

(fancyhdr)                \addtolength{\topmargin}{-1.07225pt}.

File: insta.png Graphic file (type png)
<use insta.png>
Package pdftex.def Info: insta.png  used on input line 112.
(pdftex.def)             Requested size: 19.23363pt x 13.46956pt.
[30]
Package mdframed Info: Not enough space on this page on input line 112.


LaTeX Warning: Reference `mdf@pagelabel-78' on page 31 undefined on input line 
112.

Package mdframed Info: mdframed works in twoside mode on input line 126.
Package mdframed Info: mdframed detected package amsthm 
 changed the theorem header of amsthm
(mdframed)              on input line 126.

LaTeX Warning: Command \' invalid in math mode on input line 127.

capitulo8.tex:127: Please use \mathaccent for accents in math mode.
\add@accent ... \let \ignorespaces \relax \accent 
                                                  #1 #2\egroup \ifmmode \els...
l.127 ...realizar pruebas independientes con $P(é
                                                  xito) = p$. Entonces $X \s...
I'm changing \accent to \mathaccent here; wish me luck.
(Accents are not the same in formulas as they are in text.)


LaTeX Warning: Reference `mdf@pagelabel-79' on page 31 undefined on input line 
132.

Package mdframed Info: mdframed works in twoside mode on input line 147.
Package mdframed Info: mdframed detected package amsthm 
 changed the theorem header of amsthm
(mdframed)              on input line 147.

LaTeX Warning: Reference `mdf@pagelabel-80' on page 31 undefined on input line 
153.

Package mdframed Info: mdframed works in twoside mode on input line 166.
Package mdframed Info: mdframed detected package amsthm 
 changed the theorem header of amsthm
(mdframed)              on input line 166.
LaTeX Info: Redefining \. on input line 175.
LaTeX Info: Redefining \% on input line 175.

Package fancyhdr Warning: \headheight is too small (12.0pt): 
(fancyhdr)                Make it at least 13.07225pt, for example:
(fancyhdr)                \setlength{\headheight}{13.07225pt}.
(fancyhdr)                You might also make \topmargin smaller to compensate:

(fancyhdr)                \addtolength{\topmargin}{-1.07225pt}.

File: insta.png Graphic file (type png)
<use insta.png>
Package pdftex.def Info: insta.png  used on input line 175.
(pdftex.def)             Requested size: 19.23363pt x 13.46956pt.
[31]

LaTeX Warning: Reference `mdf@pagelabel-81' on page 32 undefined on input line 
175.

)
LaTeX Info: Redefining \. on input line 66.
LaTeX Info: Redefining \% on input line 66.


Package fancyhdr Warning: \headheight is too small (12.0pt): 
(fancyhdr)                Make it at least 13.07225pt, for example:
(fancyhdr)                \setlength{\headheight}{13.07225pt}.
(fancyhdr)                You might also make \topmargin smaller to compensate:

(fancyhdr)                \addtolength{\topmargin}{-1.07225pt}.

File: insta.png Graphic file (type png)
<use insta.png>
Package pdftex.def Info: insta.png  used on input line 66.
(pdftex.def)             Requested size: 19.23363pt x 13.46956pt.
[32]
\openout2 = `capitulo9.aux'.

 (capitulo9.tex
Cap\'{\i }tulo 9.
Package mdframed Info: mdframed works in twoside mode on input line 5.
Package mdframed Info: mdframed detected package amsthm 
 changed the theorem header of amsthm
(mdframed)              on input line 5.

LaTeX Warning: Reference `mdf@pagelabel-82' on page 33 undefined on input line 
14.

Package mdframed Info: mdframed works in twoside mode on input line 42.
Package mdframed Info: mdframed detected package amsthm 
 changed the theorem header of amsthm
(mdframed)              on input line 42.

LaTeX Warning: Reference `mdf@pagelabel-83' on page 33 undefined on input line 
44.

[33




]
Package mdframed Info: mdframed works in twoside mode on input line 70.
Package mdframed Info: mdframed detected package amsthm 
 changed the theorem header of amsthm
(mdframed)              on input line 70.

capitulo9.tex:71: Undefined control sequence.
l.71 ...a $X \sim N(\mu, \sigma)$, $\mu \in \mathb
                                                  {R}$, $\sigma > 0$, si su ...
The control sequence at the end of the top line
of your error message was never \def'ed. If you have
misspelled it (e.g., `\hobx'), type `I' and the correct
spelling (e.g., `I\hbox'). Otherwise just continue,
and I'll forget about whatever was undefined.


LaTeX Warning: Reference `mdf@pagelabel-84' on page 34 undefined on input line 
75.

Package mdframed Info: mdframed works in twoside mode on input line 119.
Package mdframed Info: mdframed detected package amsthm 
 changed the theorem header of amsthm
(mdframed)              on input line 119.

Overfull \hbox (0.47107pt too wide) in paragraph at lines 121--122
[][]\OT1/cmr/m/it/10 Si $\OML/cmm/m/it/10 X[]; :::; X[]$ \OT1/cmr/m/it/10 son v
a-ria-bles alea-to-rias in-de-pen-dien-tes ta-les que $\OML/cmm/m/it/10 X[] \OM
S/cmsy/m/n/10 ^^X
 []

Package mdframed Info: Not enough space on this page on input line 131.
LaTeX Info: Redefining \. on input line 131.
LaTeX Info: Redefining \% on input line 131.

Package fancyhdr Warning: \headheight is too small (12.0pt): 
(fancyhdr)                Make it at least 13.07225pt, for example:
(fancyhdr)                \setlength{\headheight}{13.07225pt}.
(fancyhdr)                You might also make \topmargin smaller to compensate:

(fancyhdr)                \addtolength{\topmargin}{-1.07225pt}.

File: insta.png Graphic file (type png)
<use insta.png>
Package pdftex.def Info: insta.png  used on input line 131.
(pdftex.def)             Requested size: 19.23363pt x 13.46956pt.
[34]
Package mdframed Info: Not enough space on this page on input line 131.


LaTeX Warning: Reference `mdf@pagelabel-85' on page 35 undefined on input line 
131.

Package mdframed Info: mdframed works in twoside mode on input line 135.
Package mdframed Info: mdframed detected package amsthm 
 changed the theorem header of amsthm
(mdframed)              on input line 135.
capitulo9.tex:143: Undefined control sequence.
<recently read> \lamda 
                       
l.143 \end{align*}
                  
The control sequence at the end of the top line
of your error message was never \def'ed. If you have
misspelled it (e.g., `\hobx'), type `I' and the correct
spelling (e.g., `I\hbox'). Otherwise just continue,
and I'll forget about whatever was undefined.

capitulo9.tex:143: Undefined control sequence.
<recently read> \lamda 
                       
l.143 \end{align*}
                  
The control sequence at the end of the top line
of your error message was never \def'ed. If you have
misspelled it (e.g., `\hobx'), type `I' and the correct
spelling (e.g., `I\hbox'). Otherwise just continue,
and I'll forget about whatever was undefined.


LaTeX Warning: Reference `mdf@pagelabel-86' on page 35 undefined on input line 
144.

capitulo9.tex:156: Undefined control sequence.
<argument> ...lcc} 0 & si & x \leq 0\\ 1 - \lamda 
                                                  e^{-\lambda x} & si & x > ...
l.156     \end{align*}
                      
The control sequence at the end of the top line
of your error message was never \def'ed. If you have
misspelled it (e.g., `\hobx'), type `I' and the correct
spelling (e.g., `I\hbox'). Otherwise just continue,
and I'll forget about whatever was undefined.

capitulo9.tex:156: Undefined control sequence.
<argument> ...lcc} 0 & si & x \leq 0\\ 1 - \lamda 
                                                  e^{-\lambda x} & si & x > ...
l.156     \end{align*}
                      
The control sequence at the end of the top line
of your error message was never \def'ed. If you have
misspelled it (e.g., `\hobx'), type `I' and the correct
spelling (e.g., `I\hbox'). Otherwise just continue,
and I'll forget about whatever was undefined.

Package mdframed Info: mdframed works in twoside mode on input line 171.
Package mdframed Info: mdframed detected package amsthm 
 changed the theorem header of amsthm
(mdframed)              on input line 171.

LaTeX Warning: Reference `mdf@pagelabel-87' on page 35 undefined on input line 
176.

Package mdframed Info: mdframed works in twoside mode on input line 184.
Package mdframed Info: mdframed detected package amsthm 
 changed the theorem header of amsthm
(mdframed)              on input line 184.
Package mdframed Info: Not enough space on this page on input line 197.
LaTeX Info: Redefining \. on input line 197.
LaTeX Info: Redefining \% on input line 197.

Package fancyhdr Warning: \headheight is too small (12.0pt): 
(fancyhdr)                Make it at least 13.07225pt, for example:
(fancyhdr)                \setlength{\headheight}{13.07225pt}.
(fancyhdr)                You might also make \topmargin smaller to compensate:

(fancyhdr)                \addtolength{\topmargin}{-1.07225pt}.

File: insta.png Graphic file (type png)
<use insta.png>
Package pdftex.def Info: insta.png  used on input line 197.
(pdftex.def)             Requested size: 19.23363pt x 13.46956pt.
[35]
Package mdframed Info: Not enough space on this page on input line 197.


LaTeX Warning: Reference `mdf@pagelabel-88' on page 36 undefined on input line 
197.

<parametros.png, id=341, 1094.58937pt x 283.0575pt>
File: parametros.png Graphic file (type png)
<use parametros.png>
Package pdftex.def Info: parametros.png  used on input line 239.
(pdftex.def)             Requested size: 341.94652pt x 88.425pt.
File: parametros.png Graphic file (type png)
<use parametros.png>
Package pdftex.def Info: parametros.png  used on input line 239.
(pdftex.def)             Requested size: 341.94652pt x 88.425pt.
Package mdframed Info: mdframed works in twoside mode on input line 241.
Package mdframed Info: mdframed detected package amsthm 
 changed the theorem header of amsthm
(mdframed)              on input line 241.
Package mdframed Info: Not enough space on this page on input line 257.
LaTeX Info: Redefining \. on input line 257.
LaTeX Info: Redefining \% on input line 257.

Package fancyhdr Warning: \headheight is too small (12.0pt): 
(fancyhdr)                Make it at least 13.07225pt, for example:
(fancyhdr)                \setlength{\headheight}{13.07225pt}.
(fancyhdr)                You might also make \topmargin smaller to compensate:

(fancyhdr)                \addtolength{\topmargin}{-1.07225pt}.

File: insta.png Graphic file (type png)
<use insta.png>
Package pdftex.def Info: insta.png  used on input line 257.
(pdftex.def)             Requested size: 19.23363pt x 13.46956pt.
[36 <./parametros.png>]
Package mdframed Info: Not enough space on this page on input line 257.


LaTeX Warning: Reference `mdf@pagelabel-89' on page 37 undefined on input line 
257.

Package mdframed Info: mdframed works in twoside mode on input line 261.
Package mdframed Info: mdframed detected package amsthm 
 changed the theorem header of amsthm
(mdframed)              on input line 261.

LaTeX Warning: Reference `mdf@pagelabel-90' on page 37 undefined on input line 
270.

Package mdframed Info: mdframed works in twoside mode on input line 281.
Package mdframed Info: mdframed detected package amsthm 
 changed the theorem header of amsthm
(mdframed)              on input line 281.

LaTeX Warning: Reference `mdf@pagelabel-91' on page 37 undefined on input line 
292.

Package mdframed Info: mdframed works in twoside mode on input line 296.
Package mdframed Info: mdframed detected package amsthm 
 changed the theorem header of amsthm
(mdframed)              on input line 296.
LaTeX Info: Redefining \. on input line 298.
LaTeX Info: Redefining \% on input line 298.

Package fancyhdr Warning: \headheight is too small (12.0pt): 
(fancyhdr)                Make it at least 13.07225pt, for example:
(fancyhdr)                \setlength{\headheight}{13.07225pt}.
(fancyhdr)                You might also make \topmargin smaller to compensate:

(fancyhdr)                \addtolength{\topmargin}{-1.07225pt}.

File: insta.png Graphic file (type png)
<use insta.png>
Package pdftex.def Info: insta.png  used on input line 298.
(pdftex.def)             Requested size: 19.23363pt x 13.46956pt.
[37]
Package mdframed Info: Not enough space on this page on input line 298.


LaTeX Warning: Reference `mdf@pagelabel-92' on page 38 undefined on input line 
298.

Package mdframed Info: mdframed works in twoside mode on input line 307.
Package mdframed Info: mdframed detected package amsthm 
 changed the theorem header of amsthm
(mdframed)              on input line 307.

LaTeX Warning: Reference `mdf@pagelabel-93' on page 38 undefined on input line 
320.

Package mdframed Info: mdframed works in twoside mode on input line 336.
Package mdframed Info: mdframed detected package amsthm 
 changed the theorem header of amsthm
(mdframed)              on input line 336.

LaTeX Warning: Reference `mdf@pagelabel-94' on page 38 undefined on input line 
338.

Package mdframed Info: mdframed works in twoside mode on input line 342.
Package mdframed Info: mdframed detected package amsthm 
 changed the theorem header of amsthm
(mdframed)              on input line 342.

LaTeX Warning: Reference `mdf@pagelabel-95' on page 38 undefined on input line 
347.

Package mdframed Info: mdframed works in twoside mode on input line 349.
Package mdframed Info: mdframed detected package amsthm 
 changed the theorem header of amsthm
(mdframed)              on input line 349.

LaTeX Warning: Reference `mdf@pagelabel-96' on page 38 undefined on input line 
355.

LaTeX Info: Redefining \. on input line 355.
LaTeX Info: Redefining \% on input line 355.

Package fancyhdr Warning: \headheight is too small (12.0pt): 
(fancyhdr)                Make it at least 13.07225pt, for example:
(fancyhdr)                \setlength{\headheight}{13.07225pt}.
(fancyhdr)                You might also make \topmargin smaller to compensate:

(fancyhdr)                \addtolength{\topmargin}{-1.07225pt}.

File: insta.png Graphic file (type png)
<use insta.png>
Package pdftex.def Info: insta.png  used on input line 355.
(pdftex.def)             Requested size: 19.23363pt x 13.46956pt.
[38]

LaTeX Warning: Reference `mdf@pagelabel-97' on page 39 undefined on input line 
355.


Underfull \hbox (badness 10000) in paragraph at lines 365--369

 []

Package mdframed Info: mdframed works in twoside mode on input line 372.
Package mdframed Info: mdframed detected package amsthm 
 changed the theorem header of amsthm
(mdframed)              on input line 372.

LaTeX Warning: Reference `mdf@pagelabel-98' on page 39 undefined on input line 
378.

Package mdframed Info: mdframed works in twoside mode on input line 380.
Package mdframed Info: mdframed detected package amsthm 
 changed the theorem header of amsthm
(mdframed)              on input line 380.

LaTeX Warning: Reference `mdf@pagelabel-99' on page 39 undefined on input line 
386.

Package mdframed Info: mdframed works in twoside mode on input line 397.
Package mdframed Info: mdframed detected package amsthm 
 changed the theorem header of amsthm
(mdframed)              on input line 397.

LaTeX Warning: Reference `mdf@pagelabel-100' on page 39 undefined on input line
 403.

LaTeX Info: Redefining \. on input line 403.
LaTeX Info: Redefining \% on input line 403.

Package fancyhdr Warning: \headheight is too small (12.0pt): 
(fancyhdr)                Make it at least 13.07225pt, for example:
(fancyhdr)                \setlength{\headheight}{13.07225pt}.
(fancyhdr)                You might also make \topmargin smaller to compensate:

(fancyhdr)                \addtolength{\topmargin}{-1.07225pt}.

File: insta.png Graphic file (type png)
<use insta.png>
Package pdftex.def Info: insta.png  used on input line 403.
(pdftex.def)             Requested size: 19.23363pt x 13.46956pt.
[39]

LaTeX Warning: Reference `mdf@pagelabel-101' on page 40 undefined on input line
 403.

Package mdframed Info: mdframed works in twoside mode on input line 405.
Package mdframed Info: mdframed detected package amsthm 
 changed the theorem header of amsthm
(mdframed)              on input line 405.

LaTeX Warning: Reference `mdf@pagelabel-102' on page 40 undefined on input line
 407.

Package mdframed Info: mdframed works in twoside mode on input line 409.
Package mdframed Info: mdframed detected package amsthm 
 changed the theorem header of amsthm
(mdframed)              on input line 409.

LaTeX Warning: Reference `mdf@pagelabel-103' on page 40 undefined on input line
 411.

)
LaTeX Info: Redefining \. on input line 67.
LaTeX Info: Redefining \% on input line 67.


Package fancyhdr Warning: \headheight is too small (12.0pt): 
(fancyhdr)                Make it at least 13.07225pt, for example:
(fancyhdr)                \setlength{\headheight}{13.07225pt}.
(fancyhdr)                You might also make \topmargin smaller to compensate:

(fancyhdr)                \addtolength{\topmargin}{-1.07225pt}.

File: insta.png Graphic file (type png)
<use insta.png>
Package pdftex.def Info: insta.png  used on input line 67.
(pdftex.def)             Requested size: 19.23363pt x 13.46956pt.
[40]
\openout2 = `capitulo10.aux'.

 (capitulo10.tex
Cap\'{\i }tulo 10.
Package mdframed Info: mdframed works in twoside mode on input line 15.
Package mdframed Info: mdframed detected package amsthm 
 changed the theorem header of amsthm
(mdframed)              on input line 15.

LaTeX Warning: Reference `mdf@pagelabel-104' on page 41 undefined on input line
 24.

Package mdframed Info: mdframed works in twoside mode on input line 26.
Package mdframed Info: mdframed detected package amsthm 
 changed the theorem header of amsthm
(mdframed)              on input line 26.

LaTeX Warning: Reference `mdf@pagelabel-105' on page 41 undefined on input line
 28.

[41




]
Package mdframed Info: mdframed works in twoside mode on input line 59.
Package mdframed Info: mdframed detected package amsthm 
 changed the theorem header of amsthm
(mdframed)              on input line 59.


LaTeX Warning: Reference `mdf@pagelabel-106' on page 42 undefined on input line
 67.

Package mdframed Info: mdframed works in twoside mode on input line 72.
Package mdframed Info: mdframed detected package amsthm 
 changed the theorem header of amsthm
(mdframed)              on input line 72.

LaTeX Warning: Reference `mdf@pagelabel-107' on page 42 undefined on input line
 79.

LaTeX Info: Redefining \. on input line 99.
LaTeX Info: Redefining \% on input line 99.

Package fancyhdr Warning: \headheight is too small (12.0pt): 
(fancyhdr)                Make it at least 13.07225pt, for example:
(fancyhdr)                \setlength{\headheight}{13.07225pt}.
(fancyhdr)                You might also make \topmargin smaller to compensate:

(fancyhdr)                \addtolength{\topmargin}{-1.07225pt}.

File: insta.png Graphic file (type png)
<use insta.png>
Package pdftex.def Info: insta.png  used on input line 99.
(pdftex.def)             Requested size: 19.23363pt x 13.46956pt.
[42]
Underfull \hbox (badness 10000) in paragraph at lines 106--110

 []


Package hyperref Warning: Token not allowed in a PDF string (Unicode):
(hyperref)                removing `math shift' on input line 115.


Package hyperref Warning: Token not allowed in a PDF string (Unicode):
(hyperref)                removing `superscript' on input line 115.


Package hyperref Warning: Token not allowed in a PDF string (Unicode):
(hyperref)                removing `math shift' on input line 115.

Package mdframed Info: mdframed works in twoside mode on input line 136.
Package mdframed Info: mdframed detected package amsthm 
 changed the theorem header of amsthm
(mdframed)              on input line 136.

LaTeX Warning: Reference `mdf@pagelabel-108' on page 43 undefined on input line
 141.


Underfull \hbox (badness 10000) in paragraph at lines 145--150

 []

LaTeX Info: Redefining \. on input line 152.
LaTeX Info: Redefining \% on input line 152.
File: insta.png Graphic file (type png)
<use insta.png>
Package pdftex.def Info: insta.png  used on input line 152.
(pdftex.def)             Requested size: 19.23363pt x 13.46956pt.
[43]
Package mdframed Info: mdframed works in twoside mode on input line 154.
Package mdframed Info: mdframed detected package amsthm 
 changed the theorem header of amsthm
(mdframed)              on input line 154.


LaTeX Warning: Reference `mdf@pagelabel-109' on page 44 undefined on input line
 163.

Package mdframed Info: mdframed works in twoside mode on input line 165.
Package mdframed Info: mdframed detected package amsthm 
 changed the theorem header of amsthm
(mdframed)              on input line 165.

LaTeX Warning: Reference `mdf@pagelabel-110' on page 44 undefined on input line
 179.

LaTeX Info: Redefining \. on input line 198.
LaTeX Info: Redefining \% on input line 198.

Package fancyhdr Warning: \headheight is too small (12.0pt): 
(fancyhdr)                Make it at least 13.07225pt, for example:
(fancyhdr)                \setlength{\headheight}{13.07225pt}.
(fancyhdr)                You might also make \topmargin smaller to compensate:

(fancyhdr)                \addtolength{\topmargin}{-1.07225pt}.

File: insta.png Graphic file (type png)
<use insta.png>
Package pdftex.def Info: insta.png  used on input line 198.
(pdftex.def)             Requested size: 19.23363pt x 13.46956pt.
[44]
Package mdframed Info: mdframed works in twoside mode on input line 198.
Package mdframed Info: mdframed detected package amsthm 
 changed the theorem header of amsthm
(mdframed)              on input line 198.


LaTeX Warning: Reference `mdf@pagelabel-111' on page 45 undefined on input line
 203.

Package mdframed Info: mdframed works in twoside mode on input line 206.
Package mdframed Info: mdframed detected package amsthm 
 changed the theorem header of amsthm
(mdframed)              on input line 206.

LaTeX Warning: Reference `mdf@pagelabel-112' on page 45 undefined on input line
 211.

Package mdframed Info: mdframed works in twoside mode on input line 237.
Package mdframed Info: mdframed detected package amsthm 
 changed the theorem header of amsthm
(mdframed)              on input line 237.

Package mdframed Warning: You got a bad break
(mdframed)                because the last box will be empty
(mdframed)                you have to change it manually
(mdframed)                by changing the text, the space
(mdframed)                or something else on input line 243.

Package mdframed Info: Box was splittet wrong
 starting loop to iterate the splitting point
(mdframed)              on input line 243.

LaTeX Warning: Reference `mdf@pagelabel-113' on page 45 undefined on input line
 243.

LaTeX Info: Redefining \. on input line 243.
LaTeX Info: Redefining \% on input line 243.
File: insta.png Graphic file (type png)
<use insta.png>
Package pdftex.def Info: insta.png  used on input line 243.
(pdftex.def)             Requested size: 19.23363pt x 13.46956pt.
[45]

LaTeX Warning: Reference `mdf@pagelabel-114' on page 46 undefined on input line
 243.

Package mdframed Info: mdframed works in twoside mode on input line 245.
Package mdframed Info: mdframed detected package amsthm 
 changed the theorem header of amsthm
(mdframed)              on input line 245.

LaTeX Warning: Reference `mdf@pagelabel-115' on page 46 undefined on input line
 254.

Package mdframed Info: mdframed works in twoside mode on input line 256.
Package mdframed Info: mdframed detected package amsthm 
 changed the theorem header of amsthm
(mdframed)              on input line 256.

LaTeX Warning: Reference `mdf@pagelabel-116' on page 46 undefined on input line
 261.

Package mdframed Info: mdframed works in twoside mode on input line 274.
Package mdframed Info: mdframed detected package amsthm 
 changed the theorem header of amsthm
(mdframed)              on input line 274.

LaTeX Warning: Reference `mdf@pagelabel-117' on page 46 undefined on input line
 279.

Package mdframed Info: mdframed works in twoside mode on input line 290.
Package mdframed Info: mdframed detected package amsthm 
 changed the theorem header of amsthm
(mdframed)              on input line 290.

Package mdframed Warning: You got a bad break
(mdframed)                because the last box will be empty
(mdframed)                you have to change it manually
(mdframed)                by changing the text, the space
(mdframed)                or something else on input line 296.

Package mdframed Info: You first box width is to small
 mdframed fixed it
(mdframed)              on input line 296.

LaTeX Warning: Reference `mdf@pagelabel-118' on page 46 undefined on input line
 296.

LaTeX Info: Redefining \. on input line 296.
LaTeX Info: Redefining \% on input line 296.

Package fancyhdr Warning: \headheight is too small (12.0pt): 
(fancyhdr)                Make it at least 13.07225pt, for example:
(fancyhdr)                \setlength{\headheight}{13.07225pt}.
(fancyhdr)                You might also make \topmargin smaller to compensate:

(fancyhdr)                \addtolength{\topmargin}{-1.07225pt}.

File: insta.png Graphic file (type png)
<use insta.png>
Package pdftex.def Info: insta.png  used on input line 296.
(pdftex.def)             Requested size: 19.23363pt x 13.46956pt.
[46]

Package mdframed Warning: You got a bad break
(mdframed)                because the last split box is empty
(mdframed)                You have to change the settings on input line 296.


LaTeX Warning: Reference `mdf@pagelabel-119' on page 47 undefined on input line
 296.

Package mdframed Info: mdframed works in twoside mode on input line 310.
Package mdframed Info: mdframed detected package amsthm 
 changed the theorem header of amsthm
(mdframed)              on input line 310.

LaTeX Warning: Reference `mdf@pagelabel-120' on page 47 undefined on input line
 315.

Package mdframed Info: mdframed works in twoside mode on input line 322.
Package mdframed Info: mdframed detected package amsthm 
 changed the theorem header of amsthm
(mdframed)              on input line 322.

LaTeX Warning: Reference `mdf@pagelabel-121' on page 47 undefined on input line
 328.

Package mdframed Info: mdframed works in twoside mode on input line 337.
Package mdframed Info: mdframed detected package amsthm 
 changed the theorem header of amsthm
(mdframed)              on input line 337.

Package mdframed Warning: You got a bad break
(mdframed)                because the last box will be empty
(mdframed)                you have to change it manually
(mdframed)                by changing the text, the space
(mdframed)                or something else on input line 343.

Package mdframed Info: Box was splittet wrong
 starting loop to iterate the splitting point
(mdframed)              on input line 343.
Package mdframed Info: You first box width is to small
 mdframed fixed it
(mdframed)              on input line 343.
LaTeX Info: Redefining \. on input line 343.
LaTeX Info: Redefining \% on input line 343.
File: insta.png Graphic file (type png)
<use insta.png>
Package pdftex.def Info: insta.png  used on input line 343.
(pdftex.def)             Requested size: 19.23363pt x 13.46956pt.
[47]

LaTeX Warning: Reference `mdf@pagelabel-122' on page 48 undefined on input line
 343.

Package mdframed Info: mdframed works in twoside mode on input line 379.
Package mdframed Info: mdframed detected package amsthm 
 changed the theorem header of amsthm
(mdframed)              on input line 379.

LaTeX Warning: Reference `mdf@pagelabel-123' on page 48 undefined on input line
 385.

)
LaTeX Info: Redefining \. on input line 68.
LaTeX Info: Redefining \% on input line 68.


Package fancyhdr Warning: \headheight is too small (12.0pt): 
(fancyhdr)                Make it at least 13.07225pt, for example:
(fancyhdr)                \setlength{\headheight}{13.07225pt}.
(fancyhdr)                You might also make \topmargin smaller to compensate:

(fancyhdr)                \addtolength{\topmargin}{-1.07225pt}.

File: insta.png Graphic file (type png)
<use insta.png>
Package pdftex.def Info: insta.png  used on input line 68.
(pdftex.def)             Requested size: 19.23363pt x 13.46956pt.
[48] (apuntes.aux (indice.aux)
LaTeX Info: Redefining \. on input line 13.
LaTeX Info: Redefining \% on input line 13.
 (capitulo1.aux) (capitulo2.aux) (capitulo3.aux)
(capitulo4.aux) (capitulo5.aux) (capitulo6.aux) (capitulo7.aux) (capitulo8.aux)
(capitulo9.aux) (capitulo10.aux))
 ***********
LaTeX2e <2023-11-01> patch level 1
L3 programming layer <2024-01-04>
 ***********


LaTeX Warning: There were undefined references.


LaTeX Warning: Label(s) may have changed. Rerun to get cross-references right.


Package rerunfilecheck Warning: File `apuntes.out' has changed.
(rerunfilecheck)                Rerun to get outlines right
(rerunfilecheck)                or use package `bookmark'.

Package rerunfilecheck Info: Checksums for `apuntes.out':
(rerunfilecheck)             Before: <no file>
(rerunfilecheck)             After:  828EFD6480FD8A75EA558925FDE076B5;16506.
 ) 
Here is how much of TeX's memory you used:
 15148 strings out of 474486
 251262 string characters out of 5743755
 1948542 words of memory out of 5000000
 36897 multiletter control sequences out of 15000+600000
 573878 words of font info for 96 fonts, out of 8000000 for 9000
 1141 hyphenation exceptions out of 8191
 79i,19n,93p,619b,620s stack positions out of 10000i,1000n,20000p,200000b,200000s
 <C:\Users\jorge\AppData\Local\MiKTeX\fonts/pk/ljfour/jknappen/ec/dpi600\tcrm
1000.pk><C:/Users/jorge/AppData/Local/Programs/MiKTeX/fonts/type1/public/amsfon
ts/cm/cmbx10.pfb><C:/Users/jorge/AppData/Local/Programs/MiKTeX/fonts/type1/publ
ic/amsfonts/cm/cmbx12.pfb><C:/Users/jorge/AppData/Local/Programs/MiKTeX/fonts/t
ype1/public/amsfonts/cm/cmbxti10.pfb><C:/Users/jorge/AppData/Local/Programs/MiK
TeX/fonts/type1/public/amsfonts/cm/cmcsc10.pfb><C:/Users/jorge/AppData/Local/Pr
ograms/MiKTeX/fonts/type1/public/amsfonts/cm/cmex10.pfb><C:/Users/jorge/AppData
/Local/Programs/MiKTeX/fonts/type1/public/amsfonts/cm/cmmi10.pfb><C:/Users/jorg
e/AppData/Local/Programs/MiKTeX/fonts/type1/public/amsfonts/cm/cmmi5.pfb><C:/Us
ers/jorge/AppData/Local/Programs/MiKTeX/fonts/type1/public/amsfonts/cm/cmmi7.pf
b><C:/Users/jorge/AppData/Local/Programs/MiKTeX/fonts/type1/public/amsfonts/cm/
cmr10.pfb><C:/Users/jorge/AppData/Local/Programs/MiKTeX/fonts/type1/public/amsf
onts/cm/cmr12.pfb><C:/Users/jorge/AppData/Local/Programs/MiKTeX/fonts/type1/pub
lic/amsfonts/cm/cmr5.pfb><C:/Users/jorge/AppData/Local/Programs/MiKTeX/fonts/ty
pe1/public/amsfonts/cm/cmr7.pfb><C:/Users/jorge/AppData/Local/Programs/MiKTeX/f
onts/type1/public/amsfonts/cm/cmr8.pfb><C:/Users/jorge/AppData/Local/Programs/M
iKTeX/fonts/type1/public/amsfonts/cm/cmsy10.pfb><C:/Users/jorge/AppData/Local/P
rograms/MiKTeX/fonts/type1/public/amsfonts/cm/cmsy5.pfb><C:/Users/jorge/AppData
/Local/Programs/MiKTeX/fonts/type1/public/amsfonts/cm/cmsy7.pfb><C:/Users/jorge
/AppData/Local/Programs/MiKTeX/fonts/type1/public/amsfonts/cm/cmti10.pfb><C:/Us
ers/jorge/AppData/Local/Programs/MiKTeX/fonts/type1/public/amsfonts/cm/cmti12.p
fb><C:/Users/jorge/AppData/Local/Programs/MiKTeX/fonts/type1/public/amsfonts/sy
mbols/msbm10.pfb><C:/Users/jorge/AppData/Local/Programs/MiKTeX/fonts/type1/publ
ic/amsfonts/symbols/msbm7.pfb><C:/Users/jorge/AppData/Local/Programs/MiKTeX/fon
ts/type1/public/rsfs/rsfs10.pfb>
Output written on apuntes.pdf (52 pages, 570394 bytes).
PDF statistics:
 616 PDF objects out of 1000 (max. 8388607)
 271 named destinations out of 1000 (max. 500000)
 16 words of extra memory for PDF output out of 10000 (max. 10000000)

