This is pdfTeX, Version 3.141592653-2.6-1.40.25 (MiKTeX 24.1) (preloaded format=pdflatex 2024.4.22)  8 SEP 2024 10:54
entering extended mode
 restricted \write18 enabled.
 file:line:error style messages enabled.
 %&-line parsing enabled.
**"c:/Users/jorge/OneDrive/Escritorio/GitHub/Matematicas LaTeX/Ampliacion de la
 Teoria de la Probabilidad/main.tex"

(c:/Users/jorge/OneDrive/Escritorio/GitHub/Matematicas LaTeX/Ampliacion de la T
eoria de la Probabilidad/main.tex
LaTeX2e <2023-11-01> patch level 1
L3 programming layer <2024-01-04>
(C:\Users\jorge\AppData\Local\Programs\MiKTeX\tex/latex/base\book.cls
Document Class: book 2023/05/17 v1.4n Standard LaTeX document class
(C:\Users\jorge\AppData\Local\Programs\MiKTeX\tex/latex/base\bk10.clo
File: bk10.clo 2023/05/17 v1.4n Standard LaTeX file (size option)
)
\c@part=\count187
\c@chapter=\count188
\c@section=\count189
\c@subsection=\count190
\c@subsubsection=\count191
\c@paragraph=\count192
\c@subparagraph=\count193
\c@figure=\count194
\c@table=\count195
\abovecaptionskip=\skip48
\belowcaptionskip=\skip49
\bibindent=\dimen140
)
(C:\Users\jorge\AppData\Local\Programs\MiKTeX\tex/latex/base\inputenc.sty
Package: inputenc 2021/02/14 v1.3d Input encoding file
\inpenc@prehook=\toks17
\inpenc@posthook=\toks18
)
(C:\Users\jorge\AppData\Local\Programs\MiKTeX\tex/latex/amsmath\amsmath.sty
Package: amsmath 2023/05/13 v2.17o AMS math features
\@mathmargin=\skip50

For additional information on amsmath, use the `?' option.
(C:\Users\jorge\AppData\Local\Programs\MiKTeX\tex/latex/amsmath\amstext.sty
Package: amstext 2021/08/26 v2.01 AMS text

(C:\Users\jorge\AppData\Local\Programs\MiKTeX\tex/latex/amsmath\amsgen.sty
File: amsgen.sty 1999/11/30 v2.0 generic functions
\@emptytoks=\toks19
\ex@=\dimen141
))
(C:\Users\jorge\AppData\Local\Programs\MiKTeX\tex/latex/amsmath\amsbsy.sty
Package: amsbsy 1999/11/29 v1.2d Bold Symbols
\pmbraise@=\dimen142
)
(C:\Users\jorge\AppData\Local\Programs\MiKTeX\tex/latex/amsmath\amsopn.sty
Package: amsopn 2022/04/08 v2.04 operator names
)
\inf@bad=\count196
LaTeX Info: Redefining \frac on input line 234.
\uproot@=\count197
\leftroot@=\count198
LaTeX Info: Redefining \overline on input line 399.
LaTeX Info: Redefining \colon on input line 410.
\classnum@=\count199
\DOTSCASE@=\count266
LaTeX Info: Redefining \ldots on input line 496.
LaTeX Info: Redefining \dots on input line 499.
LaTeX Info: Redefining \cdots on input line 620.
\Mathstrutbox@=\box51
\strutbox@=\box52
LaTeX Info: Redefining \big on input line 722.
LaTeX Info: Redefining \Big on input line 723.
LaTeX Info: Redefining \bigg on input line 724.
LaTeX Info: Redefining \Bigg on input line 725.
\big@size=\dimen143
LaTeX Font Info:    Redeclaring font encoding OML on input line 743.
LaTeX Font Info:    Redeclaring font encoding OMS on input line 744.
\macc@depth=\count267
LaTeX Info: Redefining \bmod on input line 905.
LaTeX Info: Redefining \pmod on input line 910.
LaTeX Info: Redefining \smash on input line 940.
LaTeX Info: Redefining \relbar on input line 970.
LaTeX Info: Redefining \Relbar on input line 971.
\c@MaxMatrixCols=\count268
\dotsspace@=\muskip16
\c@parentequation=\count269
\dspbrk@lvl=\count270
\tag@help=\toks20
\row@=\count271
\column@=\count272
\maxfields@=\count273
\andhelp@=\toks21
\eqnshift@=\dimen144
\alignsep@=\dimen145
\tagshift@=\dimen146
\tagwidth@=\dimen147
\totwidth@=\dimen148
\lineht@=\dimen149
\@envbody=\toks22
\multlinegap=\skip51
\multlinetaggap=\skip52
\mathdisplay@stack=\toks23
LaTeX Info: Redefining \[ on input line 2953.
LaTeX Info: Redefining \] on input line 2954.
)
(C:\Users\jorge\AppData\Local\Programs\MiKTeX\tex/latex/amsfonts\amsfonts.sty
Package: amsfonts 2013/01/14 v3.01 Basic AMSFonts support
\symAMSa=\mathgroup4
\symAMSb=\mathgroup5
LaTeX Font Info:    Redeclaring math symbol \hbar on input line 98.
LaTeX Font Info:    Overwriting math alphabet `\mathfrak' in version `bold'
(Font)                  U/euf/m/n --> U/euf/b/n on input line 106.
)
(C:\Users\jorge\AppData\Local\Programs\MiKTeX\tex/latex/amsfonts\euscript.sty
Package: euscript 2009/06/22 v3.00 Euler Script fonts
LaTeX Font Info:    Overwriting math alphabet `\EuScript' in version `bold'
(Font)                  U/eus/m/n --> U/eus/b/n on input line 33.
)
(C:\Users\jorge\AppData\Local\Programs\MiKTeX\tex/generic/babel\babel.sty
Package: babel 2024/01/07 v24.1 The Babel package
\babel@savecnt=\count274
\U@D=\dimen150
\l@unhyphenated=\language79

(C:\Users\jorge\AppData\Local\Programs\MiKTeX\tex/generic/babel\txtbabel.def)
\bbl@readstream=\read2
\bbl@dirlevel=\count275

*************************************
* Local config file bblopts.cfg used
*
(C:\Users\jorge\AppData\Local\Programs\MiKTeX\tex/latex/arabi\bblopts.cfg
File: bblopts.cfg 2005/09/08 v0.1 add Arabic and Farsi to "declared" options of
 babel
)
(C:\Users\jorge\AppData\Local\Programs\MiKTeX\tex/latex/babel-spanish\spanish.l
df
Language: spanish.ldf 2021/05/27 v5.0q Spanish support from the babel system
\es@quottoks=\toks24
\es@quotdepth=\count276
Package babel Info: Making " an active character on input line 570.
Package babel Info: Making . an active character on input line 675.
Package babel Info: Making < an active character on input line 722.
Package babel Info: Making > an active character on input line 722.
))
(C:\Users\jorge\AppData\Local\Programs\MiKTeX\tex/generic/babel/locale/es\babel
-spanish.tex
Package babel Info: Importing font and identification data for spanish
(babel)             from babel-es.ini. Reported on input line 11.
)
(C:\Users\jorge\AppData\Local\Programs\MiKTeX\tex/latex/jknappen\mathrsfs.sty
Package: mathrsfs 1996/01/01 Math RSFS package v1.0 (jk)
\symrsfs=\mathgroup6
)
(C:\Users\jorge\AppData\Local\Programs\MiKTeX\tex/latex/fancyhdr\fancyhdr.sty
Package: fancyhdr 2024/07/23 v4.3.1 Extensive control of page headers and foote
rs
\f@nch@headwidth=\skip53
\f@nch@O@elh=\skip54
\f@nch@O@erh=\skip55
\f@nch@O@olh=\skip56
\f@nch@O@orh=\skip57
\f@nch@O@elf=\skip58
\f@nch@O@erf=\skip59
\f@nch@O@olf=\skip60
\f@nch@O@orf=\skip61
)
(C:\Users\jorge\AppData\Local\Programs\MiKTeX\tex/latex/graphics\graphicx.sty
Package: graphicx 2021/09/16 v1.2d Enhanced LaTeX Graphics (DPC,SPQR)

(C:\Users\jorge\AppData\Local\Programs\MiKTeX\tex/latex/graphics\keyval.sty
Package: keyval 2022/05/29 v1.15 key=value parser (DPC)
\KV@toks@=\toks25
)
(C:\Users\jorge\AppData\Local\Programs\MiKTeX\tex/latex/graphics\graphics.sty
Package: graphics 2022/03/10 v1.4e Standard LaTeX Graphics (DPC,SPQR)

(C:\Users\jorge\AppData\Local\Programs\MiKTeX\tex/latex/graphics\trig.sty
Package: trig 2021/08/11 v1.11 sin cos tan (DPC)
)
(C:\Users\jorge\AppData\Local\Programs\MiKTeX\tex/latex/graphics-cfg\graphics.c
fg
File: graphics.cfg 2016/06/04 v1.11 sample graphics configuration
)
Package graphics Info: Driver file: pdftex.def on input line 107.

(C:\Users\jorge\AppData\Local\Programs\MiKTeX\tex/latex/graphics-def\pdftex.def
File: pdftex.def 2022/09/22 v1.2b Graphics/color driver for pdftex
))
\Gin@req@height=\dimen151
\Gin@req@width=\dimen152
) (C:\Users\jorge\AppData\Local\Programs\MiKTeX\tex/latex/caption\caption.sty
Package: caption 2023/08/05 v3.6o Customizing captions (AR)
(C:\Users\jorge\AppData\Local\Programs\MiKTeX\tex/latex/caption\caption3.sty
Package: caption3 2023/07/31 v2.4d caption3 kernel (AR)
\caption@tempdima=\dimen153
\captionmargin=\dimen154
\caption@leftmargin=\dimen155
\caption@rightmargin=\dimen156
\caption@width=\dimen157
\caption@indent=\dimen158
\caption@parindent=\dimen159
\caption@hangindent=\dimen160
Package caption Info: Standard document class detected.
)
\c@caption@flags=\count277
\c@continuedfloat=\count278
)
(C:\Users\jorge\AppData\Local\Programs\MiKTeX\tex/latex/caption\subcaption.sty
Package: subcaption 2023/07/28 v1.6b Sub-captions (AR)
Package caption Info: New subtype `subfigure' on input line 238.
\c@subfigure=\count279
Package caption Info: New subtype `subtable' on input line 238.
\c@subtable=\count280
) (C:\Users\jorge\AppData\Local\Programs\MiKTeX\tex/latex/amsfonts\amssymb.sty
Package: amssymb 2013/01/14 v3.01 AMS font symbols
)
(C:\Users\jorge\AppData\Local\Programs\MiKTeX\tex/latex/amscls\amsthm.sty
Package: amsthm 2020/05/29 v2.20.6
\thm@style=\toks26
\thm@bodyfont=\toks27
\thm@headfont=\toks28
\thm@notefont=\toks29
\thm@headpunct=\toks30
\thm@preskip=\skip62
\thm@postskip=\skip63
\thm@headsep=\skip64
\dth@everypar=\toks31
)
(C:\Users\jorge\AppData\Local\Programs\MiKTeX\tex/latex/vmargin\vmargin.sty
Package: vmargin 2004/07/15 V2.5 set document margins (VK)

Package: vmargin 2004/07/15 V2.5 set document margins (VK)
\PaperWidth=\dimen161
\PaperHeight=\dimen162
) (C:\Users\jorge\AppData\Local\Programs\MiKTeX\tex/latex/hyperref\hyperref.sty
Package: hyperref 2023-11-26 v7.01g Hypertext links for LaTeX
(C:\Users\jorge\AppData\Local\Programs\MiKTeX\tex/generic/iftex\iftex.sty
Package: iftex 2022/02/03 v1.0f TeX engine tests
)
(C:\Users\jorge\AppData\Local\Programs\MiKTeX\tex/generic/infwarerr\infwarerr.s
ty
Package: infwarerr 2019/12/03 v1.5 Providing info/warning/error messages (HO)
)
(C:\Users\jorge\AppData\Local\Programs\MiKTeX\tex/latex/kvsetkeys\kvsetkeys.sty
Package: kvsetkeys 2022-10-05 v1.19 Key value parser (HO)
)
(C:\Users\jorge\AppData\Local\Programs\MiKTeX\tex/generic/kvdefinekeys\kvdefine
keys.sty
Package: kvdefinekeys 2019-12-19 v1.6 Define keys (HO)
)
(C:\Users\jorge\AppData\Local\Programs\MiKTeX\tex/generic/pdfescape\pdfescape.s
ty
Package: pdfescape 2019/12/09 v1.15 Implements pdfTeX's escape features (HO)

(C:\Users\jorge\AppData\Local\Programs\MiKTeX\tex/generic/ltxcmds\ltxcmds.sty
Package: ltxcmds 2023-12-04 v1.26 LaTeX kernel commands for general use (HO)
)
(C:\Users\jorge\AppData\Local\Programs\MiKTeX\tex/generic/pdftexcmds\pdftexcmds
.sty
Package: pdftexcmds 2020-06-27 v0.33 Utility functions of pdfTeX for LuaTeX (HO
)
Package pdftexcmds Info: \pdf@primitive is available.
Package pdftexcmds Info: \pdf@ifprimitive is available.
Package pdftexcmds Info: \pdfdraftmode found.
))
(C:\Users\jorge\AppData\Local\Programs\MiKTeX\tex/latex/hycolor\hycolor.sty
Package: hycolor 2020-01-27 v1.10 Color options for hyperref/bookmark (HO)
)
(C:\Users\jorge\AppData\Local\Programs\MiKTeX\tex/latex/letltxmacro\letltxmacro
.sty
Package: letltxmacro 2019/12/03 v1.6 Let assignment for LaTeX macros (HO)
)
(C:\Users\jorge\AppData\Local\Programs\MiKTeX\tex/latex/auxhook\auxhook.sty
Package: auxhook 2019-12-17 v1.6 Hooks for auxiliary files (HO)
)
(C:\Users\jorge\AppData\Local\Programs\MiKTeX\tex/latex/hyperref\nameref.sty
Package: nameref 2023-11-26 v2.56 Cross-referencing by name of section

(C:\Users\jorge\AppData\Local\Programs\MiKTeX\tex/latex/refcount\refcount.sty
Package: refcount 2019/12/15 v3.6 Data extraction from label references (HO)
)
(C:\Users\jorge\AppData\Local\Programs\MiKTeX\tex/generic/gettitlestring\gettit
lestring.sty
Package: gettitlestring 2019/12/15 v1.6 Cleanup title references (HO)

(C:\Users\jorge\AppData\Local\Programs\MiKTeX\tex/latex/kvoptions\kvoptions.sty
Package: kvoptions 2022-06-15 v3.15 Key value format for package options (HO)
))
\c@section@level=\count281
)
(C:\Users\jorge\AppData\Local\Programs\MiKTeX\tex/latex/etoolbox\etoolbox.sty
Package: etoolbox 2020/10/05 v2.5k e-TeX tools for LaTeX (JAW)
\etb@tempcnta=\count282
)
\@linkdim=\dimen163
\Hy@linkcounter=\count283
\Hy@pagecounter=\count284

(C:\Users\jorge\AppData\Local\Programs\MiKTeX\tex/latex/hyperref\pd1enc.def
File: pd1enc.def 2023-11-26 v7.01g Hyperref: PDFDocEncoding definition (HO)
Now handling font encoding PD1 ...
... no UTF-8 mapping file for font encoding PD1
)
(C:\Users\jorge\AppData\Local\Programs\MiKTeX\tex/generic/intcalc\intcalc.sty
Package: intcalc 2019/12/15 v1.3 Expandable calculations with integers (HO)
)
\Hy@SavedSpaceFactor=\count285

(C:\Users\jorge\AppData\Local\Programs\MiKTeX\tex/latex/hyperref\puenc.def
File: puenc.def 2023-11-26 v7.01g Hyperref: PDF Unicode definition (HO)
Now handling font encoding PU ...
... no UTF-8 mapping file for font encoding PU
)
Package hyperref Info: Hyper figures OFF on input line 4181.
Package hyperref Info: Link nesting OFF on input line 4186.
Package hyperref Info: Hyper index ON on input line 4189.
Package hyperref Info: Plain pages OFF on input line 4196.
Package hyperref Info: Backreferencing OFF on input line 4201.
Package hyperref Info: Implicit mode ON; LaTeX internals redefined.
Package hyperref Info: Bookmarks ON on input line 4448.
\c@Hy@tempcnt=\count286

(C:\Users\jorge\AppData\Local\Programs\MiKTeX\tex/latex/url\url.sty
\Urlmuskip=\muskip17
Package: url 2013/09/16  ver 3.4  Verb mode for urls, etc.
)
LaTeX Info: Redefining \url on input line 4786.
\XeTeXLinkMargin=\dimen164

(C:\Users\jorge\AppData\Local\Programs\MiKTeX\tex/generic/bitset\bitset.sty
Package: bitset 2019/12/09 v1.3 Handle bit-vector datatype (HO)

(C:\Users\jorge\AppData\Local\Programs\MiKTeX\tex/generic/bigintcalc\bigintcalc
.sty
Package: bigintcalc 2019/12/15 v1.5 Expandable calculations on big integers (HO
)
))
\Fld@menulength=\count287
\Field@Width=\dimen165
\Fld@charsize=\dimen166
Package hyperref Info: Hyper figures OFF on input line 6065.
Package hyperref Info: Link nesting OFF on input line 6070.
Package hyperref Info: Hyper index ON on input line 6073.
Package hyperref Info: backreferencing OFF on input line 6080.
Package hyperref Info: Link coloring OFF on input line 6085.
Package hyperref Info: Link coloring with OCG OFF on input line 6090.
Package hyperref Info: PDF/A mode OFF on input line 6095.

(C:\Users\jorge\AppData\Local\Programs\MiKTeX\tex/latex/base\atbegshi-ltx.sty
Package: atbegshi-ltx 2021/01/10 v1.0c Emulation of the original atbegshi
package with kernel methods
)
\Hy@abspage=\count288
\c@Item=\count289
\c@Hfootnote=\count290
)
Package hyperref Info: Driver (autodetected): hpdftex.
(C:\Users\jorge\AppData\Local\Programs\MiKTeX\tex/latex/hyperref\hpdftex.def
File: hpdftex.def 2023-11-26 v7.01g Hyperref driver for pdfTeX

(C:\Users\jorge\AppData\Local\Programs\MiKTeX\tex/latex/base\atveryend-ltx.sty
Package: atveryend-ltx 2020/08/19 v1.0a Emulation of the original atveryend pac
kage
with kernel methods
)
\Fld@listcount=\count291
\c@bookmark@seq@number=\count292

(C:\Users\jorge\AppData\Local\Programs\MiKTeX\tex/latex/rerunfilecheck\rerunfil
echeck.sty
Package: rerunfilecheck 2022-07-10 v1.10 Rerun checks for auxiliary files (HO)

(C:\Users\jorge\AppData\Local\Programs\MiKTeX\tex/generic/uniquecounter\uniquec
ounter.sty
Package: uniquecounter 2019/12/15 v1.4 Provide unlimited unique counter (HO)
)
Package uniquecounter Info: New unique counter `rerunfilecheck' on input line 2
85.
)
\Hy@SectionHShift=\skip65
)
(C:\Users\jorge\AppData\Local\Programs\MiKTeX\tex/generic/xypic\xy.sty
(C:\Users\jorge\AppData\Local\Programs\MiKTeX\tex/generic/xypic\xy.tex
Bootstrap'ing: catcodes, docmode,
(C:\Users\jorge\AppData\Local\Programs\MiKTeX\tex/generic/xypic\xyrecat.tex)
(C:\Users\jorge\AppData\Local\Programs\MiKTeX\tex/generic/xypic\xyidioms.tex)

 Xy-pic version 3.8.9 <2013/10/06>
 Copyright (c) 1991-2013 by Kristoffer H. Rose <krisrose@tug.org> and others
 Xy-pic is free software: see the User's Guide for details.

Loading kernel: messages; fonts; allocations: state,
\X@c=\dimen167
\Y@c=\dimen168
\U@c=\dimen169
\D@c=\dimen170
\L@c=\dimen171
\R@c=\dimen172
\Edge@c=\toks32
\X@p=\dimen173
\Y@p=\dimen174
\U@p=\dimen175
\D@p=\dimen176
\L@p=\dimen177
\R@p=\dimen178
\Edge@p=\toks33
\X@origin=\dimen179
\Y@origin=\dimen180
\X@xbase=\dimen181
\Y@xbase=\dimen182
\X@ybase=\dimen183
\Y@ybase=\dimen184
\X@min=\dimen185
\Y@min=\dimen186
\X@max=\dimen187
\Y@max=\dimen188
\lastobjectbox@=\box53
\zerodotbox@=\box54
\almostz@=\dimen189
 direction,
\d@X=\dimen190
\d@Y=\dimen191
\K@=\count293
\KK@=\count294
\Direction=\count295
\K@dXdY=\dimen192
\K@dYdX=\dimen193
\xyread@=\read3
\xywrite@=\write3
\csp@=\count296
\quotPTK@=\dimen194

utility macros; pictures: \xy, positions,
\swaptoks@@=\toks34
\connectobjectbox@@=\box55
 objects,
\styletoks@=\toks35
 decorations;
kernel objects: directionals, circles, text; options; algorithms: directions,
edges, connections;  Xy-pic loaded)
(C:\Users\jorge\AppData\Local\Programs\MiKTeX\tex/generic/iftex\ifpdf.sty
Package: ifpdf 2019/10/25 v3.4 ifpdf legacy package. Use iftex instead.
)
Package: xy 2013/10/06 Xy-pic version 3.8.9

(C:\Users\jorge\AppData\Local\Programs\MiKTeX\tex/generic/xypic\xyall.tex
 Xy-pic option: All features v.3.8
(C:\Users\jorge\AppData\Local\Programs\MiKTeX\tex/generic/xypic\xycurve.tex
 Xy-pic option: Curve and Spline extension v.3.12 curve,
\crv@cnt@=\count297
\crvpts@=\toks36
\splinebox@=\box56
\splineval@=\dimen195
\splinedepth@=\dimen196
\splinetol@=\dimen197
\splinelength@=\dimen198
 circles,
\L@=\dimen199
 loaded)
(C:\Users\jorge\AppData\Local\Programs\MiKTeX\tex/generic/xypic\xyframe.tex
 Xy-pic option: Frame and Bracket extension v.3.14 loaded)
(C:\Users\jorge\AppData\Local\Programs\MiKTeX\tex/generic/xypic\xycmtip.tex
 Xy-pic option: Computer Modern tip extension v.3.7
(C:\Users\jorge\AppData\Local\Programs\MiKTeX\tex/generic/xypic\xytips.tex
 Xy-pic option: More Tips extension v.3.11 loaded) loaded)
(C:\Users\jorge\AppData\Local\Programs\MiKTeX\tex/generic/xypic\xyline.tex
 Xy-pic option: Line styles extension v.3.10
\xylinethick@=\dimen256
 loaded)
(C:\Users\jorge\AppData\Local\Programs\MiKTeX\tex/generic/xypic\xyrotate.tex
 Xy-pic option: Rotate and Scale extension v.3.8 loaded)
(C:\Users\jorge\AppData\Local\Programs\MiKTeX\tex/generic/xypic\xycolor.tex
 Xy-pic option: Colour extension v.3.11 loaded)
(C:\Users\jorge\AppData\Local\Programs\MiKTeX\tex/generic/xypic\xymatrix.tex
 Xy-pic option: Matrix feature v.3.14
\Row=\count298
\Col=\count299
\queue@=\toks37
\queue@@=\toks38
\qcount@=\count300
\qcount@@=\count301
\matrixsize@=\count302
 loaded)
(C:\Users\jorge\AppData\Local\Programs\MiKTeX\tex/generic/xypic\xyarrow.tex
 Xy-pic option: Arrow and Path feature v.3.9 path, \ar, loaded)
(C:\Users\jorge\AppData\Local\Programs\MiKTeX\tex/generic/xypic\xygraph.tex
 Xy-pic option: Graph feature v.3.11 loaded) loaded)
(C:\Users\jorge\AppData\Local\Programs\MiKTeX\tex/generic/xypic\xypdf.tex
 Xy-pic option: PDF driver v.1.7 Xy-pic pdf driver: `color' extension support
(C:\Users\jorge\AppData\Local\Programs\MiKTeX\tex/generic/xypic\xypdf-co.tex
loaded) Xy-pic pdf driver: `curve' extension support
(C:\Users\jorge\AppData\Local\Programs\MiKTeX\tex/generic/xypic\xypdf-cu.tex
loaded) Xy-pic pdf driver: `frame' extension support
(C:\Users\jorge\AppData\Local\Programs\MiKTeX\tex/generic/xypic\xypdf-fr.tex
loaded) Xy-pic pdf driver: `line' extension support
(C:\Users\jorge\AppData\Local\Programs\MiKTeX\tex/generic/xypic\xypdf-li.tex
loaded) Xy-pic pdf driver: `rotate' extension support
(C:\Users\jorge\AppData\Local\Programs\MiKTeX\tex/generic/xypic\xypdf-ro.tex
loaded) loaded))
(C:\Users\jorge\AppData\Local\Programs\MiKTeX\tex/latex/relsize\relsize.sty
Package: relsize 2013/03/29 ver 4.1
)
(C:\Users\jorge\AppData\Local\Programs\MiKTeX\tex/latex/bigints\bigints.sty
Package: bigints 2010/02/15 Writing big integrals
Package bigints Info: This is Bigints by Merciadri Luca. on input line 5.
)
(C:\Users\jorge\AppData\Local\Programs\MiKTeX\tex/latex/mdframed\mdframed.sty
Package: mdframed 2013/07/01 1.9b: mdframed

(C:\Users\jorge\AppData\Local\Programs\MiKTeX\tex/latex/l3packages/xparse\xpars
e.sty
(C:\Users\jorge\AppData\Local\Programs\MiKTeX\tex/latex/l3kernel\expl3.sty
Package: expl3 2024-01-04 L3 programming layer (loader) 

(C:\Users\jorge\AppData\Local\Programs\MiKTeX\tex/latex/l3backend\l3backend-pdf
tex.def
File: l3backend-pdftex.def 2024-01-04 L3 backend support: PDF output (pdfTeX)
\l__color_backend_stack_int=\count303
\l__pdf_internal_box=\box57
))
Package: xparse 2023-10-10 L3 Experimental document command parser
)
(C:\Users\jorge\AppData\Local\Programs\MiKTeX\tex/latex/zref\zref-abspage.sty
Package: zref-abspage 2023-09-14 v2.35 Module abspage for zref (HO)

(C:\Users\jorge\AppData\Local\Programs\MiKTeX\tex/latex/zref\zref-base.sty
Package: zref-base 2023-09-14 v2.35 Module base for zref (HO)

(C:\Users\jorge\AppData\Local\Programs\MiKTeX\tex/generic/etexcmds\etexcmds.sty
Package: etexcmds 2019/12/15 v1.7 Avoid name clashes with e-TeX commands (HO)
)
Package zref Info: New property list: main on input line 767.
Package zref Info: New property: default on input line 768.
Package zref Info: New property: page on input line 769.
)
\c@abspage=\count304
Package zref Info: New property: abspage on input line 67.
)
(C:\Users\jorge\AppData\Local\Programs\MiKTeX\tex/latex/needspace\needspace.sty
Package: needspace 2010/09/12 v1.3d reserve vertical space
) (C:\Users\jorge\AppData\Local\Programs\MiKTeX\tex/latex/graphics\color.sty
Package: color 2022/01/06 v1.3d Standard LaTeX Color (DPC)

(C:\Users\jorge\AppData\Local\Programs\MiKTeX\tex/latex/graphics-cfg\color.cfg
File: color.cfg 2016/01/02 v1.6 sample color configuration
)
Package color Info: Driver file: pdftex.def on input line 149.
(C:\Users\jorge\AppData\Local\Programs\MiKTeX\tex/latex/graphics\mathcolor.ltx)
)
\mdf@templength=\skip66
\c@mdf@globalstyle@cnt=\count305
\mdf@skipabove@length=\skip67
\mdf@skipbelow@length=\skip68
\mdf@leftmargin@length=\skip69
\mdf@rightmargin@length=\skip70
\mdf@innerleftmargin@length=\skip71
\mdf@innerrightmargin@length=\skip72
\mdf@innertopmargin@length=\skip73
\mdf@innerbottommargin@length=\skip74
\mdf@splittopskip@length=\skip75
\mdf@splitbottomskip@length=\skip76
\mdf@outermargin@length=\skip77
\mdf@innermargin@length=\skip78
\mdf@linewidth@length=\skip79
\mdf@innerlinewidth@length=\skip80
\mdf@middlelinewidth@length=\skip81
\mdf@outerlinewidth@length=\skip82
\mdf@roundcorner@length=\skip83
\mdf@footenotedistance@length=\skip84
\mdf@userdefinedwidth@length=\skip85
\mdf@needspace@length=\skip86
\mdf@frametitleaboveskip@length=\skip87
\mdf@frametitlebelowskip@length=\skip88
\mdf@frametitlerulewidth@length=\skip89
\mdf@frametitleleftmargin@length=\skip90
\mdf@frametitlerightmargin@length=\skip91
\mdf@shadowsize@length=\skip92
\mdf@extratopheight@length=\skip93
\mdf@subtitleabovelinewidth@length=\skip94
\mdf@subtitlebelowlinewidth@length=\skip95
\mdf@subtitleaboveskip@length=\skip96
\mdf@subtitlebelowskip@length=\skip97
\mdf@subtitleinneraboveskip@length=\skip98
\mdf@subtitleinnerbelowskip@length=\skip99
\mdf@subsubtitleabovelinewidth@length=\skip100
\mdf@subsubtitlebelowlinewidth@length=\skip101
\mdf@subsubtitleaboveskip@length=\skip102
\mdf@subsubtitlebelowskip@length=\skip103
\mdf@subsubtitleinneraboveskip@length=\skip104
\mdf@subsubtitleinnerbelowskip@length=\skip105

(C:\Users\jorge\AppData\Local\Programs\MiKTeX\tex/latex/mdframed\md-frame-0.mdf
File: md-frame-0.mdf 2013/07/01\ 1.9b: md-frame-0
)
\mdf@frametitlebox=\box58
\mdf@footnotebox=\box59
\mdf@splitbox@one=\box60
\mdf@splitbox@two=\box61
\mdf@splitbox@save=\box62
\mdfsplitboxwidth=\skip106
\mdfsplitboxtotalwidth=\skip107
\mdfsplitboxheight=\skip108
\mdfsplitboxdepth=\skip109
\mdfsplitboxtotalheight=\skip110
\mdfframetitleboxwidth=\skip111
\mdfframetitleboxtotalwidth=\skip112
\mdfframetitleboxheight=\skip113
\mdfframetitleboxdepth=\skip114
\mdfframetitleboxtotalheight=\skip115
\mdffootnoteboxwidth=\skip116
\mdffootnoteboxtotalwidth=\skip117
\mdffootnoteboxheight=\skip118
\mdffootnoteboxdepth=\skip119
\mdffootnoteboxtotalheight=\skip120
\mdftotallinewidth=\skip121
\mdfboundingboxwidth=\skip122
\mdfboundingboxtotalwidth=\skip123
\mdfboundingboxheight=\skip124
\mdfboundingboxdepth=\skip125
\mdfboundingboxtotalheight=\skip126
\mdf@freevspace@length=\skip127
\mdf@horizontalwidthofbox@length=\skip128
\mdf@verticalmarginwhole@length=\skip129
\mdf@horizontalspaceofbox=\skip130
\mdfsubtitleheight=\skip131
\mdfsubsubtitleheight=\skip132
\c@mdfcountframes=\count306

****** mdframed patching \endmdf@trivlist

****** -- success******

\mdf@envdepth=\count307
\c@mdf@env@i=\count308
\c@mdf@env@ii=\count309
\c@mdf@zref@counter=\count310
Package zref Info: New property: mdf@pagevalue on input line 895.
) (C:\Users\jorge\AppData\Local\Programs\MiKTeX\tex/latex/xcolor\xcolor.sty
Package: xcolor 2023/11/15 v3.01 LaTeX color extensions (UK)

(C:\Users\jorge\AppData\Local\Programs\MiKTeX\tex/latex/graphics-cfg\color.cfg
File: color.cfg 2016/01/02 v1.6 sample color configuration
)
Package xcolor Info: Driver file: pdftex.def on input line 274.
LaTeX Info: Redefining \color on input line 758.
(C:\Users\jorge\AppData\Local\Programs\MiKTeX\tex/latex/graphics\mathcolor.ltx)
Package xcolor Info: Model `cmy' substituted by `cmy0' on input line 1350.
Package xcolor Info: Model `hsb' substituted by `rgb' on input line 1354.
Package xcolor Info: Model `RGB' extended on input line 1366.
Package xcolor Info: Model `HTML' substituted by `rgb' on input line 1368.
Package xcolor Info: Model `Hsb' substituted by `hsb' on input line 1369.
Package xcolor Info: Model `tHsb' substituted by `hsb' on input line 1370.
Package xcolor Info: Model `HSB' substituted by `hsb' on input line 1371.
Package xcolor Info: Model `Gray' substituted by `gray' on input line 1372.
Package xcolor Info: Model `wave' substituted by `hsb' on input line 1373.
) (C:\Users\jorge\AppData\Local\Programs\MiKTeX\tex/latex/csquotes\csquotes.sty
Package: csquotes 2024-04-04 v5.2o context-sensitive quotations (JAW)
\csq@reset=\count311
\csq@gtype=\count312
\csq@glevel=\count313
\csq@qlevel=\count314
\csq@maxlvl=\count315
\csq@tshold=\count316
\csq@ltx@everypar=\toks39
(C:\Users\jorge\AppData\Local\Programs\MiKTeX\tex/latex/csquotes\csquotes.def
File: csquotes.def 2024-04-04 v5.2o csquotes generic definitions (JAW)
)
Package csquotes Info: Trying to load configuration file 'csquotes.cfg'...
Package csquotes Info: ... configuration file loaded successfully.

(C:\Users\jorge\AppData\Local\Programs\MiKTeX\tex/latex/csquotes\csquotes.cfg
File: csquotes.cfg 
)
Package csquotes Info: Enabling multilingual quotes.
)
(C:\Users\jorge\AppData\Local\Programs\MiKTeX\tex/latex/tcolorbox\tcolorbox.sty
Package: tcolorbox 2024/01/10 version 6.2.0 text color boxes
(C:\Users\jorge\AppData\Local\Programs\MiKTeX\tex/latex/pgf/basiclayer\pgf.sty
(C:\Users\jorge\AppData\Local\Programs\MiKTeX\tex/latex/pgf/utilities\pgfrcs.st
y
(C:\Users\jorge\AppData\Local\Programs\MiKTeX\tex/generic/pgf/utilities\pgfutil
-common.tex
\pgfutil@everybye=\toks40
\pgfutil@tempdima=\dimen257
\pgfutil@tempdimb=\dimen258
)
(C:\Users\jorge\AppData\Local\Programs\MiKTeX\tex/generic/pgf/utilities\pgfutil
-latex.def
\pgfutil@abb=\box63
)
(C:\Users\jorge\AppData\Local\Programs\MiKTeX\tex/generic/pgf/utilities\pgfrcs.
code.tex
(C:\Users\jorge\AppData\Local\Programs\MiKTeX\tex/generic/pgf\pgf.revision.tex)
Package: pgfrcs 2023-01-15 v3.1.10 (3.1.10)
))
Package: pgf 2023-01-15 v3.1.10 (3.1.10)

(C:\Users\jorge\AppData\Local\Programs\MiKTeX\tex/latex/pgf/basiclayer\pgfcore.
sty
(C:\Users\jorge\AppData\Local\Programs\MiKTeX\tex/latex/pgf/systemlayer\pgfsys.
sty
(C:\Users\jorge\AppData\Local\Programs\MiKTeX\tex/generic/pgf/systemlayer\pgfsy
s.code.tex
Package: pgfsys 2023-01-15 v3.1.10 (3.1.10)

(C:\Users\jorge\AppData\Local\Programs\MiKTeX\tex/generic/pgf/utilities\pgfkeys
.code.tex
\pgfkeys@pathtoks=\toks41
\pgfkeys@temptoks=\toks42

(C:\Users\jorge\AppData\Local\Programs\MiKTeX\tex/generic/pgf/utilities\pgfkeys
libraryfiltered.code.tex
\pgfkeys@tmptoks=\toks43
))
\pgf@x=\dimen259
\pgf@y=\dimen260
\pgf@xa=\dimen261
\pgf@ya=\dimen262
\pgf@xb=\dimen263
\pgf@yb=\dimen264
\pgf@xc=\dimen265
\pgf@yc=\dimen266
\pgf@xd=\dimen267
\pgf@yd=\dimen268
\w@pgf@writea=\write4
\r@pgf@reada=\read4
\c@pgf@counta=\count317
\c@pgf@countb=\count318
\c@pgf@countc=\count319
\c@pgf@countd=\count320
\t@pgf@toka=\toks44
\t@pgf@tokb=\toks45
\t@pgf@tokc=\toks46
\pgf@sys@id@count=\count321

(C:\Users\jorge\AppData\Local\Programs\MiKTeX\tex/generic/pgf/systemlayer\pgf.c
fg
File: pgf.cfg 2023-01-15 v3.1.10 (3.1.10)
)
Driver file for pgf: pgfsys-pdftex.def

(C:\Users\jorge\AppData\Local\Programs\MiKTeX\tex/generic/pgf/systemlayer\pgfsy
s-pdftex.def
File: pgfsys-pdftex.def 2023-01-15 v3.1.10 (3.1.10)

(C:\Users\jorge\AppData\Local\Programs\MiKTeX\tex/generic/pgf/systemlayer\pgfsy
s-common-pdf.def
File: pgfsys-common-pdf.def 2023-01-15 v3.1.10 (3.1.10)
)))
(C:\Users\jorge\AppData\Local\Programs\MiKTeX\tex/generic/pgf/systemlayer\pgfsy
ssoftpath.code.tex
File: pgfsyssoftpath.code.tex 2023-01-15 v3.1.10 (3.1.10)
\pgfsyssoftpath@smallbuffer@items=\count322
\pgfsyssoftpath@bigbuffer@items=\count323
)
(C:\Users\jorge\AppData\Local\Programs\MiKTeX\tex/generic/pgf/systemlayer\pgfsy
sprotocol.code.tex
File: pgfsysprotocol.code.tex 2023-01-15 v3.1.10 (3.1.10)
))
(C:\Users\jorge\AppData\Local\Programs\MiKTeX\tex/generic/pgf/basiclayer\pgfcor
e.code.tex
Package: pgfcore 2023-01-15 v3.1.10 (3.1.10)

(C:\Users\jorge\AppData\Local\Programs\MiKTeX\tex/generic/pgf/math\pgfmath.code
.tex
(C:\Users\jorge\AppData\Local\Programs\MiKTeX\tex/generic/pgf/math\pgfmathutil.
code.tex)
(C:\Users\jorge\AppData\Local\Programs\MiKTeX\tex/generic/pgf/math\pgfmathparse
r.code.tex
\pgfmath@dimen=\dimen269
\pgfmath@count=\count324
\pgfmath@box=\box64
\pgfmath@toks=\toks47
\pgfmath@stack@operand=\toks48
\pgfmath@stack@operation=\toks49
)
(C:\Users\jorge\AppData\Local\Programs\MiKTeX\tex/generic/pgf/math\pgfmathfunct
ions.code.tex)
(C:\Users\jorge\AppData\Local\Programs\MiKTeX\tex/generic/pgf/math\pgfmathfunct
ions.basic.code.tex)
(C:\Users\jorge\AppData\Local\Programs\MiKTeX\tex/generic/pgf/math\pgfmathfunct
ions.trigonometric.code.tex)
(C:\Users\jorge\AppData\Local\Programs\MiKTeX\tex/generic/pgf/math\pgfmathfunct
ions.random.code.tex)
(C:\Users\jorge\AppData\Local\Programs\MiKTeX\tex/generic/pgf/math\pgfmathfunct
ions.comparison.code.tex)
(C:\Users\jorge\AppData\Local\Programs\MiKTeX\tex/generic/pgf/math\pgfmathfunct
ions.base.code.tex)
(C:\Users\jorge\AppData\Local\Programs\MiKTeX\tex/generic/pgf/math\pgfmathfunct
ions.round.code.tex)
(C:\Users\jorge\AppData\Local\Programs\MiKTeX\tex/generic/pgf/math\pgfmathfunct
ions.misc.code.tex)
(C:\Users\jorge\AppData\Local\Programs\MiKTeX\tex/generic/pgf/math\pgfmathfunct
ions.integerarithmetics.code.tex)
(C:\Users\jorge\AppData\Local\Programs\MiKTeX\tex/generic/pgf/math\pgfmathcalc.
code.tex)
(C:\Users\jorge\AppData\Local\Programs\MiKTeX\tex/generic/pgf/math\pgfmathfloat
.code.tex
\c@pgfmathroundto@lastzeros=\count325
))
(C:\Users\jorge\AppData\Local\Programs\MiKTeX\tex/generic/pgf/math\pgfint.code.
tex)
(C:\Users\jorge\AppData\Local\Programs\MiKTeX\tex/generic/pgf/basiclayer\pgfcor
epoints.code.tex
File: pgfcorepoints.code.tex 2023-01-15 v3.1.10 (3.1.10)
\pgf@picminx=\dimen270
\pgf@picmaxx=\dimen271
\pgf@picminy=\dimen272
\pgf@picmaxy=\dimen273
\pgf@pathminx=\dimen274
\pgf@pathmaxx=\dimen275
\pgf@pathminy=\dimen276
\pgf@pathmaxy=\dimen277
\pgf@xx=\dimen278
\pgf@xy=\dimen279
\pgf@yx=\dimen280
\pgf@yy=\dimen281
\pgf@zx=\dimen282
\pgf@zy=\dimen283
)
(C:\Users\jorge\AppData\Local\Programs\MiKTeX\tex/generic/pgf/basiclayer\pgfcor
epathconstruct.code.tex
File: pgfcorepathconstruct.code.tex 2023-01-15 v3.1.10 (3.1.10)
\pgf@path@lastx=\dimen284
\pgf@path@lasty=\dimen285
)
(C:\Users\jorge\AppData\Local\Programs\MiKTeX\tex/generic/pgf/basiclayer\pgfcor
epathusage.code.tex
File: pgfcorepathusage.code.tex 2023-01-15 v3.1.10 (3.1.10)
\pgf@shorten@end@additional=\dimen286
\pgf@shorten@start@additional=\dimen287
)
(C:\Users\jorge\AppData\Local\Programs\MiKTeX\tex/generic/pgf/basiclayer\pgfcor
escopes.code.tex
File: pgfcorescopes.code.tex 2023-01-15 v3.1.10 (3.1.10)
\pgfpic=\box65
\pgf@hbox=\box66
\pgf@layerbox@main=\box67
\pgf@picture@serial@count=\count326
)
(C:\Users\jorge\AppData\Local\Programs\MiKTeX\tex/generic/pgf/basiclayer\pgfcor
egraphicstate.code.tex
File: pgfcoregraphicstate.code.tex 2023-01-15 v3.1.10 (3.1.10)
\pgflinewidth=\dimen288
)
(C:\Users\jorge\AppData\Local\Programs\MiKTeX\tex/generic/pgf/basiclayer\pgfcor
etransformations.code.tex
File: pgfcoretransformations.code.tex 2023-01-15 v3.1.10 (3.1.10)
\pgf@pt@x=\dimen289
\pgf@pt@y=\dimen290
\pgf@pt@temp=\dimen291
)
(C:\Users\jorge\AppData\Local\Programs\MiKTeX\tex/generic/pgf/basiclayer\pgfcor
equick.code.tex
File: pgfcorequick.code.tex 2023-01-15 v3.1.10 (3.1.10)
)
(C:\Users\jorge\AppData\Local\Programs\MiKTeX\tex/generic/pgf/basiclayer\pgfcor
eobjects.code.tex
File: pgfcoreobjects.code.tex 2023-01-15 v3.1.10 (3.1.10)
)
(C:\Users\jorge\AppData\Local\Programs\MiKTeX\tex/generic/pgf/basiclayer\pgfcor
epathprocessing.code.tex
File: pgfcorepathprocessing.code.tex 2023-01-15 v3.1.10 (3.1.10)
)
(C:\Users\jorge\AppData\Local\Programs\MiKTeX\tex/generic/pgf/basiclayer\pgfcor
earrows.code.tex
File: pgfcorearrows.code.tex 2023-01-15 v3.1.10 (3.1.10)
\pgfarrowsep=\dimen292
)
(C:\Users\jorge\AppData\Local\Programs\MiKTeX\tex/generic/pgf/basiclayer\pgfcor
eshade.code.tex
File: pgfcoreshade.code.tex 2023-01-15 v3.1.10 (3.1.10)
\pgf@max=\dimen293
\pgf@sys@shading@range@num=\count327
\pgf@shadingcount=\count328
)
(C:\Users\jorge\AppData\Local\Programs\MiKTeX\tex/generic/pgf/basiclayer\pgfcor
eimage.code.tex
File: pgfcoreimage.code.tex 2023-01-15 v3.1.10 (3.1.10)
)
(C:\Users\jorge\AppData\Local\Programs\MiKTeX\tex/generic/pgf/basiclayer\pgfcor
eexternal.code.tex
File: pgfcoreexternal.code.tex 2023-01-15 v3.1.10 (3.1.10)
\pgfexternal@startupbox=\box68
)
(C:\Users\jorge\AppData\Local\Programs\MiKTeX\tex/generic/pgf/basiclayer\pgfcor
elayers.code.tex
File: pgfcorelayers.code.tex 2023-01-15 v3.1.10 (3.1.10)
)
(C:\Users\jorge\AppData\Local\Programs\MiKTeX\tex/generic/pgf/basiclayer\pgfcor
etransparency.code.tex
File: pgfcoretransparency.code.tex 2023-01-15 v3.1.10 (3.1.10)
)
(C:\Users\jorge\AppData\Local\Programs\MiKTeX\tex/generic/pgf/basiclayer\pgfcor
epatterns.code.tex
File: pgfcorepatterns.code.tex 2023-01-15 v3.1.10 (3.1.10)
)
(C:\Users\jorge\AppData\Local\Programs\MiKTeX\tex/generic/pgf/basiclayer\pgfcor
erdf.code.tex
File: pgfcorerdf.code.tex 2023-01-15 v3.1.10 (3.1.10)
)))
(C:\Users\jorge\AppData\Local\Programs\MiKTeX\tex/generic/pgf/modules\pgfmodule
shapes.code.tex
File: pgfmoduleshapes.code.tex 2023-01-15 v3.1.10 (3.1.10)
\pgfnodeparttextbox=\box69
)
(C:\Users\jorge\AppData\Local\Programs\MiKTeX\tex/generic/pgf/modules\pgfmodule
plot.code.tex
File: pgfmoduleplot.code.tex 2023-01-15 v3.1.10 (3.1.10)
)
(C:\Users\jorge\AppData\Local\Programs\MiKTeX\tex/latex/pgf/compatibility\pgfco
mp-version-0-65.sty
Package: pgfcomp-version-0-65 2023-01-15 v3.1.10 (3.1.10)
\pgf@nodesepstart=\dimen294
\pgf@nodesepend=\dimen295
)
(C:\Users\jorge\AppData\Local\Programs\MiKTeX\tex/latex/pgf/compatibility\pgfco
mp-version-1-18.sty
Package: pgfcomp-version-1-18 2023-01-15 v3.1.10 (3.1.10)
))
(C:\Users\jorge\AppData\Local\Programs\MiKTeX\tex/latex/tools\verbatim.sty
Package: verbatim 2023-11-06 v1.5v LaTeX2e package for verbatim enhancements
\every@verbatim=\toks50
\verbatim@line=\toks51
\verbatim@in@stream=\read5
)
(C:\Users\jorge\AppData\Local\Programs\MiKTeX\tex/latex/environ\environ.sty
Package: environ 2014/05/04 v0.3 A new way to define environments

(C:\Users\jorge\AppData\Local\Programs\MiKTeX\tex/latex/trimspaces\trimspaces.s
ty
Package: trimspaces 2009/09/17 v1.1 Trim spaces around a token list
))
\tcb@titlebox=\box70
\tcb@upperbox=\box71
\tcb@lowerbox=\box72
\tcb@phantombox=\box73
\c@tcbbreakpart=\count329
\c@tcblayer=\count330
\c@tcolorbox@number=\count331
\l__tcobox_tmpa_box=\box74
\l__tcobox_tmpa_dim=\dimen296
\tcb@temp=\box75
\tcb@temp=\box76
\tcb@temp=\box77
\tcb@temp=\box78
)
(C:\Users\jorge\AppData\Local\Programs\MiKTeX\tex/latex/tcolorbox\tcblistingsut
f8.code.tex
Library (tcolorbox): 'tcblistingsutf8.code.tex' version '6.2.0'

(C:\Users\jorge\AppData\Local\Programs\MiKTeX\tex/latex/tcolorbox\tcblistings.c
ode.tex
Library (tcolorbox): 'tcblistings.code.tex' version '6.2.0'
(C:\Users\jorge\AppData\Local\Programs\MiKTeX\tex/latex/listings\listings.sty
\lst@mode=\count332
\lst@gtempboxa=\box79
\lst@token=\toks52
\lst@length=\count333
\lst@currlwidth=\dimen297
\lst@column=\count334
\lst@pos=\count335
\lst@lostspace=\dimen298
\lst@width=\dimen299
\lst@newlines=\count336
\lst@lineno=\count337
\lst@maxwidth=\dimen300

(C:\Users\jorge\AppData\Local\Programs\MiKTeX\tex/latex/listings\lstmisc.sty
File: lstmisc.sty 2023/02/27 1.9 (Carsten Heinz)
\c@lstnumber=\count338
\lst@skipnumbers=\count339
\lst@framebox=\box80
)
(C:\Users\jorge\AppData\Local\Programs\MiKTeX\tex/latex/listings\listings.cfg
File: listings.cfg 2023/02/27 1.9 listings configuration
))
Package: listings 2023/02/27 1.9 (Carsten Heinz)

(C:\Users\jorge\AppData\Local\Programs\MiKTeX\tex/latex/tcolorbox\tcblistingsco
re.code.tex
Library (tcolorbox): 'tcblistingscore.code.tex' version '6.2.0'

(C:\Users\jorge\AppData\Local\Programs\MiKTeX\tex/latex/tcolorbox\tcbprocessing
.code.tex
Library (tcolorbox): 'tcbprocessing.code.tex' version '6.2.0'
)
\c@tcblisting=\count340
))
(C:\Users\jorge\AppData\Local\Programs\MiKTeX\tex/latex/listingsutf8\listingsut
f8.sty
Package: listingsutf8 2019-12-10 v1.5 Allow UTF-8 in listings input (HO)

(C:\Users\jorge\AppData\Local\Programs\MiKTeX\tex/generic/stringenc\stringenc.s
ty
Package: stringenc 2019/11/29 v1.12 Convert strings between diff. encodings (HO
)
))) (C:\Users\jorge\AppData\Local\Programs\MiKTeX\tex/latex/float\float.sty
Package: float 2001/11/08 v1.3d Float enhancements (AL)
\c@float@type=\count341
\float@exts=\toks53
\float@box=\box81
\@float@everytoks=\toks54
\@floatcapt=\box82
)
(C:\Users\jorge\AppData\Local\Programs\MiKTeX\tex/latex/bbold\bbold.sty
Package: bbold 1994/04/06 Bbold symbol package
LaTeX Font Info:    Redeclaring math alphabet \mathbb on input line 42.
)
(C:\Users\jorge\AppData\Local\Programs\MiKTeX\tex/latex/mathtools\mathtools.sty
Package: mathtools 2024/03/11 v1.30 mathematical typesetting tools
(C:\Users\jorge\AppData\Local\Programs\MiKTeX\tex/latex/tools\calc.sty
Package: calc 2023/07/08 v4.3 Infix arithmetic (KKT,FJ)
\calc@Acount=\count342
\calc@Bcount=\count343
\calc@Adimen=\dimen301
\calc@Bdimen=\dimen302
\calc@Askip=\skip133
\calc@Bskip=\skip134
LaTeX Info: Redefining \setlength on input line 80.
LaTeX Info: Redefining \addtolength on input line 81.
\calc@Ccount=\count344
\calc@Cskip=\skip135
)
(C:\Users\jorge\AppData\Local\Programs\MiKTeX\tex/latex/mathtools\mhsetup.sty
Package: mhsetup 2021/03/18 v1.4 programming setup (MH)
)
\g_MT_multlinerow_int=\count345
\l_MT_multwidth_dim=\dimen303
\origjot=\skip136
\l_MT_shortvdotswithinadjustabove_dim=\dimen304
\l_MT_shortvdotswithinadjustbelow_dim=\dimen305
\l_MT_above_intertext_sep=\dimen306
\l_MT_below_intertext_sep=\dimen307
\l_MT_above_shortintertext_sep=\dimen308
\l_MT_below_shortintertext_sep=\dimen309
\xmathstrut@box=\box83
\xmathstrut@dim=\dimen310
)
c:/Users/jorge/OneDrive/Escritorio/GitHub/Matematicas LaTeX/Ampliacion de la Te
oria de la Probabilidad/main.tex:44: Missing number, treated as zero.
<to be read again> 
                   }
l.44 \newcommand{\re}[]{\text{Re}}
                                  
A number should have been here; I inserted `0'.
(If you can't figure out why I needed to see a number,
look up `weird error' in the index to The TeXbook.)

\c@teo=\count346
Package csquotes Info: Checking for multilingual support...
Package csquotes Info: ... found 'babel' package.
(main.aux)
\openout1 = `main.aux'.

LaTeX Font Info:    Checking defaults for OML/cmm/m/it on input line 67.
LaTeX Font Info:    ... okay on input line 67.
LaTeX Font Info:    Checking defaults for OMS/cmsy/m/n on input line 67.
LaTeX Font Info:    ... okay on input line 67.
LaTeX Font Info:    Checking defaults for OT1/cmr/m/n on input line 67.
LaTeX Font Info:    ... okay on input line 67.
LaTeX Font Info:    Checking defaults for T1/cmr/m/n on input line 67.
LaTeX Font Info:    ... okay on input line 67.
LaTeX Font Info:    Checking defaults for TS1/cmr/m/n on input line 67.
LaTeX Font Info:    ... okay on input line 67.
LaTeX Font Info:    Checking defaults for OMX/cmex/m/n on input line 67.
LaTeX Font Info:    ... okay on input line 67.
LaTeX Font Info:    Checking defaults for U/cmr/m/n on input line 67.
LaTeX Font Info:    ... okay on input line 67.
LaTeX Font Info:    Checking defaults for PD1/pdf/m/n on input line 67.
LaTeX Font Info:    ... okay on input line 67.
LaTeX Font Info:    Checking defaults for PU/pdf/m/n on input line 67.
LaTeX Font Info:    ... okay on input line 67.
LaTeX Info: Redefining \. on input line 67.
LaTeX Info: Redefining \% on input line 67.

(C:\Users\jorge\AppData\Local\Programs\MiKTeX\tex/context/base/mkii\supp-pdf.mk
ii
[Loading MPS to PDF converter (version 2006.09.02).]
\scratchcounter=\count347
\scratchdimen=\dimen311
\scratchbox=\box84
\nofMPsegments=\count348
\nofMParguments=\count349
\everyMPshowfont=\toks55
\MPscratchCnt=\count350
\MPscratchDim=\dimen312
\MPnumerator=\count351
\makeMPintoPDFobject=\count352
\everyMPtoPDFconversion=\toks56
)
(C:\Users\jorge\AppData\Local\Programs\MiKTeX\tex/latex/epstopdf-pkg\epstopdf-b
ase.sty
Package: epstopdf-base 2020-01-24 v2.11 Base part for package epstopdf
Package epstopdf-base Info: Redefining graphics rule for `.eps' on input line 4
85.

(C:\Users\jorge\AppData\Local\Programs\MiKTeX\tex/latex/00miktex\epstopdf-sys.c
fg
File: epstopdf-sys.cfg 2021/03/18 v2.0 Configuration of epstopdf for MiKTeX
))
Package caption Info: Begin \AtBeginDocument code.
Package caption Info: float package is loaded.
Package caption Info: hyperref package is loaded.
Package caption Info: listings package is loaded.
Package caption Info: End \AtBeginDocument code.
Package hyperref Info: Link coloring OFF on input line 67.
\@outlinefile=\write5
\openout5 = `main.out'.

LaTeX Font Info:    Trying to load font information for U+msa on input line 67.

 (C:\Users\jorge\AppData\Local\Programs\MiKTeX\tex/latex/amsfonts\umsa.fd
File: umsa.fd 2013/01/14 v3.01 AMS symbols A
)
LaTeX Font Info:    Trying to load font information for U+msb on input line 67.


(C:\Users\jorge\AppData\Local\Programs\MiKTeX\tex/latex/amsfonts\umsb.fd
File: umsb.fd 2013/01/14 v3.01 AMS symbols B
)
LaTeX Font Info:    Trying to load font information for U+rsfs on input line 67
.

(C:\Users\jorge\AppData\Local\Programs\MiKTeX\tex/latex/jknappen\ursfs.fd
File: ursfs.fd 1998/03/24 rsfs font definition file (jk)
)
Package xypdf Info: Line width: 0.39998pt on input line 67.
\c@lstlisting=\count353
\openout2 = `indice.aux'.


(indice.tex [1




{C:/Users/jorge/AppData/Local/MiKTeX/fonts/map/pdftex/pdftex.map}]
<insta.png, id=15, 185.94469pt x 130.23656pt>
File: insta.png Graphic file (type png)
<use insta.png>
Package pdftex.def Info: insta.png  used on input line 21.
(pdftex.def)             Requested size: 19.23363pt x 13.46956pt.
 [2

 <./insta.png>]
No file main.toc.
\tf@toc=\write6
\openout6 = `main.toc'.

) [3]
LaTeX Info: Redefining \. on input line 72.
LaTeX Info: Redefining \% on input line 72.


Package fancyhdr Warning: \headheight is too small (12.0pt): 
(fancyhdr)                Make it at least 13.07225pt, for example:
(fancyhdr)                \setlength{\headheight}{13.07225pt}.
(fancyhdr)                You might also make \topmargin smaller to compensate:

(fancyhdr)                \addtolength{\topmargin}{-1.07225pt}.

File: insta.png Graphic file (type png)
<use insta.png>
Package pdftex.def Info: insta.png  used on input line 72.
(pdftex.def)             Requested size: 19.23363pt x 13.46956pt.
[4



]
\openout2 = `capitulo1.aux'.

 (capitulo1.tex
Cap\'{\i }tulo 1.
LaTeX Font Info:    Trying to load font information for U+bbold on input line 5
.
(C:\Users\jorge\AppData\Local\Programs\MiKTeX\tex/latex/jknappen\ubbold.fd
File: ubbold.fd 1996/01/01 Blackboard Bold Font Definition File (jk)
)
[1


]
LaTeX Info: Redefining \. on input line 121.
LaTeX Info: Redefining \% on input line 121.


Package fancyhdr Warning: \headheight is too small (12.0pt): 
(fancyhdr)                Make it at least 13.07225pt, for example:
(fancyhdr)                \setlength{\headheight}{13.07225pt}.
(fancyhdr)                You might also make \topmargin smaller to compensate:

(fancyhdr)                \addtolength{\topmargin}{-1.07225pt}.

File: insta.png Graphic file (type png)
<use insta.png>
Package pdftex.def Info: insta.png  used on input line 121.
(pdftex.def)             Requested size: 19.23363pt x 13.46956pt.
[2]
LaTeX Info: Redefining \. on input line 172.
LaTeX Info: Redefining \% on input line 172.
File: insta.png Graphic file (type png)
<use insta.png>
Package pdftex.def Info: insta.png  used on input line 172.
(pdftex.def)             Requested size: 19.23363pt x 13.46956pt.
 [3]
capitulo1.tex:195: Undefined control sequence.
l.195 Sean $(X, \mathcak
                        {M}, \mu)$ e $(Y, \mathcal{N},\nu)$ dos espacios de ...
The control sequence at the end of the top line
of your error message was never \def'ed. If you have
misspelled it (e.g., `\hobx'), type `I' and the correct
spelling (e.g., `I\hbox'). Otherwise just continue,
and I'll forget about whatever was undefined.

LaTeX Info: Redefining \. on input line 245.
LaTeX Info: Redefining \% on input line 245.

Package fancyhdr Warning: \headheight is too small (12.0pt): 
(fancyhdr)                Make it at least 13.07225pt, for example:
(fancyhdr)                \setlength{\headheight}{13.07225pt}.
(fancyhdr)                You might also make \topmargin smaller to compensate:

(fancyhdr)                \addtolength{\topmargin}{-1.07225pt}.

File: insta.png Graphic file (type png)
<use insta.png>
Package pdftex.def Info: insta.png  used on input line 245.
(pdftex.def)             Requested size: 19.23363pt x 13.46956pt.
[4]
LaTeX Info: Redefining \. on input line 291.
LaTeX Info: Redefining \% on input line 291.


Package fancyhdr Warning: \headheight is too small (12.0pt): 
(fancyhdr)                Make it at least 13.07225pt, for example:
(fancyhdr)                \setlength{\headheight}{13.07225pt}.
(fancyhdr)                You might also make \topmargin smaller to compensate:

(fancyhdr)                \addtolength{\topmargin}{-1.07225pt}.

File: insta.png Graphic file (type png)
<use insta.png>
Package pdftex.def Info: insta.png  used on input line 291.
(pdftex.def)             Requested size: 19.23363pt x 13.46956pt.
[5]
Underfull \hbox (badness 10000) in paragraph at lines 349--354

 []

LaTeX Info: Redefining \. on input line 356.
LaTeX Info: Redefining \% on input line 356.

Package fancyhdr Warning: \headheight is too small (12.0pt): 
(fancyhdr)                Make it at least 13.07225pt, for example:
(fancyhdr)                \setlength{\headheight}{13.07225pt}.
(fancyhdr)                You might also make \topmargin smaller to compensate:

(fancyhdr)                \addtolength{\topmargin}{-1.07225pt}.

File: insta.png Graphic file (type png)
<use insta.png>
Package pdftex.def Info: insta.png  used on input line 356.
(pdftex.def)             Requested size: 19.23363pt x 13.46956pt.
[6]
LaTeX Info: Redefining \. on input line 417.
LaTeX Info: Redefining \% on input line 417.


Package fancyhdr Warning: \headheight is too small (12.0pt): 
(fancyhdr)                Make it at least 13.07225pt, for example:
(fancyhdr)                \setlength{\headheight}{13.07225pt}.
(fancyhdr)                You might also make \topmargin smaller to compensate:

(fancyhdr)                \addtolength{\topmargin}{-1.07225pt}.

File: insta.png Graphic file (type png)
<use insta.png>
Package pdftex.def Info: insta.png  used on input line 417.
(pdftex.def)             Requested size: 19.23363pt x 13.46956pt.
[7]
Underfull \hbox (badness 10000) in paragraph at lines 425--429

 []


Underfull \hbox (badness 10000) in paragraph at lines 451--456

 []

LaTeX Info: Redefining \. on input line 473.
LaTeX Info: Redefining \% on input line 473.

Package fancyhdr Warning: \headheight is too small (12.0pt): 
(fancyhdr)                Make it at least 13.07225pt, for example:
(fancyhdr)                \setlength{\headheight}{13.07225pt}.
(fancyhdr)                You might also make \topmargin smaller to compensate:

(fancyhdr)                \addtolength{\topmargin}{-1.07225pt}.

File: insta.png Graphic file (type png)
<use insta.png>
Package pdftex.def Info: insta.png  used on input line 473.
(pdftex.def)             Requested size: 19.23363pt x 13.46956pt.
[8])
LaTeX Info: Redefining \. on input line 73.
LaTeX Info: Redefining \% on input line 73.


Package fancyhdr Warning: \headheight is too small (12.0pt): 
(fancyhdr)                Make it at least 13.07225pt, for example:
(fancyhdr)                \setlength{\headheight}{13.07225pt}.
(fancyhdr)                You might also make \topmargin smaller to compensate:

(fancyhdr)                \addtolength{\topmargin}{-1.07225pt}.

File: insta.png Graphic file (type png)
<use insta.png>
Package pdftex.def Info: insta.png  used on input line 73.
(pdftex.def)             Requested size: 19.23363pt x 13.46956pt.
[9]
\openout2 = `capitulo2.aux'.

 (capitulo2.tex
LaTeX Info: Redefining \. on input line 1.
LaTeX Info: Redefining \% on input line 1.


Package fancyhdr Warning: \headheight is too small (12.0pt): 
(fancyhdr)                Make it at least 13.07225pt, for example:
(fancyhdr)                \setlength{\headheight}{13.07225pt}.
(fancyhdr)                You might also make \topmargin smaller to compensate:

(fancyhdr)                \addtolength{\topmargin}{-1.07225pt}.

File: insta.png Graphic file (type png)
<use insta.png>
Package pdftex.def Info: insta.png  used on input line 1.
(pdftex.def)             Requested size: 19.23363pt x 13.46956pt.
[10




]
Cap\'{\i }tulo 2.
[11]
LaTeX Info: Redefining \. on input line 100.
LaTeX Info: Redefining \% on input line 100.


Package fancyhdr Warning: \headheight is too small (12.0pt): 
(fancyhdr)                Make it at least 13.07225pt, for example:
(fancyhdr)                \setlength{\headheight}{13.07225pt}.
(fancyhdr)                You might also make \topmargin smaller to compensate:

(fancyhdr)                \addtolength{\topmargin}{-1.07225pt}.

File: insta.png Graphic file (type png)
<use insta.png>
Package pdftex.def Info: insta.png  used on input line 100.
(pdftex.def)             Requested size: 19.23363pt x 13.46956pt.
[12]
Overfull \hbox (4.0173pt too wide) detected at line 127
[]
 []

LaTeX Info: Redefining \. on input line 172.
LaTeX Info: Redefining \% on input line 172.

Package fancyhdr Warning: \headheight is too small (12.0pt): 
(fancyhdr)                Make it at least 13.07225pt, for example:
(fancyhdr)                \setlength{\headheight}{13.07225pt}.
(fancyhdr)                You might also make \topmargin smaller to compensate:

(fancyhdr)                \addtolength{\topmargin}{-1.07225pt}.

File: insta.png Graphic file (type png)
<use insta.png>
Package pdftex.def Info: insta.png  used on input line 172.
(pdftex.def)             Requested size: 19.23363pt x 13.46956pt.
[13]

LaTeX Warning: Reference `cor1' on page 14 undefined on input line 213.


LaTeX Warning: Reference `teo1' on page 14 undefined on input line 213.


Underfull \hbox (badness 10000) in paragraph at lines 213--217

 []


LaTeX Warning: Reference `teo1' on page 14 undefined on input line 228.

LaTeX Info: Redefining \. on input line 229.
LaTeX Info: Redefining \% on input line 229.

Package fancyhdr Warning: \headheight is too small (12.0pt): 
(fancyhdr)                Make it at least 13.07225pt, for example:
(fancyhdr)                \setlength{\headheight}{13.07225pt}.
(fancyhdr)                You might also make \topmargin smaller to compensate:

(fancyhdr)                \addtolength{\topmargin}{-1.07225pt}.

File: insta.png Graphic file (type png)
<use insta.png>
Package pdftex.def Info: insta.png  used on input line 229.
(pdftex.def)             Requested size: 19.23363pt x 13.46956pt.
[14]
Overfull \hbox (26.43953pt too wide) detected at line 281
[]
 []

LaTeX Info: Redefining \. on input line 281.
LaTeX Info: Redefining \% on input line 281.

Package fancyhdr Warning: \headheight is too small (12.0pt): 
(fancyhdr)                Make it at least 13.07225pt, for example:
(fancyhdr)                \setlength{\headheight}{13.07225pt}.
(fancyhdr)                You might also make \topmargin smaller to compensate:

(fancyhdr)                \addtolength{\topmargin}{-1.07225pt}.

File: insta.png Graphic file (type png)
<use insta.png>
Package pdftex.def Info: insta.png  used on input line 281.
(pdftex.def)             Requested size: 19.23363pt x 13.46956pt.
[15]
LaTeX Info: Redefining \. on input line 346.
LaTeX Info: Redefining \% on input line 346.


Package fancyhdr Warning: \headheight is too small (12.0pt): 
(fancyhdr)                Make it at least 13.07225pt, for example:
(fancyhdr)                \setlength{\headheight}{13.07225pt}.
(fancyhdr)                You might also make \topmargin smaller to compensate:

(fancyhdr)                \addtolength{\topmargin}{-1.07225pt}.

File: insta.png Graphic file (type png)
<use insta.png>
Package pdftex.def Info: insta.png  used on input line 346.
(pdftex.def)             Requested size: 19.23363pt x 13.46956pt.
[16]
capitulo2.tex:364: Undefined control sequence.
l.364     Sean $X_1,\ldtos
                          , X_n$  variables aleatorias independientes con fu...
The control sequence at the end of the top line
of your error message was never \def'ed. If you have
misspelled it (e.g., `\hobx'), type `I' and the correct
spelling (e.g., `I\hbox'). Otherwise just continue,
and I'll forget about whatever was undefined.

LaTeX Info: Redefining \. on input line 421.
LaTeX Info: Redefining \% on input line 421.

Package fancyhdr Warning: \headheight is too small (12.0pt): 
(fancyhdr)                Make it at least 25.07225pt, for example:
(fancyhdr)                \setlength{\headheight}{25.07225pt}.
(fancyhdr)                You might also make \topmargin smaller to compensate:

(fancyhdr)                \addtolength{\topmargin}{-13.07225pt}.

File: insta.png Graphic file (type png)
<use insta.png>
Package pdftex.def Info: insta.png  used on input line 421.
(pdftex.def)             Requested size: 19.23363pt x 13.46956pt.
[17]
LaTeX Info: Redefining \. on input line 489.
LaTeX Info: Redefining \% on input line 489.


Package fancyhdr Warning: \headheight is too small (12.0pt): 
(fancyhdr)                Make it at least 13.07225pt, for example:
(fancyhdr)                \setlength{\headheight}{13.07225pt}.
(fancyhdr)                You might also make \topmargin smaller to compensate:

(fancyhdr)                \addtolength{\topmargin}{-1.07225pt}.

File: insta.png Graphic file (type png)
<use insta.png>
Package pdftex.def Info: insta.png  used on input line 489.
(pdftex.def)             Requested size: 19.23363pt x 13.46956pt.
[18])
LaTeX Info: Redefining \. on input line 74.
LaTeX Info: Redefining \% on input line 74.


Package fancyhdr Warning: \headheight is too small (12.0pt): 
(fancyhdr)                Make it at least 25.07225pt, for example:
(fancyhdr)                \setlength{\headheight}{25.07225pt}.
(fancyhdr)                You might also make \topmargin smaller to compensate:

(fancyhdr)                \addtolength{\topmargin}{-13.07225pt}.

File: insta.png Graphic file (type png)
<use insta.png>
Package pdftex.def Info: insta.png  used on input line 74.
(pdftex.def)             Requested size: 19.23363pt x 13.46956pt.
[19]
\openout2 = `capitulo3.aux'.

 (capitulo3.tex
LaTeX Info: Redefining \. on input line 1.
LaTeX Info: Redefining \% on input line 1.


Package fancyhdr Warning: \headheight is too small (12.0pt): 
(fancyhdr)                Make it at least 13.07225pt, for example:
(fancyhdr)                \setlength{\headheight}{13.07225pt}.
(fancyhdr)                You might also make \topmargin smaller to compensate:

(fancyhdr)                \addtolength{\topmargin}{-1.07225pt}.

File: insta.png Graphic file (type png)
<use insta.png>
Package pdftex.def Info: insta.png  used on input line 1.
(pdftex.def)             Requested size: 19.23363pt x 13.46956pt.
[20




]
Cap\'{\i }tulo 3.
[21]

LaTeX Warning: Command \i invalid in math mode on input line 92.


LaTeX Warning: Command \i invalid in math mode on input line 92.


Underfull \hbox (badness 10000) in paragraph at lines 92--97

 []

LaTeX Info: Redefining \. on input line 99.
LaTeX Info: Redefining \% on input line 99.

Package fancyhdr Warning: \headheight is too small (12.0pt): 
(fancyhdr)                Make it at least 13.07225pt, for example:
(fancyhdr)                \setlength{\headheight}{13.07225pt}.
(fancyhdr)                You might also make \topmargin smaller to compensate:

(fancyhdr)                \addtolength{\topmargin}{-1.07225pt}.

File: insta.png Graphic file (type png)
<use insta.png>
Package pdftex.def Info: insta.png  used on input line 99.
(pdftex.def)             Requested size: 19.23363pt x 13.46956pt.
[22]
File: insta.png Graphic file (type png)
<use insta.png>
Package pdftex.def Info: insta.png  used on input line 148.
(pdftex.def)             Requested size: 19.23363pt x 13.46956pt.
 [23]
LaTeX Info: Redefining \. on input line 236.
LaTeX Info: Redefining \% on input line 236.


Package fancyhdr Warning: \headheight is too small (12.0pt): 
(fancyhdr)                Make it at least 13.07225pt, for example:
(fancyhdr)                \setlength{\headheight}{13.07225pt}.
(fancyhdr)                You might also make \topmargin smaller to compensate:

(fancyhdr)                \addtolength{\topmargin}{-1.07225pt}.

File: insta.png Graphic file (type png)
<use insta.png>
Package pdftex.def Info: insta.png  used on input line 236.
(pdftex.def)             Requested size: 19.23363pt x 13.46956pt.
[24]
File: insta.png Graphic file (type png)
<use insta.png>
Package pdftex.def Info: insta.png  used on input line 300.
(pdftex.def)             Requested size: 19.23363pt x 13.46956pt.
 [25]
Underfull \hbox (badness 10000) in paragraph at lines 365--369

 []

LaTeX Info: Redefining \. on input line 369.
LaTeX Info: Redefining \% on input line 369.

Package fancyhdr Warning: \headheight is too small (12.0pt): 
(fancyhdr)                Make it at least 13.07225pt, for example:
(fancyhdr)                \setlength{\headheight}{13.07225pt}.
(fancyhdr)                You might also make \topmargin smaller to compensate:

(fancyhdr)                \addtolength{\topmargin}{-1.07225pt}.

File: insta.png Graphic file (type png)
<use insta.png>
Package pdftex.def Info: insta.png  used on input line 369.
(pdftex.def)             Requested size: 19.23363pt x 13.46956pt.
[26])
File: insta.png Graphic file (type png)
<use insta.png>
Package pdftex.def Info: insta.png  used on input line 75.
(pdftex.def)             Requested size: 19.23363pt x 13.46956pt.
 [27] (main.aux (indice.aux)
LaTeX Info: Redefining \. on input line 13.
LaTeX Info: Redefining \% on input line 13.
 (capitulo1.aux) (capitulo2.aux)
(capitulo3.aux))
 ***********
LaTeX2e <2023-11-01> patch level 1
L3 programming layer <2024-01-04>
 ***********


LaTeX Warning: There were undefined references.


LaTeX Warning: Label(s) may have changed. Rerun to get cross-references right.


Package rerunfilecheck Warning: File `main.out' has changed.
(rerunfilecheck)                Rerun to get outlines right
(rerunfilecheck)                or use package `bookmark'.

Package rerunfilecheck Info: Checksums for `main.out':
(rerunfilecheck)             Before: <no file>
(rerunfilecheck)             After:  65B7FF406BF72DAD0E8318FFA84598D0;1601.
 ) 
Here is how much of TeX's memory you used:
 30075 strings out of 474486
 545856 string characters out of 5743755
 1954542 words of memory out of 5000000
 51629 multiletter control sequences out of 15000+600000
 566999 words of font info for 74 fonts, out of 8000000 for 9000
 1141 hyphenation exceptions out of 8191
 83i,18n,93p,3340b,699s stack positions out of 10000i,1000n,20000p,200000b,200000s
 <C:\Users\jorge\AppData\Local\MiKTeX\fonts/pk/ljfour/public/bbold/dpi600\bbo
ld7.pk> <C:\Users\jorge\AppData\Local\MiKTeX\fonts/pk/ljfour/public/bbold/dpi60
0\bbold10.pk><C:/Users/jorge/AppData/Local/Programs/MiKTeX/fonts/type1/public/a
msfonts/cm/cmbx10.pfb><C:/Users/jorge/AppData/Local/Programs/MiKTeX/fonts/type1
/public/amsfonts/cm/cmbx12.pfb><C:/Users/jorge/AppData/Local/Programs/MiKTeX/fo
nts/type1/public/amsfonts/cm/cmcsc10.pfb><C:/Users/jorge/AppData/Local/Programs
/MiKTeX/fonts/type1/public/amsfonts/cm/cmex10.pfb><C:/Users/jorge/AppData/Local
/Programs/MiKTeX/fonts/type1/public/amsfonts/cmextra/cmex7.pfb><C:/Users/jorge/
AppData/Local/Programs/MiKTeX/fonts/type1/public/amsfonts/cm/cmmi10.pfb><C:/Use
rs/jorge/AppData/Local/Programs/MiKTeX/fonts/type1/public/amsfonts/cm/cmmi5.pfb
><C:/Users/jorge/AppData/Local/Programs/MiKTeX/fonts/type1/public/amsfonts/cm/c
mmi7.pfb><C:/Users/jorge/AppData/Local/Programs/MiKTeX/fonts/type1/public/amsfo
nts/cm/cmr10.pfb><C:/Users/jorge/AppData/Local/Programs/MiKTeX/fonts/type1/publ
ic/amsfonts/cm/cmr12.pfb><C:/Users/jorge/AppData/Local/Programs/MiKTeX/fonts/ty
pe1/public/amsfonts/cm/cmr5.pfb><C:/Users/jorge/AppData/Local/Programs/MiKTeX/f
onts/type1/public/amsfonts/cm/cmr7.pfb><C:/Users/jorge/AppData/Local/Programs/M
iKTeX/fonts/type1/public/amsfonts/cm/cmsy10.pfb><C:/Users/jorge/AppData/Local/P
rograms/MiKTeX/fonts/type1/public/amsfonts/cm/cmsy5.pfb><C:/Users/jorge/AppData
/Local/Programs/MiKTeX/fonts/type1/public/amsfonts/cm/cmsy7.pfb><C:/Users/jorge
/AppData/Local/Programs/MiKTeX/fonts/type1/public/amsfonts/cm/cmti10.pfb><C:/Us
ers/jorge/AppData/Local/Programs/MiKTeX/fonts/type1/public/amsfonts/cm/cmti12.p
fb><C:/Users/jorge/AppData/Local/Programs/MiKTeX/fonts/type1/public/rsfs/rsfs10
.pfb>
Output written on main.pdf (31 pages, 403120 bytes).
PDF statistics:
 439 PDF objects out of 1000 (max. 8388607)
 186 named destinations out of 1000 (max. 500000)
 18 words of extra memory for PDF output out of 10000 (max. 10000000)

