\BOOKMARK [0][-]{chapter.0}{\376\377\000D\000i\000s\000t\000r\000i\000b\000u\000c\000i\000o\000n\000e\000s\000\040\000i\000m\000p\000o\000r\000t\000a\000n\000t\000e\000s}{}% 1
\BOOKMARK [1][-]{section.0.1}{\376\377\000D\000i\000s\000t\000r\000i\000b\000u\000c\000i\000o\000n\000e\000s\000\040\000d\000i\000s\000c\000r\000e\000t\000a\000s}{chapter.0}% 2
\BOOKMARK [2][-]{subsection.0.1.1}{\376\377\000D\000i\000s\000t\000r\000i\000b\000u\000c\000i\000\363\000n\000\040\000U\000n\000i\000f\000o\000r\000m\000e}{section.0.1}% 3
\BOOKMARK [2][-]{subsection.0.1.2}{\376\377\000D\000i\000s\000t\000r\000i\000b\000u\000c\000i\000\363\000n\000\040\000d\000e\000\040\000B\000e\000r\000n\000o\000u\000l\000l\000i}{section.0.1}% 4
\BOOKMARK [2][-]{subsection.0.1.3}{\376\377\000D\000i\000s\000t\000r\000i\000b\000u\000c\000i\000\363\000n\000\040\000B\000i\000n\000o\000m\000i\000a\000l}{section.0.1}% 5
\BOOKMARK [2][-]{subsection.0.1.4}{\376\377\000D\000i\000s\000t\000r\000i\000b\000u\000c\000i\000\363\000n\000\040\000G\000e\000o\000m\000\351\000t\000r\000i\000c\000a}{section.0.1}% 6
\BOOKMARK [2][-]{subsection.0.1.5}{\376\377\000D\000i\000s\000t\000r\000i\000b\000u\000c\000i\000\363\000n\000\040\000B\000i\000n\000o\000m\000i\000a\000l\000\040\000N\000e\000g\000a\000t\000i\000v\000a}{section.0.1}% 7
\BOOKMARK [2][-]{subsection.0.1.6}{\376\377\000D\000i\000s\000t\000r\000i\000b\000u\000c\000i\000\363\000n\000\040\000d\000e\000\040\000P\000o\000i\000s\000s\000o\000n}{section.0.1}% 8
\BOOKMARK [1][-]{section.0.2}{\376\377\000D\000i\000s\000t\000r\000i\000b\000u\000c\000i\000o\000n\000e\000s\000\040\000c\000o\000n\000t\000i\000n\000u\000a\000s}{chapter.0}% 9
\BOOKMARK [2][-]{subsection.0.2.1}{\376\377\000D\000i\000s\000t\000r\000i\000b\000u\000c\000i\000\363\000n\000\040\000u\000n\000i\000f\000o\000r\000m\000e}{section.0.2}% 10
\BOOKMARK [2][-]{subsection.0.2.2}{\376\377\000D\000i\000s\000t\000r\000i\000b\000u\000c\000i\000\363\000n\000\040\000E\000x\000p\000o\000n\000e\000n\000c\000i\000a\000l}{section.0.2}% 11
\BOOKMARK [2][-]{subsection.0.2.3}{\376\377\000D\000i\000s\000t\000r\000i\000b\000u\000c\000i\000\363\000n\000\040\000G\000a\000m\000m\000a}{section.0.2}% 12
\BOOKMARK [2][-]{subsection.0.2.4}{\376\377\000D\000i\000s\000t\000r\000i\000b\000u\000c\000i\000\363\000n\000\040\000\050\000n\000\051\0002}{section.0.2}% 13
\BOOKMARK [2][-]{subsection.0.2.5}{\376\377\000D\000i\000s\000t\000r\000i\000b\000u\000c\000i\000\363\000n\000\040\000B\000e\000t\000a}{section.0.2}% 14
\BOOKMARK [2][-]{subsection.0.2.6}{\376\377\000D\000i\000s\000t\000r\000i\000b\000u\000c\000i\000\363\000n\000\040\000N\000o\000r\000m\000a\000l}{section.0.2}% 15
\BOOKMARK [1][-]{section.0.3}{\376\377\000C\000a\000m\000b\000i\000o\000\040\000d\000e\000\040\000v\000a\000r\000i\000a\000b\000l\000e\000s}{chapter.0}% 16
\BOOKMARK [1][-]{section.0.4}{\376\377\000V\000e\000c\000t\000o\000r\000e\000s\000\040\000a\000l\000e\000a\000t\000o\000r\000i\000o\000s}{chapter.0}% 17
\BOOKMARK [2][-]{subsection.0.4.1}{\376\377\000F\000u\000n\000c\000i\000\363\000n\000\040\000d\000e\000\040\000d\000i\000s\000t\000r\000i\000b\000u\000c\000i\000\363\000n\000\040\000c\000o\000n\000j\000u\000n\000t\000a}{section.0.4}% 18
\BOOKMARK [2][-]{subsection.0.4.2}{\376\377\000D\000i\000s\000t\000r\000i\000b\000u\000c\000i\000\363\000n\000\040\000d\000e\000l\000\040\000m\000\341\000x\000i\000m\000o\000\040\000y\000\040\000d\000e\000l\000\040\000m\000\355\000n\000i\000m\000o}{section.0.4}% 19
\BOOKMARK [0][-]{chapter.1}{\376\377\000I\000n\000t\000r\000o\000d\000u\000c\000c\000i\000\363\000n\000\040\000a\000\040\000l\000a\000\040\000I\000n\000f\000e\000r\000e\000n\000c\000i\000a}{}% 20
\BOOKMARK [1][-]{section.1.1}{\376\377\000T\000i\000p\000o\000s\000\040\000d\000e\000\040\000i\000n\000f\000e\000r\000e\000n\000c\000i\000a}{chapter.1}% 21
\BOOKMARK [1][-]{section.1.2}{\376\377\000E\000l\000e\000m\000e\000n\000t\000o\000s\000\040\000d\000e\000\040\000l\000a\000\040\000I\000n\000f\000e\000r\000e\000n\000c\000i\000a\000\040\000E\000s\000t\000a\000d\000\355\000s\000t\000i\000c\000a}{chapter.1}% 22
\BOOKMARK [1][-]{section.1.3}{\376\377\000M\000u\000e\000s\000t\000r\000e\000o\000\040\000a\000l\000e\000a\000t\000o\000r\000i\000o}{chapter.1}% 23
\BOOKMARK [2][-]{subsection.1.3.1}{\376\377\000M\000u\000e\000s\000t\000r\000e\000o\000\040\000p\000r\000o\000b\000a\000b\000i\000l\000\355\000s\000t\000i\000c\000o}{section.1.3}% 24
\BOOKMARK [2][-]{subsection.1.3.2}{\376\377\000M\000u\000e\000s\000t\000r\000e\000o\000\040\000n\000o\000\040\000p\000r\000o\000b\000a\000b\000i\000l\000\355\000s\000t\000i\000c\000o}{section.1.3}% 25
\BOOKMARK [1][-]{section.1.4}{\376\377\000M\000u\000e\000s\000t\000r\000a\000\040\000a\000l\000e\000a\000t\000o\000r\000i\000a\000\040\000s\000i\000m\000p\000l\000e}{chapter.1}% 26
\BOOKMARK [1][-]{section.1.5}{\376\377\000C\000o\000n\000c\000e\000p\000t\000o\000\040\000d\000e\000\040\000e\000s\000t\000a\000d\000\355\000s\000t\000i\000c\000o\000\040\000y\000\040\000s\000u\000\040\000d\000i\000s\000t\000r\000i\000b\000u\000c\000i\000\363\000n\000\040\000e\000n\000\040\000e\000l\000\040\000m\000u\000e\000s\000t\000r\000e\000o}{chapter.1}% 27
\BOOKMARK [2][-]{subsection.1.5.1}{\376\377\000E\000s\000t\000a\000d\000\355\000s\000t\000i\000c\000o\000s\000\040\000m\000\341\000s\000\040\000u\000t\000i\000l\000i\000z\000a\000d\000o\000s}{section.1.5}% 28
\BOOKMARK [2][-]{subsection.1.5.2}{\376\377\000F\000u\000n\000c\000i\000\363\000n\000\040\000d\000e\000\040\000d\000i\000s\000t\000r\000i\000b\000u\000c\000i\000\363\000n\000\040\000m\000u\000e\000s\000t\000r\000a\000l}{section.1.5}% 29
\BOOKMARK [2][-]{subsection.1.5.3}{\376\377\000M\000o\000m\000e\000n\000t\000o\000s\000\040\000c\000e\000n\000t\000r\000a\000l\000e\000s\000\040\000y\000\040\000n\000o\000\040\000c\000e\000n\000t\000r\000a\000l\000e\000s}{section.1.5}% 30
\BOOKMARK [0][-]{chapter.2}{\376\377\000D\000i\000s\000t\000r\000i\000b\000u\000c\000i\000\363\000n\000\040\000N\000o\000r\000m\000a\000l\000.\000\040\000D\000i\000s\000t\000r\000i\000b\000u\000c\000i\000o\000n\000e\000s\000\040\000a\000s\000o\000c\000i\000a\000d\000a\000s\000\040\000a\000l\000\040\000m\000u\000e\000s\000t\000r\000e\000o\000\040\000d\000e\000\040\000p\000o\000b\000l\000a\000c\000i\000o\000n\000e\000s\000\040\000n\000o\000r\000m\000a\000l\000e\000s}{}% 31
\BOOKMARK [1][-]{section.2.1}{\376\377\000D\000i\000s\000t\000r\000i\000b\000u\000c\000i\000\363\000n\000\040\000N\000o\000r\000m\000a\000l\000\040\000B\000i\000v\000a\000r\000i\000a\000n\000t\000e}{chapter.2}% 32
\BOOKMARK [1][-]{section.2.2}{\376\377\000D\000i\000s\000t\000r\000i\000b\000u\000c\000i\000\363\000n\000\040\000\050\000n\000\051\0002}{chapter.2}% 33
\BOOKMARK [1][-]{section.2.3}{\376\377\000D\000i\000s\000t\000r\000i\000b\000u\000c\000i\000\363\000n\000\040\000t\000-\000S\000t\000u\000d\000e\000n\000t}{chapter.2}% 34
\BOOKMARK [1][-]{section.2.4}{\376\377\000D\000i\000s\000t\000r\000i\000b\000u\000c\000i\000\363\000n\000\040\000F\000-\000S\000n\000e\000d\000e\000c\000o\000r}{chapter.2}% 35
\BOOKMARK [0][-]{chapter.3}{\376\377\000E\000s\000t\000i\000m\000a\000c\000i\000\363\000n\000\040\000p\000u\000n\000t\000u\000a\000l\000\040\000p\000a\000r\000a\000m\000\351\000t\000r\000i\000c\000a}{}% 36
\BOOKMARK [1][-]{section.3.1}{\376\377\000E\000s\000t\000a\000d\000\355\000s\000t\000i\000c\000o\000s\000\040\000y\000\040\000e\000s\000t\000i\000m\000a\000d\000o\000r\000e\000s\000.\000\040\000M\000\351\000t\000o\000d\000o\000s\000\040\000p\000a\000r\000a\000\040\000l\000a\000\040\000c\000o\000n\000s\000t\000r\000u\000c\000c\000i\000\363\000n\000\040\000d\000e\000\040\000e\000s\000t\000i\000m\000a\000d\000o\000r\000e\000s}{chapter.3}% 37
\BOOKMARK [2][-]{subsection.3.1.1}{\376\377\000M\000\351\000t\000o\000d\000o\000\040\000d\000e\000\040\000l\000o\000s\000\040\000m\000o\000m\000e\000n\000t\000o\000s}{section.3.1}% 38
\BOOKMARK [2][-]{subsection.3.1.2}{\376\377\000M\000\351\000t\000o\000d\000o\000\040\000d\000e\000\040\000l\000a\000\040\000m\000\341\000x\000i\000m\000a\000\040\000v\000e\000r\000o\000s\000i\000m\000i\000l\000i\000t\000u\000d}{section.3.1}% 39
\BOOKMARK [1][-]{section.3.2}{\376\377\000P\000r\000o\000p\000i\000e\000d\000a\000d\000e\000s\000\040\000d\000e\000\040\000l\000o\000s\000\040\000e\000s\000t\000i\000m\000a\000d\000o\000r\000e\000s}{chapter.3}% 40
\BOOKMARK [2][-]{subsection.3.2.1}{\376\377\000E\000s\000t\000i\000m\000a\000d\000o\000r\000e\000s\000\040\000i\000n\000s\000e\000s\000g\000a\000d\000o\000s\000\040\000o\000\040\000c\000e\000n\000t\000r\000a\000d\000o\000s}{section.3.2}% 41
\BOOKMARK [2][-]{subsection.3.2.2}{\376\377\000E\000s\000t\000i\000m\000a\000d\000o\000r\000e\000s\000\040\000c\000o\000n\000s\000i\000s\000t\000e\000n\000t\000e\000s}{section.3.2}% 42
\BOOKMARK [1][-]{section.3.3}{\376\377\000E\000s\000t\000a\000d\000\355\000s\000t\000i\000c\000o\000s\000\040\000s\000u\000f\000i\000c\000i\000e\000n\000t\000e\000s}{chapter.3}% 43
\BOOKMARK [2][-]{subsection.3.3.1}{\376\377\000E\000l\000\040\000p\000r\000i\000n\000c\000i\000p\000i\000o\000\040\000d\000e\000\040\000s\000u\000f\000i\000c\000i\000e\000n\000c\000i\000a}{section.3.3}% 44
\BOOKMARK [2][-]{subsection.3.3.2}{\376\377\000F\000a\000m\000i\000l\000i\000a\000\040\000e\000x\000p\000o\000n\000e\000n\000c\000i\000a\000l\000\040\000u\000n\000i\000p\000a\000r\000a\000m\000\351\000t\000r\000i\000c\000a}{section.3.3}% 45
\BOOKMARK [2][-]{subsection.3.3.3}{\376\377\000F\000a\000m\000i\000l\000i\000a\000\040\000e\000x\000p\000o\000n\000e\000n\000c\000i\000a\000l\000\040\000k\000-\000p\000a\000r\000a\000m\000\351\000t\000r\000i\000c\000a}{section.3.3}% 46
\BOOKMARK [1][-]{section.3.4}{\376\377\000E\000s\000t\000i\000m\000a\000d\000o\000r\000e\000s\000\040\000i\000n\000s\000e\000s\000g\000a\000d\000o\000s\000\040\000y\000\040\000d\000e\000\040\000m\000\355\000n\000i\000m\000a\000\040\000v\000a\000r\000i\000a\000n\000z\000a}{chapter.3}% 47
\BOOKMARK [2][-]{subsection.3.4.1}{\376\377\000T\000e\000o\000r\000e\000m\000a\000\040\000d\000e\000\040\000C\000r\000a\000m\000e\000r\000-\000R\000a\000o\000.\000\040\000I\000n\000f\000o\000r\000m\000a\000c\000i\000\363\000n\000\040\000d\000e\000\040\000F\000i\000s\000h\000e\000r}{section.3.4}% 48
\BOOKMARK [2][-]{subsection.3.4.2}{\376\377\000T\000e\000o\000r\000e\000m\000a\000\040\000d\000e\000\040\000R\000a\000o\000-\000B\000l\000a\000c\000k\000w\000e\000l\000l\000.\000\040\000T\000e\000o\000r\000e\000m\000a\000\040\000d\000e\000\040\000L\000e\000h\000m\000a\000n\000n\000-\000S\000c\000h\000e\000f\000f\000\351}{section.3.4}% 49
\BOOKMARK [0][-]{chapter.4}{\376\377\000I\000n\000t\000e\000r\000v\000a\000l\000o\000s\000\040\000d\000e\000\040\000c\000o\000n\000f\000i\000a\000n\000z\000a}{}% 50
\BOOKMARK [1][-]{section.4.1}{\376\377\000I\000n\000t\000e\000r\000v\000a\000l\000o\000s\000\040\000d\000e\000\040\000c\000o\000n\000f\000i\000a\000n\000z\000a}{chapter.4}% 51
\BOOKMARK [2][-]{subsection.4.1.1}{\376\377\000D\000e\000f\000i\000n\000i\000c\000i\000\363\000n\000\040\000d\000e\000\040\000i\000n\000t\000e\000r\000v\000a\000l\000o\000\040\000d\000e\000\040\000c\000o\000n\000f\000i\000a\000n\000z\000a}{section.4.1}% 52
\BOOKMARK [2][-]{subsection.4.1.2}{\376\377\000M\000\351\000t\000o\000d\000o\000\040\000d\000e\000l\000\040\000p\000i\000v\000o\000t\000e}{section.4.1}% 53
\BOOKMARK [1][-]{section.4.2}{\376\377\000D\000e\000t\000e\000r\000m\000i\000n\000a\000c\000i\000\363\000n\000\040\000d\000e\000l\000\040\000t\000a\000m\000a\000\361\000o\000\040\000m\000u\000e\000s\000t\000r\000a\000l}{chapter.4}% 54
\BOOKMARK [0][-]{chapter.5}{\376\377\000C\000o\000n\000s\000t\000r\000a\000s\000t\000e\000s\000\040\000d\000e\000\040\000h\000i\000p\000\363\000t\000e\000s\000i\000s}{}% 55
\BOOKMARK [1][-]{section.5.1}{\376\377\000H\000i\000p\000\363\000t\000e\000s\000i\000s\000\040\000e\000s\000t\000a\000d\000\355\000s\000t\000i\000c\000a}{chapter.5}% 56
\BOOKMARK [1][-]{section.5.2}{\376\377\000C\000r\000i\000t\000e\000r\000i\000o\000\040\000d\000e\000\040\000e\000l\000e\000c\000c\000i\000\363\000n\000\040\000d\000e\000l\000\040\000t\000e\000s\000t\000\040\000m\000\341\000s\000\040\000p\000o\000t\000e\000n\000t\000e}{chapter.5}% 57
